<?xml version="1.0" encoding="UTF-8"?>
<coverage generated="1541044558799" clover="3.2.0">
  <project timestamp="1541044558799" name="All files">
    <metrics statements="219" coveredstatements="138" conditionals="72" coveredconditionals="36" methods="69" coveredmethods="45" elements="360" coveredelements="219" complexity="0" loc="219" ncloc="219" packages="5" files="7" classes="7">
      <package name="logger">
        <metrics statements="24" coveredstatements="15" conditionals="4" coveredconditionals="1" methods="5" coveredmethods="3"/>
        <file name="index.js" path="/Users/gaurangdave/workspace/aarnam-helper-scripts/logger/index.js">
          <metrics statements="24" coveredstatements="15" conditionals="4" coveredconditionals="1" methods="5" coveredmethods="3"/>
          <line num="1" count="1" type="stmt"/>
          <line num="3" count="1" type="stmt"/>
          <line num="4" count="8" type="cond" truecount="1" falsecount="1"/>
          <line num="5" count="8" type="stmt"/>
          <line num="11" count="0" type="cond" truecount="0" falsecount="2"/>
          <line num="12" count="0" type="stmt"/>
          <line num="18" count="0" type="stmt"/>
          <line num="24" count="1" type="stmt"/>
          <line num="28" count="0" type="stmt"/>
          <line num="29" count="0" type="stmt"/>
          <line num="30" count="0" type="stmt"/>
          <line num="33" count="1" type="stmt"/>
          <line num="37" count="0" type="stmt"/>
          <line num="38" count="0" type="stmt"/>
          <line num="39" count="0" type="stmt"/>
          <line num="42" count="1" type="stmt"/>
          <line num="46" count="3" type="stmt"/>
          <line num="47" count="3" type="stmt"/>
          <line num="48" count="3" type="stmt"/>
          <line num="51" count="1" type="stmt"/>
          <line num="55" count="5" type="stmt"/>
          <line num="56" count="5" type="stmt"/>
          <line num="57" count="5" type="stmt"/>
          <line num="60" count="1" type="stmt"/>
        </file>
      </package>
      <package name="minio">
        <metrics statements="144" coveredstatements="86" conditionals="44" coveredconditionals="26" methods="43" coveredmethods="30"/>
        <file name="MinioHelper.js" path="/Users/gaurangdave/workspace/aarnam-helper-scripts/minio/MinioHelper.js">
          <metrics statements="128" coveredstatements="74" conditionals="37" coveredconditionals="22" methods="42" coveredmethods="29"/>
          <line num="2" count="1" type="cond" truecount="3" falsecount="0"/>
          <line num="3" count="2" type="cond" truecount="2" falsecount="0"/>
          <line num="4" count="1" type="stmt"/>
          <line num="5" count="0" type="stmt"/>
          <line num="6" count="3" type="cond" truecount="2" falsecount="0"/>
          <line num="7" count="2" type="cond" truecount="2" falsecount="0"/>
          <line num="10" count="1" type="stmt"/>
          <line num="11" count="1" type="stmt"/>
          <line num="12" count="1" type="stmt"/>
          <line num="13" count="1" type="stmt"/>
          <line num="14" count="1" type="stmt"/>
          <line num="15" count="1" type="stmt"/>
          <line num="16" count="1" type="stmt"/>
          <line num="17" count="1" type="stmt"/>
          <line num="18" count="1" type="stmt"/>
          <line num="19" count="1" type="stmt"/>
          <line num="30" count="6" type="stmt"/>
          <line num="31" count="6" type="stmt"/>
          <line num="32" count="6" type="stmt"/>
          <line num="38" count="6" type="stmt"/>
          <line num="47" count="1" type="stmt"/>
          <line num="56" count="1" type="stmt"/>
          <line num="57" count="1" type="cond" truecount="1" falsecount="1"/>
          <line num="58" count="0" type="stmt"/>
          <line num="59" count="0" type="stmt"/>
          <line num="60" count="0" type="stmt"/>
          <line num="62" count="1" type="stmt"/>
          <line num="63" count="1" type="stmt"/>
          <line num="64" count="1" type="stmt"/>
          <line num="65" count="1" type="stmt"/>
          <line num="67" count="0" type="stmt"/>
          <line num="68" count="0" type="stmt"/>
          <line num="69" count="0" type="stmt"/>
          <line num="82" count="1" type="stmt"/>
          <line num="84" count="1" type="cond" truecount="1" falsecount="1"/>
          <line num="85" count="0" type="stmt"/>
          <line num="86" count="0" type="stmt"/>
          <line num="87" count="0" type="stmt"/>
          <line num="89" count="1" type="stmt"/>
          <line num="90" count="1" type="stmt"/>
          <line num="91" count="1" type="stmt"/>
          <line num="92" count="1" type="cond" truecount="1" falsecount="1"/>
          <line num="93" count="0" type="stmt"/>
          <line num="94" count="0" type="stmt"/>
          <line num="95" count="0" type="stmt"/>
          <line num="97" count="1" type="stmt"/>
          <line num="98" count="1" type="cond" truecount="1" falsecount="1"/>
          <line num="99" count="0" type="stmt"/>
          <line num="100" count="0" type="stmt"/>
          <line num="101" count="0" type="stmt"/>
          <line num="103" count="1" type="cond" truecount="1" falsecount="1"/>
          <line num="104" count="1" type="stmt"/>
          <line num="105" count="1" type="stmt"/>
          <line num="106" count="1" type="stmt"/>
          <line num="120" count="1" type="stmt"/>
          <line num="123" count="1" type="stmt"/>
          <line num="124" count="1" type="cond" truecount="1" falsecount="1"/>
          <line num="125" count="0" type="stmt"/>
          <line num="126" count="0" type="stmt"/>
          <line num="127" count="0" type="stmt"/>
          <line num="129" count="1" type="cond" truecount="1" falsecount="1"/>
          <line num="130" count="1" type="stmt"/>
          <line num="131" count="1" type="cond" truecount="1" falsecount="1"/>
          <line num="132" count="0" type="stmt"/>
          <line num="135" count="0" type="stmt"/>
          <line num="136" count="0" type="stmt"/>
          <line num="139" count="1" type="stmt"/>
          <line num="142" count="1" type="stmt"/>
          <line num="143" count="1" type="stmt"/>
          <line num="148" count="0" type="stmt"/>
          <line num="149" count="0" type="stmt"/>
          <line num="150" count="0" type="stmt"/>
          <line num="164" count="0" type="stmt"/>
          <line num="174" count="1" type="stmt"/>
          <line num="175" count="1" type="cond" truecount="1" falsecount="1"/>
          <line num="176" count="0" type="stmt"/>
          <line num="177" count="0" type="stmt"/>
          <line num="178" count="0" type="stmt"/>
          <line num="180" count="1" type="stmt"/>
          <line num="181" count="1" type="stmt"/>
          <line num="184" count="0" type="stmt"/>
          <line num="186" count="1" type="stmt"/>
          <line num="187" count="1" type="cond" truecount="1" falsecount="1"/>
          <line num="188" count="0" type="stmt"/>
          <line num="189" count="0" type="stmt"/>
          <line num="190" count="0" type="stmt"/>
          <line num="193" count="1" type="stmt"/>
          <line num="194" count="1" type="stmt"/>
          <line num="195" count="1" type="stmt"/>
          <line num="208" count="0" type="stmt"/>
          <line num="218" count="1" type="stmt"/>
          <line num="219" count="1" type="cond" truecount="1" falsecount="1"/>
          <line num="220" count="0" type="stmt"/>
          <line num="221" count="0" type="stmt"/>
          <line num="222" count="0" type="stmt"/>
          <line num="224" count="1" type="stmt"/>
          <line num="225" count="1" type="stmt"/>
          <line num="226" count="1" type="cond" truecount="1" falsecount="1"/>
          <line num="228" count="1" type="stmt"/>
          <line num="229" count="1" type="stmt"/>
          <line num="230" count="1" type="stmt"/>
          <line num="232" count="0" type="stmt"/>
          <line num="233" count="0" type="stmt"/>
          <line num="235" count="0" type="stmt"/>
          <line num="236" count="0" type="cond" truecount="0" falsecount="2"/>
          <line num="237" count="0" type="stmt"/>
          <line num="240" count="0" type="stmt"/>
          <line num="241" count="0" type="stmt"/>
          <line num="243" count="0" type="stmt"/>
          <line num="244" count="0" type="stmt"/>
          <line num="245" count="0" type="stmt"/>
          <line num="248" count="0" type="stmt"/>
          <line num="260" count="1" type="stmt"/>
          <line num="261" count="1" type="cond" truecount="1" falsecount="1"/>
          <line num="262" count="0" type="stmt"/>
          <line num="263" count="0" type="stmt"/>
          <line num="264" count="0" type="stmt"/>
          <line num="266" count="1" type="stmt"/>
          <line num="267" count="1" type="stmt"/>
          <line num="268" count="1" type="stmt"/>
          <line num="269" count="0" type="stmt"/>
          <line num="271" count="1" type="stmt"/>
          <line num="272" count="0" type="stmt"/>
          <line num="274" count="1" type="stmt"/>
          <line num="275" count="1" type="stmt"/>
          <line num="276" count="1" type="stmt"/>
          <line num="288" count="0" type="stmt"/>
          <line num="291" count="1" type="stmt"/>
        </file>
        <file name="index.js" path="/Users/gaurangdave/workspace/aarnam-helper-scripts/minio/index.js">
          <metrics statements="16" coveredstatements="12" conditionals="7" coveredconditionals="4" methods="1" coveredmethods="1"/>
          <line num="2" count="1" type="stmt"/>
          <line num="3" count="1" type="stmt"/>
          <line num="4" count="1" type="stmt"/>
          <line num="9" count="1" type="cond" truecount="0" falsecount="1"/>
          <line num="10" count="9" type="stmt"/>
          <line num="11" count="9" type="cond" truecount="2" falsecount="0"/>
          <line num="12" count="3" type="stmt"/>
          <line num="13" count="3" type="stmt"/>
          <line num="15" count="6" type="cond" truecount="1" falsecount="1"/>
          <line num="16" count="0" type="stmt"/>
          <line num="17" count="0" type="stmt"/>
          <line num="19" count="6" type="cond" truecount="1" falsecount="1"/>
          <line num="20" count="0" type="stmt"/>
          <line num="21" count="0" type="stmt"/>
          <line num="23" count="6" type="stmt"/>
          <line num="25" count="1" type="stmt"/>
        </file>
      </package>
      <package name="serviceResponse">
        <metrics statements="17" coveredstatements="9" conditionals="13" coveredconditionals="1" methods="12" coveredmethods="4"/>
        <file name="ServiceResponse.js" path="/Users/gaurangdave/workspace/aarnam-helper-scripts/serviceResponse/ServiceResponse.js">
          <metrics statements="17" coveredstatements="9" conditionals="13" coveredconditionals="1" methods="12" coveredmethods="4"/>
          <line num="2" count="1" type="stmt"/>
          <line num="5" count="6" type="stmt"/>
          <line num="6" count="6" type="stmt"/>
          <line num="7" count="6" type="stmt"/>
          <line num="8" count="6" type="stmt"/>
          <line num="11" count="0" type="stmt"/>
          <line num="14" count="6" type="stmt"/>
          <line num="17" count="0" type="stmt"/>
          <line num="24" count="0" type="stmt"/>
          <line num="31" count="5" type="stmt"/>
          <line num="38" count="0" type="stmt"/>
          <line num="45" count="1" type="stmt"/>
          <line num="52" count="0" type="stmt"/>
          <line num="59" count="0" type="stmt"/>
          <line num="66" count="0" type="stmt"/>
          <line num="73" count="0" type="stmt"/>
          <line num="76" count="1" type="stmt"/>
        </file>
      </package>
      <package name="tests.helper">
        <metrics statements="26" coveredstatements="21" conditionals="4" coveredconditionals="2" methods="7" coveredmethods="6"/>
        <file name="index.js" path="/Users/gaurangdave/workspace/aarnam-helper-scripts/tests/helper/index.js">
          <metrics statements="26" coveredstatements="21" conditionals="4" coveredconditionals="2" methods="7" coveredmethods="6"/>
          <line num="1" count="1" type="stmt"/>
          <line num="6" count="1" type="stmt"/>
          <line num="7" count="1" type="stmt"/>
          <line num="10" count="1" type="stmt"/>
          <line num="17" count="1" type="stmt"/>
          <line num="18" count="2" type="stmt"/>
          <line num="19" count="2" type="stmt"/>
          <line num="21" count="0" type="stmt"/>
          <line num="25" count="1" type="stmt"/>
          <line num="27" count="1" type="stmt"/>
          <line num="28" count="1" type="stmt"/>
          <line num="29" count="1" type="stmt"/>
          <line num="31" count="0" type="stmt"/>
          <line num="35" count="1" type="stmt"/>
          <line num="36" count="3" type="stmt"/>
          <line num="37" count="3" type="stmt"/>
          <line num="39" count="1" type="cond" truecount="1" falsecount="1"/>
          <line num="41" count="0" type="stmt"/>
          <line num="46" count="1" type="stmt"/>
          <line num="47" count="2" type="stmt"/>
          <line num="48" count="2" type="stmt"/>
          <line num="49" count="2" type="cond" truecount="1" falsecount="1"/>
          <line num="50" count="0" type="stmt"/>
          <line num="51" count="0" type="stmt"/>
          <line num="53" count="2" type="stmt"/>
          <line num="58" count="1" type="stmt"/>
        </file>
      </package>
      <package name="validators">
        <metrics statements="8" coveredstatements="7" conditionals="7" coveredconditionals="6" methods="2" coveredmethods="2"/>
        <file name="array.validator.js" path="/Users/gaurangdave/workspace/aarnam-helper-scripts/validators/array.validator.js">
          <metrics statements="3" coveredstatements="3" conditionals="3" coveredconditionals="3" methods="1" coveredmethods="1"/>
          <line num="1" count="1" type="stmt"/>
          <line num="2" count="1" type="cond" truecount="3" falsecount="0"/>
          <line num="5" count="1" type="stmt"/>
        </file>
        <file name="string.validator.js" path="/Users/gaurangdave/workspace/aarnam-helper-scripts/validators/string.validator.js">
          <metrics statements="5" coveredstatements="4" conditionals="4" coveredconditionals="3" methods="1" coveredmethods="1"/>
          <line num="1" count="1" type="stmt"/>
          <line num="2" count="3" type="cond" truecount="3" falsecount="1"/>
          <line num="3" count="3" type="stmt"/>
          <line num="6" count="0" type="stmt"/>
          <line num="10" count="1" type="stmt"/>
        </file>
      </package>
    </metrics>
  </project>
</coverage>
