<?xml version="1.0" encoding="UTF-8"?>
<coverage generated="1541425478269" clover="3.2.0">
  <project timestamp="1541425478269" name="All files">
    <metrics statements="444" coveredstatements="286" conditionals="117" coveredconditionals="59" methods="117" coveredmethods="85" elements="678" coveredelements="430" complexity="0" loc="444" ncloc="444" packages="8" files="13" classes="13">
      <package name="constants">
        <metrics statements="3" coveredstatements="3" conditionals="0" coveredconditionals="0" methods="0" coveredmethods="0"/>
        <file name="google.ts" path="/Users/gaurangdave/workspace/aarnam-helper-scripts/constants/google.ts">
          <metrics statements="1" coveredstatements="1" conditionals="0" coveredconditionals="0" methods="0" coveredmethods="0"/>
          <line num="1" count="1" type="stmt"/>
        </file>
        <file name="minio.ts" path="/Users/gaurangdave/workspace/aarnam-helper-scripts/constants/minio.ts">
          <metrics statements="1" coveredstatements="1" conditionals="0" coveredconditionals="0" methods="0" coveredmethods="0"/>
          <line num="1" count="1" type="stmt"/>
        </file>
        <file name="service_response.ts" path="/Users/gaurangdave/workspace/aarnam-helper-scripts/constants/service_response.ts">
          <metrics statements="1" coveredstatements="1" conditionals="0" coveredconditionals="0" methods="0" coveredmethods="0"/>
          <line num="1" count="2" type="stmt"/>
        </file>
      </package>
      <package name="google.storage">
        <metrics statements="130" coveredstatements="82" conditionals="31" coveredconditionals="20" methods="32" coveredmethods="23"/>
        <file name="GoogleStorageHelper.ts" path="/Users/gaurangdave/workspace/aarnam-helper-scripts/google/storage/GoogleStorageHelper.ts">
          <metrics statements="117" coveredstatements="69" conditionals="27" coveredconditionals="16" methods="31" coveredmethods="22"/>
          <line num="2" count="1" type="stmt"/>
          <line num="3" count="1" type="stmt"/>
          <line num="5" count="1" type="stmt"/>
          <line num="6" count="1" type="stmt"/>
          <line num="7" count="1" type="stmt"/>
          <line num="8" count="1" type="stmt"/>
          <line num="10" count="1" type="stmt"/>
          <line num="11" count="1" type="stmt"/>
          <line num="14" count="1" type="stmt"/>
          <line num="16" count="7" type="stmt"/>
          <line num="19" count="7" type="stmt"/>
          <line num="33" count="1" type="stmt"/>
          <line num="38" count="1" type="stmt"/>
          <line num="40" count="1" type="cond" truecount="1" falsecount="1"/>
          <line num="41" count="0" type="stmt"/>
          <line num="45" count="0" type="stmt"/>
          <line num="48" count="0" type="stmt"/>
          <line num="51" count="1" type="stmt"/>
          <line num="52" count="1" type="stmt"/>
          <line num="53" count="1" type="stmt"/>
          <line num="55" count="0" type="stmt"/>
          <line num="58" count="1" type="cond" truecount="1" falsecount="1"/>
          <line num="59" count="0" type="stmt"/>
          <line num="64" count="0" type="stmt"/>
          <line num="67" count="0" type="stmt"/>
          <line num="70" count="1" type="stmt"/>
          <line num="71" count="1" type="stmt"/>
          <line num="72" count="1" type="cond" truecount="1" falsecount="1"/>
          <line num="73" count="0" type="stmt"/>
          <line num="78" count="0" type="stmt"/>
          <line num="81" count="0" type="stmt"/>
          <line num="84" count="1" type="cond" truecount="1" falsecount="1"/>
          <line num="85" count="0" type="stmt"/>
          <line num="88" count="0" type="stmt"/>
          <line num="91" count="1" type="stmt"/>
          <line num="95" count="1" type="stmt"/>
          <line num="98" count="1" type="stmt"/>
          <line num="109" count="1" type="stmt"/>
          <line num="110" count="1" type="stmt"/>
          <line num="112" count="1" type="cond" truecount="1" falsecount="1"/>
          <line num="113" count="0" type="stmt"/>
          <line num="118" count="0" type="stmt"/>
          <line num="124" count="0" type="stmt"/>
          <line num="127" count="1" type="stmt"/>
          <line num="132" count="1" type="stmt"/>
          <line num="137" count="1" type="stmt"/>
          <line num="150" count="1" type="stmt"/>
          <line num="151" count="1" type="stmt"/>
          <line num="153" count="1" type="cond" truecount="1" falsecount="1"/>
          <line num="154" count="0" type="stmt"/>
          <line num="158" count="0" type="stmt"/>
          <line num="161" count="0" type="stmt"/>
          <line num="164" count="1" type="stmt"/>
          <line num="165" count="1" type="stmt"/>
          <line num="167" count="1" type="stmt"/>
          <line num="172" count="1" type="stmt"/>
          <line num="177" count="1" type="stmt"/>
          <line num="180" count="0" type="stmt"/>
          <line num="185" count="0" type="stmt"/>
          <line num="188" count="0" type="stmt"/>
          <line num="195" count="1" type="stmt"/>
          <line num="196" count="1" type="stmt"/>
          <line num="197" count="1" type="cond" truecount="1" falsecount="1"/>
          <line num="198" count="0" type="stmt"/>
          <line num="202" count="0" type="stmt"/>
          <line num="205" count="0" type="stmt"/>
          <line num="208" count="1" type="stmt"/>
          <line num="209" count="1" type="stmt"/>
          <line num="210" count="1" type="stmt"/>
          <line num="212" count="1" type="stmt"/>
          <line num="217" count="1" type="stmt"/>
          <line num="223" count="1" type="stmt"/>
          <line num="226" count="0" type="stmt"/>
          <line num="232" count="0" type="stmt"/>
          <line num="237" count="0" type="stmt"/>
          <line num="251" count="1" type="stmt"/>
          <line num="252" count="1" type="stmt"/>
          <line num="253" count="1" type="cond" truecount="1" falsecount="1"/>
          <line num="254" count="0" type="stmt"/>
          <line num="258" count="0" type="stmt"/>
          <line num="261" count="0" type="stmt"/>
          <line num="264" count="1" type="stmt"/>
          <line num="266" count="1" type="stmt"/>
          <line num="268" count="1" type="cond" truecount="1" falsecount="1"/>
          <line num="269" count="0" type="stmt"/>
          <line num="274" count="0" type="stmt"/>
          <line num="279" count="0" type="stmt"/>
          <line num="282" count="1" type="stmt"/>
          <line num="288" count="1" type="stmt"/>
          <line num="294" count="1" type="stmt"/>
          <line num="307" count="1" type="stmt"/>
          <line num="308" count="1" type="cond" truecount="1" falsecount="0"/>
          <line num="310" count="1" type="cond" truecount="3" falsecount="1"/>
          <line num="311" count="0" type="stmt"/>
          <line num="315" count="0" type="stmt"/>
          <line num="318" count="0" type="stmt"/>
          <line num="322" count="1" type="cond" truecount="1" falsecount="1"/>
          <line num="323" count="0" type="stmt"/>
          <line num="328" count="0" type="stmt"/>
          <line num="331" count="0" type="stmt"/>
          <line num="334" count="1" type="stmt"/>
          <line num="340" count="1" type="stmt"/>
          <line num="341" count="1" type="stmt"/>
          <line num="342" count="1" type="stmt"/>
          <line num="343" count="1" type="stmt"/>
          <line num="346" count="0" type="stmt"/>
          <line num="352" count="0" type="stmt"/>
          <line num="355" count="0" type="stmt"/>
          <line num="358" count="1" type="stmt"/>
          <line num="362" count="1" type="stmt"/>
          <line num="365" count="1" type="stmt"/>
          <line num="371" count="0" type="stmt"/>
          <line num="372" count="0" type="stmt"/>
          <line num="377" count="0" type="stmt"/>
          <line num="378" count="0" type="stmt"/>
          <line num="383" count="0" type="stmt"/>
          <line num="384" count="0" type="stmt"/>
        </file>
        <file name="index.ts" path="/Users/gaurangdave/workspace/aarnam-helper-scripts/google/storage/index.ts">
          <metrics statements="13" coveredstatements="13" conditionals="4" coveredconditionals="4" methods="1" coveredmethods="1"/>
          <line num="1" count="1" type="stmt"/>
          <line num="4" count="1" type="stmt"/>
          <line num="5" count="1" type="stmt"/>
          <line num="11" count="1" type="stmt"/>
          <line num="14" count="10" type="stmt"/>
          <line num="16" count="10" type="cond" truecount="2" falsecount="0"/>
          <line num="17" count="2" type="stmt"/>
          <line num="20" count="2" type="stmt"/>
          <line num="23" count="8" type="cond" truecount="2" falsecount="0"/>
          <line num="24" count="1" type="stmt"/>
          <line num="27" count="1" type="stmt"/>
          <line num="30" count="7" type="stmt"/>
          <line num="38" count="1" type="stmt"/>
        </file>
      </package>
      <package name="logger">
        <metrics statements="24" coveredstatements="15" conditionals="4" coveredconditionals="1" methods="5" coveredmethods="3"/>
        <file name="index.ts" path="/Users/gaurangdave/workspace/aarnam-helper-scripts/logger/index.ts">
          <metrics statements="24" coveredstatements="15" conditionals="4" coveredconditionals="1" methods="5" coveredmethods="3"/>
          <line num="1" count="2" type="stmt"/>
          <line num="3" count="2" type="stmt"/>
          <line num="7" count="19" type="cond" truecount="1" falsecount="1"/>
          <line num="8" count="19" type="stmt"/>
          <line num="14" count="0" type="cond" truecount="0" falsecount="2"/>
          <line num="15" count="0" type="stmt"/>
          <line num="21" count="0" type="stmt"/>
          <line num="27" count="2" type="stmt"/>
          <line num="28" count="0" type="stmt"/>
          <line num="29" count="0" type="stmt"/>
          <line num="30" count="0" type="stmt"/>
          <line num="33" count="2" type="stmt"/>
          <line num="34" count="0" type="stmt"/>
          <line num="35" count="0" type="stmt"/>
          <line num="36" count="0" type="stmt"/>
          <line num="39" count="2" type="stmt"/>
          <line num="40" count="6" type="stmt"/>
          <line num="41" count="6" type="stmt"/>
          <line num="42" count="6" type="stmt"/>
          <line num="45" count="2" type="stmt"/>
          <line num="46" count="13" type="stmt"/>
          <line num="47" count="13" type="stmt"/>
          <line num="48" count="13" type="stmt"/>
          <line num="51" count="2" type="stmt"/>
        </file>
      </package>
      <package name="minio">
        <metrics statements="184" coveredstatements="102" conditionals="50" coveredconditionals="25" methods="42" coveredmethods="30"/>
        <file name="MinioHelper.ts" path="/Users/gaurangdave/workspace/aarnam-helper-scripts/minio/MinioHelper.ts">
          <metrics statements="168" coveredstatements="90" conditionals="44" coveredconditionals="21" methods="41" coveredmethods="29"/>
          <line num="4" count="1" type="stmt"/>
          <line num="5" count="1" type="stmt"/>
          <line num="6" count="1" type="stmt"/>
          <line num="7" count="1" type="stmt"/>
          <line num="8" count="1" type="stmt"/>
          <line num="9" count="1" type="stmt"/>
          <line num="10" count="1" type="stmt"/>
          <line num="11" count="1" type="stmt"/>
          <line num="12" count="1" type="stmt"/>
          <line num="15" count="1" type="stmt"/>
          <line num="16" count="6" type="stmt"/>
          <line num="17" count="6" type="stmt"/>
          <line num="28" count="6" type="stmt"/>
          <line num="35" count="6" type="stmt"/>
          <line num="45" count="1" type="stmt"/>
          <line num="55" count="1" type="stmt"/>
          <line num="56" count="1" type="stmt"/>
          <line num="57" count="1" type="cond" truecount="1" falsecount="1"/>
          <line num="58" count="0" type="stmt"/>
          <line num="62" count="0" type="stmt"/>
          <line num="65" count="0" type="stmt"/>
          <line num="69" count="1" type="stmt"/>
          <line num="72" count="1" type="cond" truecount="1" falsecount="1"/>
          <line num="73" count="0" type="stmt"/>
          <line num="78" count="0" type="stmt"/>
          <line num="83" count="0" type="stmt"/>
          <line num="86" count="1" type="cond" truecount="1" falsecount="1"/>
          <line num="87" count="1" type="stmt"/>
          <line num="91" count="1" type="cond" truecount="1" falsecount="1"/>
          <line num="92" count="0" type="stmt"/>
          <line num="99" count="0" type="stmt"/>
          <line num="104" count="0" type="stmt"/>
          <line num="106" count="1" type="stmt"/>
          <line num="112" count="1" type="stmt"/>
          <line num="117" count="1" type="stmt"/>
          <line num="122" count="0" type="stmt"/>
          <line num="126" count="0" type="stmt"/>
          <line num="131" count="0" type="stmt"/>
          <line num="145" count="1" type="stmt"/>
          <line num="146" count="1" type="cond" truecount="1" falsecount="1"/>
          <line num="147" count="0" type="stmt"/>
          <line num="150" count="0" type="stmt"/>
          <line num="153" count="0" type="stmt"/>
          <line num="156" count="1" type="stmt"/>
          <line num="158" count="1" type="stmt"/>
          <line num="163" count="1" type="stmt"/>
          <line num="168" count="1" type="stmt"/>
          <line num="171" count="0" type="stmt"/>
          <line num="176" count="0" type="stmt"/>
          <line num="182" count="0" type="stmt"/>
          <line num="195" count="1" type="stmt"/>
          <line num="196" count="1" type="stmt"/>
          <line num="198" count="1" type="cond" truecount="1" falsecount="1"/>
          <line num="199" count="0" type="stmt"/>
          <line num="203" count="0" type="stmt"/>
          <line num="206" count="0" type="stmt"/>
          <line num="209" count="1" type="stmt"/>
          <line num="210" count="1" type="stmt"/>
          <line num="212" count="0" type="stmt"/>
          <line num="215" count="1" type="stmt"/>
          <line num="218" count="1" type="cond" truecount="1" falsecount="1"/>
          <line num="219" count="0" type="stmt"/>
          <line num="224" count="0" type="stmt"/>
          <line num="229" count="0" type="stmt"/>
          <line num="232" count="1" type="stmt"/>
          <line num="236" count="1" type="stmt"/>
          <line num="241" count="1" type="stmt"/>
          <line num="254" count="1" type="stmt"/>
          <line num="255" count="1" type="stmt"/>
          <line num="257" count="1" type="cond" truecount="1" falsecount="1"/>
          <line num="258" count="0" type="stmt"/>
          <line num="262" count="0" type="stmt"/>
          <line num="265" count="0" type="stmt"/>
          <line num="267" count="1" type="stmt"/>
          <line num="269" count="1" type="stmt"/>
          <line num="271" count="1" type="cond" truecount="1" falsecount="1"/>
          <line num="273" count="1" type="stmt"/>
          <line num="278" count="1" type="stmt"/>
          <line num="284" count="1" type="stmt"/>
          <line num="287" count="0" type="stmt"/>
          <line num="288" count="0" type="stmt"/>
          <line num="291" count="0" type="stmt"/>
          <line num="295" count="0" type="cond" truecount="0" falsecount="2"/>
          <line num="296" count="0" type="stmt"/>
          <line num="304" count="0" type="stmt"/>
          <line num="311" count="0" type="stmt"/>
          <line num="314" count="0" type="stmt"/>
          <line num="319" count="0" type="stmt"/>
          <line num="325" count="0" type="stmt"/>
          <line num="330" count="0" type="stmt"/>
          <line num="343" count="1" type="stmt"/>
          <line num="344" count="1" type="stmt"/>
          <line num="346" count="1" type="cond" truecount="1" falsecount="1"/>
          <line num="347" count="0" type="stmt"/>
          <line num="351" count="0" type="stmt"/>
          <line num="354" count="0" type="stmt"/>
          <line num="356" count="1" type="stmt"/>
          <line num="357" count="1" type="stmt"/>
          <line num="363" count="1" type="stmt"/>
          <line num="364" count="0" type="stmt"/>
          <line num="367" count="1" type="stmt"/>
          <line num="368" count="0" type="stmt"/>
          <line num="375" count="1" type="stmt"/>
          <line num="376" count="1" type="stmt"/>
          <line num="381" count="1" type="stmt"/>
          <line num="384" count="1" type="stmt"/>
          <line num="396" count="1" type="stmt"/>
          <line num="397" count="1" type="stmt"/>
          <line num="399" count="1" type="cond" truecount="3" falsecount="1"/>
          <line num="400" count="0" type="stmt"/>
          <line num="404" count="0" type="stmt"/>
          <line num="407" count="0" type="stmt"/>
          <line num="411" count="1" type="cond" truecount="1" falsecount="1"/>
          <line num="412" count="0" type="stmt"/>
          <line num="417" count="0" type="stmt"/>
          <line num="420" count="0" type="stmt"/>
          <line num="423" count="1" type="stmt"/>
          <line num="424" count="1" type="stmt"/>
          <line num="426" count="1" type="stmt"/>
          <line num="427" count="1" type="cond" truecount="1" falsecount="1"/>
          <line num="428" count="0" type="stmt"/>
          <line num="434" count="0" type="stmt"/>
          <line num="437" count="0" type="stmt"/>
          <line num="440" count="1" type="stmt"/>
          <line num="446" count="1" type="cond" truecount="1" falsecount="1"/>
          <line num="447" count="0" type="stmt"/>
          <line num="453" count="0" type="stmt"/>
          <line num="458" count="0" type="stmt"/>
          <line num="461" count="1" type="cond" truecount="1" falsecount="1"/>
          <line num="462" count="1" type="stmt"/>
          <line num="467" count="1" type="stmt"/>
          <line num="472" count="1" type="stmt"/>
          <line num="487" count="1" type="stmt"/>
          <line num="488" count="1" type="stmt"/>
          <line num="490" count="1" type="cond" truecount="3" falsecount="1"/>
          <line num="491" count="0" type="stmt"/>
          <line num="495" count="0" type="stmt"/>
          <line num="498" count="0" type="stmt"/>
          <line num="501" count="1" type="stmt"/>
          <line num="505" count="1" type="cond" truecount="1" falsecount="1"/>
          <line num="506" count="0" type="stmt"/>
          <line num="511" count="0" type="stmt"/>
          <line num="516" count="0" type="stmt"/>
          <line num="518" count="1" type="stmt"/>
          <line num="519" count="1" type="stmt"/>
          <line num="521" count="1" type="stmt"/>
          <line num="522" count="1" type="stmt"/>
          <line num="525" count="1" type="stmt"/>
          <line num="526" count="1" type="stmt"/>
          <line num="532" count="1" type="stmt"/>
          <line num="537" count="1" type="stmt"/>
          <line num="540" count="1" type="stmt"/>
          <line num="541" count="0" type="stmt"/>
          <line num="555" count="0" type="stmt"/>
          <line num="565" count="0" type="stmt"/>
          <line num="566" count="0" type="stmt"/>
          <line num="568" count="0" type="cond" truecount="0" falsecount="2"/>
          <line num="569" count="0" type="stmt"/>
          <line num="573" count="0" type="stmt"/>
          <line num="576" count="0" type="stmt"/>
          <line num="579" count="0" type="stmt"/>
          <line num="582" count="0" type="cond" truecount="0" falsecount="2"/>
          <line num="583" count="0" type="stmt"/>
          <line num="588" count="0" type="stmt"/>
          <line num="593" count="0" type="stmt"/>
          <line num="596" count="0" type="stmt"/>
          <line num="601" count="0" type="stmt"/>
          <line num="606" count="0" type="stmt"/>
        </file>
        <file name="index.ts" path="/Users/gaurangdave/workspace/aarnam-helper-scripts/minio/index.ts">
          <metrics statements="16" coveredstatements="12" conditionals="6" coveredconditionals="4" methods="1" coveredmethods="1"/>
          <line num="1" count="1" type="stmt"/>
          <line num="2" count="1" type="stmt"/>
          <line num="3" count="1" type="stmt"/>
          <line num="9" count="1" type="stmt"/>
          <line num="12" count="9" type="stmt"/>
          <line num="13" count="9" type="cond" truecount="2" falsecount="0"/>
          <line num="14" count="3" type="stmt"/>
          <line num="17" count="3" type="stmt"/>
          <line num="20" count="6" type="cond" truecount="1" falsecount="1"/>
          <line num="21" count="0" type="stmt"/>
          <line num="24" count="0" type="stmt"/>
          <line num="27" count="6" type="cond" truecount="1" falsecount="1"/>
          <line num="28" count="0" type="stmt"/>
          <line num="31" count="0" type="stmt"/>
          <line num="34" count="6" type="stmt"/>
          <line num="43" count="1" type="stmt"/>
        </file>
      </package>
      <package name="serviceResponse">
        <metrics statements="17" coveredstatements="9" conditionals="13" coveredconditionals="1" methods="12" coveredmethods="4"/>
        <file name="ServiceResponse.ts" path="/Users/gaurangdave/workspace/aarnam-helper-scripts/serviceResponse/ServiceResponse.ts">
          <metrics statements="17" coveredstatements="9" conditionals="13" coveredconditionals="1" methods="12" coveredmethods="4"/>
          <line num="1" count="2" type="stmt"/>
          <line num="2" count="2" type="stmt"/>
          <line num="14" count="13" type="stmt"/>
          <line num="15" count="13" type="stmt"/>
          <line num="16" count="13" type="stmt"/>
          <line num="17" count="13" type="stmt"/>
          <line num="25" count="0" type="stmt"/>
          <line num="38" count="13" type="stmt"/>
          <line num="51" count="0" type="stmt"/>
          <line num="63" count="0" type="stmt"/>
          <line num="71" count="13" type="stmt"/>
          <line num="79" count="0" type="stmt"/>
          <line num="87" count="3" type="stmt"/>
          <line num="95" count="0" type="stmt"/>
          <line num="103" count="0" type="stmt"/>
          <line num="111" count="0" type="stmt"/>
          <line num="119" count="0" type="stmt"/>
        </file>
      </package>
      <package name="tests.helper.google">
        <metrics statements="37" coveredstatements="34" conditionals="4" coveredconditionals="2" methods="13" coveredmethods="12"/>
        <file name="index.js" path="/Users/gaurangdave/workspace/aarnam-helper-scripts/tests/helper/google/index.js">
          <metrics statements="37" coveredstatements="34" conditionals="4" coveredconditionals="2" methods="13" coveredmethods="12"/>
          <line num="1" count="1" type="stmt"/>
          <line num="2" count="1" type="stmt"/>
          <line num="3" count="1" type="stmt"/>
          <line num="4" count="1" type="stmt"/>
          <line num="6" count="1" type="stmt"/>
          <line num="7" count="1" type="stmt"/>
          <line num="8" count="1" type="stmt"/>
          <line num="13" count="1" type="stmt"/>
          <line num="14" count="3" type="stmt"/>
          <line num="15" count="3" type="stmt"/>
          <line num="16" count="3" type="stmt"/>
          <line num="17" count="3" type="cond" truecount="1" falsecount="1"/>
          <line num="18" count="0" type="stmt"/>
          <line num="21" count="3" type="stmt"/>
          <line num="26" count="1" type="stmt"/>
          <line num="27" count="1" type="stmt"/>
          <line num="28" count="1" type="stmt"/>
          <line num="29" count="1" type="stmt"/>
          <line num="30" count="1" type="stmt"/>
          <line num="31" count="1" type="stmt"/>
          <line num="34" count="0" type="stmt"/>
          <line num="37" count="1" type="stmt"/>
          <line num="43" count="1" type="stmt"/>
          <line num="44" count="4" type="stmt"/>
          <line num="45" count="4" type="stmt"/>
          <line num="48" count="1" type="stmt"/>
          <line num="49" count="2" type="stmt"/>
          <line num="50" count="2" type="stmt"/>
          <line num="53" count="1" type="stmt"/>
          <line num="54" count="2" type="stmt"/>
          <line num="55" count="2" type="stmt"/>
          <line num="56" count="2" type="cond" truecount="1" falsecount="1"/>
          <line num="57" count="0" type="stmt"/>
          <line num="60" count="2" type="stmt"/>
          <line num="61" count="5" type="stmt"/>
          <line num="63" count="2" type="stmt"/>
          <line num="68" count="1" type="stmt"/>
        </file>
      </package>
      <package name="tests.helper.minio">
        <metrics statements="41" coveredstatements="34" conditionals="8" coveredconditionals="4" methods="11" coveredmethods="11"/>
        <file name="index.js" path="/Users/gaurangdave/workspace/aarnam-helper-scripts/tests/helper/minio/index.js">
          <metrics statements="41" coveredstatements="34" conditionals="8" coveredconditionals="4" methods="11" coveredmethods="11"/>
          <line num="1" count="1" type="stmt"/>
          <line num="2" count="1" type="stmt"/>
          <line num="3" count="1" type="stmt"/>
          <line num="4" count="1" type="stmt"/>
          <line num="7" count="1" type="stmt"/>
          <line num="13" count="1" type="stmt"/>
          <line num="15" count="1" type="stmt"/>
          <line num="22" count="1" type="stmt"/>
          <line num="23" count="3" type="stmt"/>
          <line num="24" count="3" type="stmt"/>
          <line num="26" count="0" type="stmt"/>
          <line num="30" count="1" type="stmt"/>
          <line num="31" count="1" type="stmt"/>
          <line num="32" count="1" type="stmt"/>
          <line num="33" count="1" type="stmt"/>
          <line num="35" count="1" type="stmt"/>
          <line num="36" count="1" type="cond" truecount="1" falsecount="1"/>
          <line num="37" count="0" type="stmt"/>
          <line num="39" count="1" type="stmt"/>
          <line num="40" count="1" type="cond" truecount="1" falsecount="1"/>
          <line num="41" count="0" type="stmt"/>
          <line num="44" count="1" type="stmt"/>
          <line num="50" count="1" type="stmt"/>
          <line num="51" count="2" type="stmt"/>
          <line num="52" count="2" type="stmt"/>
          <line num="54" count="0" type="stmt"/>
          <line num="58" count="1" type="stmt"/>
          <line num="59" count="4" type="stmt"/>
          <line num="60" count="4" type="stmt"/>
          <line num="62" count="1" type="cond" truecount="1" falsecount="1"/>
          <line num="64" count="0" type="stmt"/>
          <line num="69" count="1" type="stmt"/>
          <line num="70" count="2" type="stmt"/>
          <line num="71" count="2" type="stmt"/>
          <line num="72" count="2" type="cond" truecount="1" falsecount="1"/>
          <line num="73" count="0" type="stmt"/>
          <line num="74" count="0" type="stmt"/>
          <line num="76" count="2" type="stmt"/>
          <line num="77" count="63" type="stmt"/>
          <line num="79" count="2" type="stmt"/>
          <line num="85" count="1" type="stmt"/>
        </file>
      </package>
      <package name="validators">
        <metrics statements="8" coveredstatements="7" conditionals="7" coveredconditionals="6" methods="2" coveredmethods="2"/>
        <file name="array.validator.ts" path="/Users/gaurangdave/workspace/aarnam-helper-scripts/validators/array.validator.ts">
          <metrics statements="3" coveredstatements="3" conditionals="3" coveredconditionals="3" methods="1" coveredmethods="1"/>
          <line num="1" count="1" type="stmt"/>
          <line num="2" count="1" type="cond" truecount="3" falsecount="0"/>
          <line num="5" count="1" type="stmt"/>
        </file>
        <file name="string.validator.ts" path="/Users/gaurangdave/workspace/aarnam-helper-scripts/validators/string.validator.ts">
          <metrics statements="5" coveredstatements="4" conditionals="4" coveredconditionals="3" methods="1" coveredmethods="1"/>
          <line num="1" count="2" type="stmt"/>
          <line num="2" count="14" type="cond" truecount="3" falsecount="1"/>
          <line num="3" count="14" type="stmt"/>
          <line num="6" count="0" type="stmt"/>
          <line num="9" count="2" type="stmt"/>
        </file>
      </package>
    </metrics>
  </project>
</coverage>
