{"/Users/gaurangdave/workspace/aarnam-helper-scripts/google/storage/GoogleStorageHelper.ts": {"path":"/Users/gaurangdave/workspace/aarnam-helper-scripts/google/storage/GoogleStorageHelper.ts","statementMap":{"0":{"start":{"line":2,"column":0},"end":{"line":2,"column":55}},"1":{"start":{"line":3,"column":0},"end":{"line":3,"column":71}},"2":{"start":{"line":5,"column":13},"end":{"line":5,"column":28}},"3":{"start":{"line":6,"column":15},"end":{"line":6,"column":38}},"4":{"start":{"line":7,"column":11},"end":{"line":7,"column":24}},"5":{"start":{"line":8,"column":10},"end":{"line":8,"column":22}},"6":{"start":{"line":10,"column":22},"end":{"line":10,"column":60}},"7":{"start":{"line":11,"column":22},"end":{"line":12,"column":18}},"8":{"start":{"line":16,"column":12},"end":{"line":16,"column":47}},"9":{"start":{"line":19,"column":8},"end":{"line":22,"column":11}},"10":{"start":{"line":33,"column":8},"end":{"line":100,"column":11}},"11":{"start":{"line":33,"column":75},"end":{"line":100,"column":9}},"12":{"start":{"line":38,"column":16},"end":{"line":38,"column":22}},"13":{"start":{"line":40,"column":12},"end":{"line":49,"column":13}},"14":{"start":{"line":41,"column":38},"end":{"line":44,"column":17}},"15":{"start":{"line":45,"column":16},"end":{"line":47,"column":18}},"16":{"start":{"line":48,"column":16},"end":{"line":48,"column":45}},"17":{"start":{"line":51,"column":33},"end":{"line":51,"column":38}},"18":{"start":{"line":52,"column":12},"end":{"line":56,"column":13}},"19":{"start":{"line":53,"column":16},"end":{"line":53,"column":80}},"20":{"start":{"line":55,"column":16},"end":{"line":55,"column":49}},"21":{"start":{"line":58,"column":12},"end":{"line":68,"column":13}},"22":{"start":{"line":59,"column":40},"end":{"line":63,"column":17}},"23":{"start":{"line":64,"column":16},"end":{"line":66,"column":18}},"24":{"start":{"line":67,"column":16},"end":{"line":67,"column":48}},"25":{"start":{"line":70,"column":30},"end":{"line":70,"column":62}},"26":{"start":{"line":71,"column":12},"end":{"line":99,"column":15}},"27":{"start":{"line":71,"column":78},"end":{"line":99,"column":13}},"28":{"start":{"line":72,"column":16},"end":{"line":82,"column":17}},"29":{"start":{"line":73,"column":42},"end":{"line":77,"column":21}},"30":{"start":{"line":78,"column":20},"end":{"line":80,"column":22}},"31":{"start":{"line":81,"column":20},"end":{"line":81,"column":49}},"32":{"start":{"line":84,"column":16},"end":{"line":89,"column":17}},"33":{"start":{"line":85,"column":36},"end":{"line":87,"column":21}},"34":{"start":{"line":88,"column":20},"end":{"line":88,"column":53}},"35":{"start":{"line":91,"column":40},"end":{"line":94,"column":17}},"36":{"start":{"line":95,"column":16},"end":{"line":97,"column":18}},"37":{"start":{"line":98,"column":16},"end":{"line":98,"column":48}},"38":{"start":{"line":109,"column":8},"end":{"line":140,"column":11}},"39":{"start":{"line":110,"column":12},"end":{"line":139,"column":14}},"40":{"start":{"line":112,"column":20},"end":{"line":125,"column":21}},"41":{"start":{"line":113,"column":46},"end":{"line":117,"column":25}},"42":{"start":{"line":118,"column":24},"end":{"line":123,"column":26}},"43":{"start":{"line":124,"column":24},"end":{"line":124,"column":55}},"44":{"start":{"line":127,"column":44},"end":{"line":131,"column":21}},"45":{"start":{"line":132,"column":20},"end":{"line":136,"column":22}},"46":{"start":{"line":137,"column":20},"end":{"line":137,"column":52}},"47":{"start":{"line":150,"column":8},"end":{"line":191,"column":11}},"48":{"start":{"line":151,"column":35},"end":{"line":151,"column":41}},"49":{"start":{"line":153,"column":12},"end":{"line":162,"column":13}},"50":{"start":{"line":154,"column":38},"end":{"line":157,"column":17}},"51":{"start":{"line":158,"column":16},"end":{"line":160,"column":18}},"52":{"start":{"line":161,"column":16},"end":{"line":161,"column":45}},"53":{"start":{"line":164,"column":35},"end":{"line":164,"column":67}},"54":{"start":{"line":165,"column":12},"end":{"line":190,"column":14}},"55":{"start":{"line":167,"column":44},"end":{"line":171,"column":21}},"56":{"start":{"line":172,"column":20},"end":{"line":176,"column":22}},"57":{"start":{"line":177,"column":20},"end":{"line":177,"column":52}},"58":{"start":{"line":180,"column":42},"end":{"line":184,"column":21}},"59":{"start":{"line":185,"column":20},"end":{"line":187,"column":22}},"60":{"start":{"line":188,"column":20},"end":{"line":188,"column":49}},"61":{"start":{"line":195,"column":8},"end":{"line":240,"column":11}},"62":{"start":{"line":196,"column":35},"end":{"line":196,"column":41}},"63":{"start":{"line":197,"column":12},"end":{"line":206,"column":13}},"64":{"start":{"line":198,"column":38},"end":{"line":201,"column":17}},"65":{"start":{"line":202,"column":16},"end":{"line":204,"column":18}},"66":{"start":{"line":205,"column":16},"end":{"line":205,"column":45}},"67":{"start":{"line":208,"column":35},"end":{"line":208,"column":67}},"68":{"start":{"line":209,"column":28},"end":{"line":209,"column":43}},"69":{"start":{"line":210,"column":12},"end":{"line":239,"column":14}},"70":{"start":{"line":212,"column":44},"end":{"line":215,"column":21}},"71":{"start":{"line":217,"column":20},"end":{"line":221,"column":22}},"72":{"start":{"line":223,"column":20},"end":{"line":223,"column":52}},"73":{"start":{"line":226,"column":42},"end":{"line":230,"column":21}},"74":{"start":{"line":232,"column":20},"end":{"line":235,"column":22}},"75":{"start":{"line":237,"column":20},"end":{"line":237,"column":49}},"76":{"start":{"line":251,"column":8},"end":{"line":297,"column":11}},"77":{"start":{"line":251,"column":75},"end":{"line":297,"column":9}},"78":{"start":{"line":252,"column":35},"end":{"line":252,"column":41}},"79":{"start":{"line":253,"column":12},"end":{"line":262,"column":13}},"80":{"start":{"line":254,"column":38},"end":{"line":257,"column":17}},"81":{"start":{"line":258,"column":16},"end":{"line":260,"column":18}},"82":{"start":{"line":261,"column":16},"end":{"line":261,"column":45}},"83":{"start":{"line":264,"column":27},"end":{"line":264,"column":59}},"84":{"start":{"line":266,"column":12},"end":{"line":296,"column":14}},"85":{"start":{"line":268,"column":20},"end":{"line":280,"column":21}},"86":{"start":{"line":269,"column":46},"end":{"line":273,"column":25}},"87":{"start":{"line":274,"column":24},"end":{"line":278,"column":26}},"88":{"start":{"line":279,"column":24},"end":{"line":279,"column":53}},"89":{"start":{"line":282,"column":44},"end":{"line":286,"column":21}},"90":{"start":{"line":288,"column":20},"end":{"line":292,"column":22}},"91":{"start":{"line":294,"column":20},"end":{"line":294,"column":52}},"92":{"start":{"line":307,"column":8},"end":{"line":367,"column":11}},"93":{"start":{"line":308,"column":63},"end":{"line":308,"column":69}},"94":{"start":{"line":310,"column":12},"end":{"line":319,"column":13}},"95":{"start":{"line":311,"column":38},"end":{"line":314,"column":17}},"96":{"start":{"line":315,"column":16},"end":{"line":317,"column":18}},"97":{"start":{"line":318,"column":16},"end":{"line":318,"column":45}},"98":{"start":{"line":322,"column":12},"end":{"line":332,"column":13}},"99":{"start":{"line":323,"column":38},"end":{"line":326,"column":17}},"100":{"start":{"line":328,"column":16},"end":{"line":330,"column":18}},"101":{"start":{"line":331,"column":16},"end":{"line":331,"column":45}},"102":{"start":{"line":334,"column":28},"end":{"line":338,"column":13}},"103":{"start":{"line":340,"column":29},"end":{"line":340,"column":52}},"104":{"start":{"line":341,"column":27},"end":{"line":341,"column":59}},"105":{"start":{"line":342,"column":25},"end":{"line":342,"column":46}},"106":{"start":{"line":343,"column":12},"end":{"line":366,"column":19}},"107":{"start":{"line":346,"column":42},"end":{"line":350,"column":21}},"108":{"start":{"line":352,"column":20},"end":{"line":354,"column":22}},"109":{"start":{"line":355,"column":20},"end":{"line":355,"column":49}},"110":{"start":{"line":358,"column":44},"end":{"line":361,"column":21}},"111":{"start":{"line":362,"column":20},"end":{"line":364,"column":22}},"112":{"start":{"line":365,"column":20},"end":{"line":365,"column":52}},"113":{"start":{"line":371,"column":8},"end":{"line":373,"column":11}},"114":{"start":{"line":372,"column":35},"end":{"line":372,"column":41}},"115":{"start":{"line":377,"column":8},"end":{"line":379,"column":11}},"116":{"start":{"line":378,"column":45},"end":{"line":378,"column":51}},"117":{"start":{"line":383,"column":8},"end":{"line":385,"column":11}},"118":{"start":{"line":384,"column":45},"end":{"line":384,"column":51}},"119":{"start":{"line":14,"column":0},"end":{"line":387,"column":1}}},"fnMap":{"0":{"name":"(anonymous_6)","decl":{"start":{"line":18,"column":4},"end":{"line":18,"column":15}},"loc":{"start":{"line":18,"column":54},"end":{"line":23,"column":5}}},"1":{"name":"(anonymous_7)","decl":{"start":{"line":32,"column":11},"end":{"line":32,"column":22}},"loc":{"start":{"line":32,"column":35},"end":{"line":101,"column":5}}},"2":{"name":"(anonymous_8)","decl":{"start":{"line":33,"column":29},"end":{"line":33,"column":36}},"loc":{"start":{"line":33,"column":75},"end":{"line":100,"column":9}}},"3":{"name":"(anonymous_9)","decl":{"start":{"line":33,"column":75},"end":{"line":null,"column":-1}},"loc":{"start":{"line":33,"column":75},"end":{"line":100,"column":9}}},"4":{"name":"(anonymous_10)","decl":{"start":{"line":71,"column":29},"end":{"line":71,"column":36}},"loc":{"start":{"line":71,"column":78},"end":{"line":99,"column":13}}},"5":{"name":"(anonymous_11)","decl":{"start":{"line":71,"column":78},"end":{"line":null,"column":-1}},"loc":{"start":{"line":71,"column":78},"end":{"line":99,"column":13}}},"6":{"name":"(anonymous_12)","decl":{"start":{"line":108,"column":11},"end":{"line":108,"column":23}},"loc":{"start":{"line":108,"column":24},"end":{"line":141,"column":5}}},"7":{"name":"(anonymous_13)","decl":{"start":{"line":109,"column":29},"end":{"line":109,"column":30}},"loc":{"start":{"line":109,"column":69},"end":{"line":140,"column":9}}},"8":{"name":"(anonymous_14)","decl":{"start":{"line":111,"column":16},"end":{"line":111,"column":17}},"loc":{"start":{"line":111,"column":59},"end":{"line":138,"column":17}}},"9":{"name":"(anonymous_15)","decl":{"start":{"line":149,"column":11},"end":{"line":149,"column":22}},"loc":{"start":{"line":149,"column":35},"end":{"line":192,"column":5}}},"10":{"name":"(anonymous_16)","decl":{"start":{"line":150,"column":27},"end":{"line":150,"column":28}},"loc":{"start":{"line":150,"column":67},"end":{"line":191,"column":9}}},"11":{"name":"(anonymous_17)","decl":{"start":{"line":166,"column":16},"end":{"line":166,"column":23}},"loc":{"start":{"line":166,"column":27},"end":{"line":178,"column":17}}},"12":{"name":"(anonymous_18)","decl":{"start":{"line":179,"column":16},"end":{"line":179,"column":17}},"loc":{"start":{"line":179,"column":39},"end":{"line":189,"column":17}}},"13":{"name":"(anonymous_19)","decl":{"start":{"line":194,"column":11},"end":{"line":194,"column":21}},"loc":{"start":{"line":194,"column":34},"end":{"line":241,"column":5}}},"14":{"name":"(anonymous_20)","decl":{"start":{"line":195,"column":27},"end":{"line":195,"column":28}},"loc":{"start":{"line":195,"column":67},"end":{"line":240,"column":9}}},"15":{"name":"(anonymous_21)","decl":{"start":{"line":211,"column":16},"end":{"line":211,"column":18}},"loc":{"start":{"line":211,"column":21},"end":{"line":224,"column":17}}},"16":{"name":"(anonymous_22)","decl":{"start":{"line":225,"column":16},"end":{"line":225,"column":17}},"loc":{"start":{"line":225,"column":44},"end":{"line":238,"column":17}}},"17":{"name":"(anonymous_23)","decl":{"start":{"line":250,"column":11},"end":{"line":250,"column":22}},"loc":{"start":{"line":250,"column":35},"end":{"line":298,"column":5}}},"18":{"name":"(anonymous_24)","decl":{"start":{"line":251,"column":29},"end":{"line":251,"column":36}},"loc":{"start":{"line":251,"column":75},"end":{"line":297,"column":9}}},"19":{"name":"(anonymous_25)","decl":{"start":{"line":251,"column":75},"end":{"line":null,"column":-1}},"loc":{"start":{"line":251,"column":75},"end":{"line":297,"column":9}}},"20":{"name":"(anonymous_26)","decl":{"start":{"line":267,"column":16},"end":{"line":267,"column":17}},"loc":{"start":{"line":267,"column":69},"end":{"line":295,"column":17}}},"21":{"name":"(anonymous_27)","decl":{"start":{"line":306,"column":11},"end":{"line":306,"column":19}},"loc":{"start":{"line":306,"column":32},"end":{"line":368,"column":5}}},"22":{"name":"(anonymous_28)","decl":{"start":{"line":307,"column":29},"end":{"line":307,"column":30}},"loc":{"start":{"line":307,"column":69},"end":{"line":367,"column":9}}},"23":{"name":"(anonymous_29)","decl":{"start":{"line":345,"column":29},"end":{"line":345,"column":30}},"loc":{"start":{"line":345,"column":46},"end":{"line":356,"column":17}}},"24":{"name":"(anonymous_30)","decl":{"start":{"line":357,"column":30},"end":{"line":357,"column":32}},"loc":{"start":{"line":357,"column":35},"end":{"line":366,"column":17}}},"25":{"name":"(anonymous_31)","decl":{"start":{"line":370,"column":11},"end":{"line":370,"column":21}},"loc":{"start":{"line":370,"column":34},"end":{"line":374,"column":5}}},"26":{"name":"(anonymous_32)","decl":{"start":{"line":371,"column":27},"end":{"line":371,"column":28}},"loc":{"start":{"line":371,"column":67},"end":{"line":373,"column":9}}},"27":{"name":"(anonymous_33)","decl":{"start":{"line":376,"column":11},"end":{"line":376,"column":19}},"loc":{"start":{"line":376,"column":32},"end":{"line":380,"column":5}}},"28":{"name":"(anonymous_34)","decl":{"start":{"line":377,"column":27},"end":{"line":377,"column":28}},"loc":{"start":{"line":377,"column":67},"end":{"line":379,"column":9}}},"29":{"name":"(anonymous_35)","decl":{"start":{"line":382,"column":11},"end":{"line":382,"column":22}},"loc":{"start":{"line":382,"column":35},"end":{"line":386,"column":5}}},"30":{"name":"(anonymous_36)","decl":{"start":{"line":383,"column":27},"end":{"line":383,"column":28}},"loc":{"start":{"line":383,"column":67},"end":{"line":385,"column":9}}}},"branchMap":{"0":{"loc":{"start":{"line":36,"column":33},"end":{"line":36,"column":38}},"type":"default-arg","locations":[{"start":{"line":36,"column":33},"end":{"line":36,"column":38}}]},"1":{"loc":{"start":{"line":37,"column":33},"end":{"line":37,"column":38}},"type":"default-arg","locations":[{"start":{"line":37,"column":33},"end":{"line":37,"column":38}}]},"2":{"loc":{"start":{"line":40,"column":12},"end":{"line":49,"column":13}},"type":"if","locations":[{"start":{"line":40,"column":12},"end":{"line":49,"column":13}},{"start":{"line":40,"column":12},"end":{"line":49,"column":13}}]},"3":{"loc":{"start":{"line":58,"column":12},"end":{"line":68,"column":13}},"type":"if","locations":[{"start":{"line":58,"column":12},"end":{"line":68,"column":13}},{"start":{"line":58,"column":12},"end":{"line":68,"column":13}}]},"4":{"loc":{"start":{"line":72,"column":16},"end":{"line":82,"column":17}},"type":"if","locations":[{"start":{"line":72,"column":16},"end":{"line":82,"column":17}},{"start":{"line":72,"column":16},"end":{"line":82,"column":17}}]},"5":{"loc":{"start":{"line":84,"column":16},"end":{"line":89,"column":17}},"type":"if","locations":[{"start":{"line":84,"column":16},"end":{"line":89,"column":17}},{"start":{"line":84,"column":16},"end":{"line":89,"column":17}}]},"6":{"loc":{"start":{"line":112,"column":20},"end":{"line":125,"column":21}},"type":"if","locations":[{"start":{"line":112,"column":20},"end":{"line":125,"column":21}},{"start":{"line":112,"column":20},"end":{"line":125,"column":21}}]},"7":{"loc":{"start":{"line":153,"column":12},"end":{"line":162,"column":13}},"type":"if","locations":[{"start":{"line":153,"column":12},"end":{"line":162,"column":13}},{"start":{"line":153,"column":12},"end":{"line":162,"column":13}}]},"8":{"loc":{"start":{"line":197,"column":12},"end":{"line":206,"column":13}},"type":"if","locations":[{"start":{"line":197,"column":12},"end":{"line":206,"column":13}},{"start":{"line":197,"column":12},"end":{"line":206,"column":13}}]},"9":{"loc":{"start":{"line":253,"column":12},"end":{"line":262,"column":13}},"type":"if","locations":[{"start":{"line":253,"column":12},"end":{"line":262,"column":13}},{"start":{"line":253,"column":12},"end":{"line":262,"column":13}}]},"10":{"loc":{"start":{"line":268,"column":20},"end":{"line":280,"column":21}},"type":"if","locations":[{"start":{"line":268,"column":20},"end":{"line":280,"column":21}},{"start":{"line":268,"column":20},"end":{"line":280,"column":21}}]},"11":{"loc":{"start":{"line":308,"column":53},"end":{"line":308,"column":58}},"type":"default-arg","locations":[{"start":{"line":308,"column":53},"end":{"line":308,"column":58}}]},"12":{"loc":{"start":{"line":310,"column":12},"end":{"line":319,"column":13}},"type":"if","locations":[{"start":{"line":310,"column":12},"end":{"line":319,"column":13}},{"start":{"line":310,"column":12},"end":{"line":319,"column":13}}]},"13":{"loc":{"start":{"line":310,"column":16},"end":{"line":310,"column":42}},"type":"binary-expr","locations":[{"start":{"line":310,"column":16},"end":{"line":310,"column":42}},{"start":{"line":310,"column":46},"end":{"line":310,"column":70}}]},"14":{"loc":{"start":{"line":322,"column":12},"end":{"line":332,"column":13}},"type":"if","locations":[{"start":{"line":322,"column":12},"end":{"line":332,"column":13}},{"start":{"line":322,"column":12},"end":{"line":332,"column":13}}]}},"s":{"0":1,"1":1,"2":1,"3":1,"4":1,"5":1,"6":1,"7":1,"8":7,"9":7,"10":1,"11":1,"12":1,"13":1,"14":0,"15":0,"16":0,"17":1,"18":1,"19":1,"20":0,"21":1,"22":0,"23":0,"24":0,"25":1,"26":1,"27":1,"28":1,"29":0,"30":0,"31":0,"32":1,"33":0,"34":0,"35":1,"36":1,"37":1,"38":1,"39":1,"40":1,"41":0,"42":0,"43":0,"44":1,"45":1,"46":1,"47":1,"48":1,"49":1,"50":0,"51":0,"52":0,"53":1,"54":1,"55":1,"56":1,"57":1,"58":0,"59":0,"60":0,"61":1,"62":1,"63":1,"64":0,"65":0,"66":0,"67":1,"68":1,"69":1,"70":1,"71":1,"72":1,"73":0,"74":0,"75":0,"76":1,"77":1,"78":1,"79":1,"80":0,"81":0,"82":0,"83":1,"84":1,"85":1,"86":0,"87":0,"88":0,"89":1,"90":1,"91":1,"92":1,"93":1,"94":1,"95":0,"96":0,"97":0,"98":1,"99":0,"100":0,"101":0,"102":1,"103":1,"104":1,"105":1,"106":1,"107":0,"108":0,"109":0,"110":1,"111":1,"112":1,"113":0,"114":0,"115":0,"116":0,"117":0,"118":0,"119":1},"f":{"0":7,"1":1,"2":1,"3":1,"4":1,"5":1,"6":1,"7":1,"8":1,"9":1,"10":1,"11":1,"12":0,"13":1,"14":1,"15":1,"16":0,"17":1,"18":1,"19":1,"20":1,"21":1,"22":1,"23":0,"24":1,"25":0,"26":0,"27":0,"28":0,"29":0,"30":0},"b":{"0":[1],"1":[1],"2":[0,1],"3":[0,1],"4":[0,1],"5":[0,1],"6":[0,1],"7":[0,1],"8":[0,1],"9":[0,1],"10":[0,1],"11":[1],"12":[0,1],"13":[1,1],"14":[0,1]}}
,"/Users/gaurangdave/workspace/aarnam-helper-scripts/google/storage/index.ts": {"path":"/Users/gaurangdave/workspace/aarnam-helper-scripts/google/storage/index.ts","statementMap":{"0":{"start":{"line":1,"column":0},"end":{"line":1,"column":59}},"1":{"start":{"line":4,"column":15},"end":{"line":4,"column":38}},"2":{"start":{"line":5,"column":19},"end":{"line":5,"column":40}},"3":{"start":{"line":11,"column":19},"end":{"line":31,"column":1}},"4":{"start":{"line":14,"column":39},"end":{"line":14,"column":45}},"5":{"start":{"line":16,"column":4},"end":{"line":21,"column":5}},"6":{"start":{"line":17,"column":8},"end":{"line":19,"column":10}},"7":{"start":{"line":20,"column":8},"end":{"line":20,"column":20}},"8":{"start":{"line":23,"column":4},"end":{"line":28,"column":5}},"9":{"start":{"line":24,"column":8},"end":{"line":26,"column":10}},"10":{"start":{"line":27,"column":8},"end":{"line":27,"column":20}},"11":{"start":{"line":30,"column":4},"end":{"line":30,"column":59}},"12":{"start":{"line":38,"column":0},"end":{"line":40,"column":2}}},"fnMap":{"0":{"name":"(anonymous_0)","decl":{"start":{"line":11,"column":19},"end":{"line":12,"column":4}},"loc":{"start":{"line":13,"column":32},"end":{"line":31,"column":1}}}},"branchMap":{"0":{"loc":{"start":{"line":16,"column":4},"end":{"line":21,"column":5}},"type":"if","locations":[{"start":{"line":16,"column":4},"end":{"line":21,"column":5}},{"start":{"line":16,"column":4},"end":{"line":21,"column":5}}]},"1":{"loc":{"start":{"line":23,"column":4},"end":{"line":28,"column":5}},"type":"if","locations":[{"start":{"line":23,"column":4},"end":{"line":28,"column":5}},{"start":{"line":23,"column":4},"end":{"line":28,"column":5}}]}},"s":{"0":1,"1":1,"2":1,"3":1,"4":10,"5":10,"6":2,"7":2,"8":8,"9":1,"10":1,"11":7,"12":1},"f":{"0":10},"b":{"0":[2,8],"1":[1,7]}}
,"/Users/gaurangdave/workspace/aarnam-helper-scripts/logger/index.js": {"path":"/Users/gaurangdave/workspace/aarnam-helper-scripts/logger/index.js","statementMap":{"0":{"start":{"line":1,"column":15},"end":{"line":1,"column":32}},"1":{"start":{"line":3,"column":23},"end":{"line":22,"column":1}},"2":{"start":{"line":4,"column":5},"end":{"line":9,"column":6}},"3":{"start":{"line":5,"column":10},"end":{"line":8,"column":12}},"4":{"start":{"line":11,"column":5},"end":{"line":16,"column":6}},"5":{"start":{"line":12,"column":10},"end":{"line":15,"column":12}},"6":{"start":{"line":18,"column":5},"end":{"line":21,"column":7}},"7":{"start":{"line":24,"column":13},"end":{"line":31,"column":1}},"8":{"start":{"line":28,"column":9},"end":{"line":28,"column":34}},"9":{"start":{"line":29,"column":23},"end":{"line":29,"column":46}},"10":{"start":{"line":30,"column":5},"end":{"line":30,"column":51}},"11":{"start":{"line":33,"column":13},"end":{"line":40,"column":1}},"12":{"start":{"line":37,"column":9},"end":{"line":37,"column":34}},"13":{"start":{"line":38,"column":23},"end":{"line":38,"column":51}},"14":{"start":{"line":39,"column":5},"end":{"line":39,"column":51}},"15":{"start":{"line":42,"column":14},"end":{"line":49,"column":1}},"16":{"start":{"line":46,"column":9},"end":{"line":46,"column":34}},"17":{"start":{"line":47,"column":23},"end":{"line":47,"column":46}},"18":{"start":{"line":48,"column":5},"end":{"line":48,"column":51}},"19":{"start":{"line":51,"column":16},"end":{"line":58,"column":1}},"20":{"start":{"line":55,"column":9},"end":{"line":55,"column":34}},"21":{"start":{"line":56,"column":23},"end":{"line":56,"column":50}},"22":{"start":{"line":57,"column":5},"end":{"line":57,"column":51}},"23":{"start":{"line":60,"column":0},"end":{"line":65,"column":2}}},"fnMap":{"0":{"name":"(anonymous_0)","decl":{"start":{"line":3,"column":23},"end":{"line":3,"column":24}},"loc":{"start":{"line":3,"column":47},"end":{"line":22,"column":1}},"line":3},"1":{"name":"(anonymous_1)","decl":{"start":{"line":24,"column":13},"end":{"line":24,"column":14}},"loc":{"start":{"line":24,"column":28},"end":{"line":31,"column":1}},"line":24},"2":{"name":"(anonymous_2)","decl":{"start":{"line":33,"column":13},"end":{"line":33,"column":14}},"loc":{"start":{"line":33,"column":28},"end":{"line":40,"column":1}},"line":33},"3":{"name":"(anonymous_3)","decl":{"start":{"line":42,"column":14},"end":{"line":42,"column":15}},"loc":{"start":{"line":42,"column":29},"end":{"line":49,"column":1}},"line":42},"4":{"name":"(anonymous_4)","decl":{"start":{"line":51,"column":16},"end":{"line":51,"column":17}},"loc":{"start":{"line":51,"column":31},"end":{"line":58,"column":1}},"line":51}},"branchMap":{"0":{"loc":{"start":{"line":4,"column":5},"end":{"line":9,"column":6}},"type":"if","locations":[{"start":{"line":4,"column":5},"end":{"line":9,"column":6}},{"start":{"line":4,"column":5},"end":{"line":9,"column":6}}],"line":4},"1":{"loc":{"start":{"line":11,"column":5},"end":{"line":16,"column":6}},"type":"if","locations":[{"start":{"line":11,"column":5},"end":{"line":16,"column":6}},{"start":{"line":11,"column":5},"end":{"line":16,"column":6}}],"line":11}},"s":{"0":2,"1":2,"2":19,"3":19,"4":0,"5":0,"6":0,"7":2,"8":0,"9":0,"10":0,"11":2,"12":0,"13":0,"14":0,"15":2,"16":6,"17":6,"18":6,"19":2,"20":13,"21":13,"22":13,"23":2},"f":{"0":19,"1":0,"2":0,"3":6,"4":13},"b":{"0":[19,0],"1":[0,0]},"_coverageSchema":"332fd63041d2c1bcb487cc26dd0d5f7d97098a6c","hash":"4c502eb9d87af2b6f29bbe2b417623b5aa98c9d8"}
,"/Users/gaurangdave/workspace/aarnam-helper-scripts/minio/MinioHelper.ts": {"path":"/Users/gaurangdave/workspace/aarnam-helper-scripts/minio/MinioHelper.ts","statementMap":{"0":{"start":{"line":4,"column":0},"end":{"line":4,"column":68}},"1":{"start":{"line":5,"column":14},"end":{"line":5,"column":30}},"2":{"start":{"line":6,"column":10},"end":{"line":6,"column":22}},"3":{"start":{"line":7,"column":11},"end":{"line":7,"column":24}},"4":{"start":{"line":8,"column":13},"end":{"line":8,"column":28}},"5":{"start":{"line":9,"column":15},"end":{"line":9,"column":35}},"6":{"start":{"line":10,"column":22},"end":{"line":10,"column":56}},"7":{"start":{"line":11,"column":22},"end":{"line":11,"column":77}},"8":{"start":{"line":12,"column":29},"end":{"line":13,"column":25}},"9":{"start":{"line":16,"column":12},"end":{"line":16,"column":44}},"10":{"start":{"line":17,"column":12},"end":{"line":17,"column":39}},"11":{"start":{"line":28,"column":8},"end":{"line":33,"column":11}},"12":{"start":{"line":35,"column":8},"end":{"line":35,"column":35}},"13":{"start":{"line":45,"column":8},"end":{"line":45,"column":35}},"14":{"start":{"line":55,"column":8},"end":{"line":135,"column":11}},"15":{"start":{"line":56,"column":35},"end":{"line":56,"column":41}},"16":{"start":{"line":57,"column":12},"end":{"line":66,"column":13}},"17":{"start":{"line":58,"column":38},"end":{"line":61,"column":17}},"18":{"start":{"line":62,"column":16},"end":{"line":64,"column":18}},"19":{"start":{"line":65,"column":16},"end":{"line":65,"column":45}},"20":{"start":{"line":69,"column":12},"end":{"line":134,"column":14}},"21":{"start":{"line":72,"column":20},"end":{"line":84,"column":21}},"22":{"start":{"line":73,"column":46},"end":{"line":77,"column":25}},"23":{"start":{"line":78,"column":24},"end":{"line":82,"column":26}},"24":{"start":{"line":83,"column":24},"end":{"line":83,"column":53}},"25":{"start":{"line":86,"column":20},"end":{"line":132,"column":21}},"26":{"start":{"line":87,"column":24},"end":{"line":120,"column":26}},"27":{"start":{"line":91,"column":32},"end":{"line":118,"column":33}},"28":{"start":{"line":92,"column":58},"end":{"line":98,"column":37}},"29":{"start":{"line":99,"column":36},"end":{"line":103,"column":38}},"30":{"start":{"line":104,"column":36},"end":{"line":104,"column":65}},"31":{"start":{"line":106,"column":60},"end":{"line":111,"column":37}},"32":{"start":{"line":112,"column":36},"end":{"line":116,"column":38}},"33":{"start":{"line":117,"column":36},"end":{"line":117,"column":68}},"34":{"start":{"line":122,"column":48},"end":{"line":125,"column":25}},"35":{"start":{"line":126,"column":24},"end":{"line":130,"column":26}},"36":{"start":{"line":131,"column":24},"end":{"line":131,"column":56}},"37":{"start":{"line":145,"column":8},"end":{"line":185,"column":11}},"38":{"start":{"line":146,"column":12},"end":{"line":154,"column":13}},"39":{"start":{"line":147,"column":38},"end":{"line":149,"column":17}},"40":{"start":{"line":150,"column":16},"end":{"line":152,"column":18}},"41":{"start":{"line":153,"column":16},"end":{"line":153,"column":45}},"42":{"start":{"line":156,"column":12},"end":{"line":184,"column":14}},"43":{"start":{"line":158,"column":44},"end":{"line":162,"column":21}},"44":{"start":{"line":163,"column":20},"end":{"line":167,"column":22}},"45":{"start":{"line":168,"column":20},"end":{"line":168,"column":52}},"46":{"start":{"line":171,"column":42},"end":{"line":175,"column":21}},"47":{"start":{"line":176,"column":20},"end":{"line":181,"column":22}},"48":{"start":{"line":182,"column":20},"end":{"line":182,"column":41}},"49":{"start":{"line":195,"column":8},"end":{"line":244,"column":11}},"50":{"start":{"line":195,"column":75},"end":{"line":244,"column":9}},"51":{"start":{"line":196,"column":35},"end":{"line":196,"column":41}},"52":{"start":{"line":198,"column":12},"end":{"line":207,"column":13}},"53":{"start":{"line":199,"column":38},"end":{"line":202,"column":17}},"54":{"start":{"line":203,"column":16},"end":{"line":205,"column":18}},"55":{"start":{"line":206,"column":16},"end":{"line":206,"column":45}},"56":{"start":{"line":209,"column":12},"end":{"line":213,"column":13}},"57":{"start":{"line":210,"column":16},"end":{"line":210,"column":55}},"58":{"start":{"line":212,"column":16},"end":{"line":212,"column":48}},"59":{"start":{"line":215,"column":12},"end":{"line":243,"column":14}},"60":{"start":{"line":218,"column":20},"end":{"line":230,"column":21}},"61":{"start":{"line":219,"column":46},"end":{"line":223,"column":25}},"62":{"start":{"line":224,"column":24},"end":{"line":228,"column":26}},"63":{"start":{"line":229,"column":24},"end":{"line":229,"column":53}},"64":{"start":{"line":232,"column":44},"end":{"line":235,"column":21}},"65":{"start":{"line":236,"column":20},"end":{"line":240,"column":22}},"66":{"start":{"line":241,"column":20},"end":{"line":241,"column":52}},"67":{"start":{"line":254,"column":8},"end":{"line":333,"column":11}},"68":{"start":{"line":254,"column":75},"end":{"line":333,"column":9}},"69":{"start":{"line":255,"column":35},"end":{"line":255,"column":41}},"70":{"start":{"line":257,"column":12},"end":{"line":266,"column":13}},"71":{"start":{"line":258,"column":38},"end":{"line":261,"column":17}},"72":{"start":{"line":262,"column":16},"end":{"line":264,"column":18}},"73":{"start":{"line":265,"column":16},"end":{"line":265,"column":45}},"74":{"start":{"line":267,"column":12},"end":{"line":332,"column":14}},"75":{"start":{"line":269,"column":52},"end":{"line":269,"column":56}},"76":{"start":{"line":271,"column":20},"end":{"line":285,"column":21}},"77":{"start":{"line":273,"column":48},"end":{"line":276,"column":25}},"78":{"start":{"line":278,"column":24},"end":{"line":282,"column":26}},"79":{"start":{"line":284,"column":24},"end":{"line":284,"column":56}},"80":{"start":{"line":287,"column":40},"end":{"line":289,"column":22}},"81":{"start":{"line":288,"column":24},"end":{"line":288,"column":40}},"82":{"start":{"line":291,"column":20},"end":{"line":327,"column":22}},"83":{"start":{"line":295,"column":28},"end":{"line":312,"column":29}},"84":{"start":{"line":296,"column":54},"end":{"line":302,"column":33}},"85":{"start":{"line":304,"column":32},"end":{"line":309,"column":34}},"86":{"start":{"line":311,"column":32},"end":{"line":311,"column":61}},"87":{"start":{"line":314,"column":52},"end":{"line":317,"column":29}},"88":{"start":{"line":319,"column":28},"end":{"line":323,"column":30}},"89":{"start":{"line":325,"column":28},"end":{"line":325,"column":60}},"90":{"start":{"line":330,"column":20},"end":{"line":330,"column":41}},"91":{"start":{"line":343,"column":8},"end":{"line":386,"column":11}},"92":{"start":{"line":344,"column":35},"end":{"line":344,"column":41}},"93":{"start":{"line":346,"column":12},"end":{"line":355,"column":13}},"94":{"start":{"line":347,"column":38},"end":{"line":350,"column":17}},"95":{"start":{"line":351,"column":16},"end":{"line":353,"column":18}},"96":{"start":{"line":354,"column":16},"end":{"line":354,"column":45}},"97":{"start":{"line":356,"column":45},"end":{"line":356,"column":47}},"98":{"start":{"line":357,"column":33},"end":{"line":361,"column":13}},"99":{"start":{"line":363,"column":12},"end":{"line":365,"column":15}},"100":{"start":{"line":364,"column":16},"end":{"line":364,"column":37}},"101":{"start":{"line":367,"column":12},"end":{"line":373,"column":15}},"102":{"start":{"line":368,"column":16},"end":{"line":372,"column":18}},"103":{"start":{"line":375,"column":12},"end":{"line":385,"column":15}},"104":{"start":{"line":376,"column":40},"end":{"line":380,"column":17}},"105":{"start":{"line":381,"column":16},"end":{"line":383,"column":18}},"106":{"start":{"line":384,"column":16},"end":{"line":384,"column":48}},"107":{"start":{"line":396,"column":8},"end":{"line":477,"column":11}},"108":{"start":{"line":397,"column":45},"end":{"line":397,"column":51}},"109":{"start":{"line":399,"column":12},"end":{"line":408,"column":13}},"110":{"start":{"line":400,"column":38},"end":{"line":403,"column":17}},"111":{"start":{"line":404,"column":16},"end":{"line":406,"column":18}},"112":{"start":{"line":407,"column":16},"end":{"line":407,"column":45}},"113":{"start":{"line":411,"column":12},"end":{"line":421,"column":13}},"114":{"start":{"line":412,"column":38},"end":{"line":415,"column":17}},"115":{"start":{"line":417,"column":16},"end":{"line":419,"column":18}},"116":{"start":{"line":420,"column":16},"end":{"line":420,"column":45}},"117":{"start":{"line":423,"column":31},"end":{"line":423,"column":60}},"118":{"start":{"line":424,"column":29},"end":{"line":424,"column":52}},"119":{"start":{"line":426,"column":12},"end":{"line":476,"column":15}},"120":{"start":{"line":427,"column":16},"end":{"line":438,"column":17}},"121":{"start":{"line":428,"column":42},"end":{"line":432,"column":21}},"122":{"start":{"line":434,"column":20},"end":{"line":436,"column":22}},"123":{"start":{"line":437,"column":20},"end":{"line":437,"column":49}},"124":{"start":{"line":440,"column":16},"end":{"line":475,"column":18}},"125":{"start":{"line":446,"column":24},"end":{"line":459,"column":25}},"126":{"start":{"line":447,"column":50},"end":{"line":451,"column":29}},"127":{"start":{"line":453,"column":28},"end":{"line":457,"column":30}},"128":{"start":{"line":458,"column":28},"end":{"line":458,"column":57}},"129":{"start":{"line":461,"column":24},"end":{"line":473,"column":25}},"130":{"start":{"line":462,"column":52},"end":{"line":466,"column":29}},"131":{"start":{"line":467,"column":28},"end":{"line":471,"column":30}},"132":{"start":{"line":472,"column":28},"end":{"line":472,"column":60}},"133":{"start":{"line":487,"column":8},"end":{"line":545,"column":11}},"134":{"start":{"line":488,"column":45},"end":{"line":488,"column":51}},"135":{"start":{"line":490,"column":12},"end":{"line":499,"column":13}},"136":{"start":{"line":491,"column":38},"end":{"line":494,"column":17}},"137":{"start":{"line":495,"column":16},"end":{"line":497,"column":18}},"138":{"start":{"line":498,"column":16},"end":{"line":498,"column":45}},"139":{"start":{"line":501,"column":12},"end":{"line":544,"column":14}},"140":{"start":{"line":505,"column":20},"end":{"line":517,"column":21}},"141":{"start":{"line":506,"column":46},"end":{"line":510,"column":25}},"142":{"start":{"line":511,"column":24},"end":{"line":515,"column":26}},"143":{"start":{"line":516,"column":24},"end":{"line":516,"column":53}},"144":{"start":{"line":518,"column":35},"end":{"line":518,"column":37}},"145":{"start":{"line":519,"column":20},"end":{"line":519,"column":51}},"146":{"start":{"line":521,"column":20},"end":{"line":523,"column":23}},"147":{"start":{"line":522,"column":24},"end":{"line":522,"column":42}},"148":{"start":{"line":525,"column":20},"end":{"line":538,"column":23}},"149":{"start":{"line":526,"column":48},"end":{"line":530,"column":25}},"150":{"start":{"line":532,"column":24},"end":{"line":536,"column":26}},"151":{"start":{"line":537,"column":24},"end":{"line":537,"column":56}},"152":{"start":{"line":540,"column":20},"end":{"line":542,"column":23}},"153":{"start":{"line":541,"column":24},"end":{"line":541,"column":43}},"154":{"start":{"line":555,"column":8},"end":{"line":555,"column":74}},"155":{"start":{"line":565,"column":8},"end":{"line":609,"column":11}},"156":{"start":{"line":566,"column":35},"end":{"line":566,"column":41}},"157":{"start":{"line":568,"column":12},"end":{"line":577,"column":13}},"158":{"start":{"line":569,"column":38},"end":{"line":572,"column":17}},"159":{"start":{"line":573,"column":16},"end":{"line":575,"column":18}},"160":{"start":{"line":576,"column":16},"end":{"line":576,"column":45}},"161":{"start":{"line":579,"column":12},"end":{"line":608,"column":14}},"162":{"start":{"line":582,"column":20},"end":{"line":594,"column":21}},"163":{"start":{"line":583,"column":46},"end":{"line":587,"column":25}},"164":{"start":{"line":588,"column":24},"end":{"line":592,"column":26}},"165":{"start":{"line":593,"column":24},"end":{"line":593,"column":53}},"166":{"start":{"line":596,"column":44},"end":{"line":600,"column":21}},"167":{"start":{"line":601,"column":20},"end":{"line":605,"column":22}},"168":{"start":{"line":606,"column":20},"end":{"line":606,"column":52}},"169":{"start":{"line":15,"column":0},"end":{"line":611,"column":1}}},"fnMap":{"0":{"name":"(anonymous_6)","decl":{"start":{"line":27,"column":4},"end":{"line":27,"column":15}},"loc":{"start":{"line":27,"column":70},"end":{"line":36,"column":5}}},"1":{"name":"(anonymous_7)","decl":{"start":{"line":44,"column":11},"end":{"line":44,"column":23}},"loc":{"start":{"line":44,"column":24},"end":{"line":46,"column":5}}},"2":{"name":"(anonymous_8)","decl":{"start":{"line":54,"column":11},"end":{"line":54,"column":22}},"loc":{"start":{"line":54,"column":48},"end":{"line":136,"column":5}}},"3":{"name":"(anonymous_9)","decl":{"start":{"line":55,"column":29},"end":{"line":55,"column":30}},"loc":{"start":{"line":55,"column":69},"end":{"line":135,"column":9}}},"4":{"name":"(anonymous_10)","decl":{"start":{"line":71,"column":16},"end":{"line":71,"column":17}},"loc":{"start":{"line":71,"column":69},"end":{"line":133,"column":17}}},"5":{"name":"(anonymous_11)","decl":{"start":{"line":90,"column":28},"end":{"line":90,"column":29}},"loc":{"start":{"line":90,"column":53},"end":{"line":119,"column":29}}},"6":{"name":"(anonymous_12)","decl":{"start":{"line":144,"column":11},"end":{"line":144,"column":23}},"loc":{"start":{"line":144,"column":24},"end":{"line":186,"column":5}}},"7":{"name":"(anonymous_13)","decl":{"start":{"line":145,"column":29},"end":{"line":145,"column":30}},"loc":{"start":{"line":145,"column":69},"end":{"line":185,"column":9}}},"8":{"name":"(anonymous_14)","decl":{"start":{"line":157,"column":16},"end":{"line":157,"column":17}},"loc":{"start":{"line":157,"column":47},"end":{"line":169,"column":17}}},"9":{"name":"(anonymous_15)","decl":{"start":{"line":170,"column":16},"end":{"line":170,"column":17}},"loc":{"start":{"line":170,"column":33},"end":{"line":183,"column":17}}},"10":{"name":"(anonymous_16)","decl":{"start":{"line":194,"column":11},"end":{"line":194,"column":22}},"loc":{"start":{"line":194,"column":48},"end":{"line":245,"column":5}}},"11":{"name":"(anonymous_17)","decl":{"start":{"line":195,"column":29},"end":{"line":195,"column":36}},"loc":{"start":{"line":195,"column":75},"end":{"line":244,"column":9}}},"12":{"name":"(anonymous_18)","decl":{"start":{"line":195,"column":75},"end":{"line":null,"column":-1}},"loc":{"start":{"line":195,"column":75},"end":{"line":244,"column":9}}},"13":{"name":"(anonymous_19)","decl":{"start":{"line":217,"column":16},"end":{"line":217,"column":17}},"loc":{"start":{"line":217,"column":52},"end":{"line":242,"column":17}}},"14":{"name":"(anonymous_20)","decl":{"start":{"line":253,"column":11},"end":{"line":253,"column":21}},"loc":{"start":{"line":253,"column":47},"end":{"line":334,"column":5}}},"15":{"name":"(anonymous_21)","decl":{"start":{"line":254,"column":29},"end":{"line":254,"column":36}},"loc":{"start":{"line":254,"column":75},"end":{"line":333,"column":9}}},"16":{"name":"(anonymous_22)","decl":{"start":{"line":254,"column":75},"end":{"line":null,"column":-1}},"loc":{"start":{"line":254,"column":75},"end":{"line":333,"column":9}}},"17":{"name":"(anonymous_23)","decl":{"start":{"line":268,"column":16},"end":{"line":268,"column":17}},"loc":{"start":{"line":268,"column":42},"end":{"line":328,"column":17}}},"18":{"name":"(anonymous_24)","decl":{"start":{"line":287,"column":58},"end":{"line":287,"column":59}},"loc":{"start":{"line":287,"column":78},"end":{"line":289,"column":21}}},"19":{"name":"(anonymous_25)","decl":{"start":{"line":294,"column":24},"end":{"line":294,"column":25}},"loc":{"start":{"line":294,"column":60},"end":{"line":326,"column":25}}},"20":{"name":"(anonymous_26)","decl":{"start":{"line":329,"column":16},"end":{"line":329,"column":20}},"loc":{"start":{"line":329,"column":24},"end":{"line":331,"column":17}}},"21":{"name":"(anonymous_27)","decl":{"start":{"line":342,"column":11},"end":{"line":342,"column":21}},"loc":{"start":{"line":342,"column":47},"end":{"line":387,"column":5}}},"22":{"name":"(anonymous_28)","decl":{"start":{"line":343,"column":29},"end":{"line":343,"column":30}},"loc":{"start":{"line":343,"column":69},"end":{"line":386,"column":9}}},"23":{"name":"(anonymous_29)","decl":{"start":{"line":363,"column":30},"end":{"line":363,"column":31}},"loc":{"start":{"line":363,"column":50},"end":{"line":365,"column":13}}},"24":{"name":"(anonymous_30)","decl":{"start":{"line":367,"column":31},"end":{"line":367,"column":32}},"loc":{"start":{"line":367,"column":46},"end":{"line":373,"column":13}}},"25":{"name":"(anonymous_31)","decl":{"start":{"line":375,"column":29},"end":{"line":375,"column":31}},"loc":{"start":{"line":375,"column":34},"end":{"line":385,"column":13}}},"26":{"name":"(anonymous_32)","decl":{"start":{"line":395,"column":11},"end":{"line":395,"column":19}},"loc":{"start":{"line":395,"column":44},"end":{"line":478,"column":5}}},"27":{"name":"(anonymous_33)","decl":{"start":{"line":396,"column":29},"end":{"line":396,"column":30}},"loc":{"start":{"line":396,"column":69},"end":{"line":477,"column":9}}},"28":{"name":"(anonymous_34)","decl":{"start":{"line":426,"column":30},"end":{"line":426,"column":31}},"loc":{"start":{"line":426,"column":59},"end":{"line":476,"column":13}}},"29":{"name":"(anonymous_35)","decl":{"start":{"line":445,"column":20},"end":{"line":445,"column":21}},"loc":{"start":{"line":445,"column":34},"end":{"line":474,"column":21}}},"30":{"name":"(anonymous_36)","decl":{"start":{"line":486,"column":11},"end":{"line":486,"column":19}},"loc":{"start":{"line":486,"column":43},"end":{"line":546,"column":5}}},"31":{"name":"(anonymous_37)","decl":{"start":{"line":487,"column":29},"end":{"line":487,"column":30}},"loc":{"start":{"line":487,"column":69},"end":{"line":545,"column":9}}},"32":{"name":"(anonymous_38)","decl":{"start":{"line":504,"column":16},"end":{"line":504,"column":17}},"loc":{"start":{"line":504,"column":57},"end":{"line":543,"column":17}}},"33":{"name":"(anonymous_39)","decl":{"start":{"line":521,"column":42},"end":{"line":521,"column":43}},"loc":{"start":{"line":521,"column":60},"end":{"line":523,"column":21}}},"34":{"name":"(anonymous_40)","decl":{"start":{"line":525,"column":41},"end":{"line":525,"column":43}},"loc":{"start":{"line":525,"column":46},"end":{"line":538,"column":21}}},"35":{"name":"(anonymous_41)","decl":{"start":{"line":540,"column":43},"end":{"line":540,"column":44}},"loc":{"start":{"line":540,"column":58},"end":{"line":542,"column":21}}},"36":{"name":"(anonymous_42)","decl":{"start":{"line":554,"column":11},"end":{"line":554,"column":22}},"loc":{"start":{"line":554,"column":46},"end":{"line":556,"column":5}}},"37":{"name":"(anonymous_43)","decl":{"start":{"line":555,"column":29},"end":{"line":555,"column":30}},"loc":{"start":{"line":555,"column":69},"end":{"line":555,"column":72}}},"38":{"name":"(anonymous_44)","decl":{"start":{"line":564,"column":11},"end":{"line":564,"column":22}},"loc":{"start":{"line":564,"column":48},"end":{"line":610,"column":5}}},"39":{"name":"(anonymous_45)","decl":{"start":{"line":565,"column":29},"end":{"line":565,"column":30}},"loc":{"start":{"line":565,"column":69},"end":{"line":609,"column":9}}},"40":{"name":"(anonymous_46)","decl":{"start":{"line":581,"column":16},"end":{"line":581,"column":17}},"loc":{"start":{"line":581,"column":57},"end":{"line":607,"column":17}}}},"branchMap":{"0":{"loc":{"start":{"line":57,"column":12},"end":{"line":66,"column":13}},"type":"if","locations":[{"start":{"line":57,"column":12},"end":{"line":66,"column":13}},{"start":{"line":57,"column":12},"end":{"line":66,"column":13}}]},"1":{"loc":{"start":{"line":72,"column":20},"end":{"line":84,"column":21}},"type":"if","locations":[{"start":{"line":72,"column":20},"end":{"line":84,"column":21}},{"start":{"line":72,"column":20},"end":{"line":84,"column":21}}]},"2":{"loc":{"start":{"line":86,"column":20},"end":{"line":132,"column":21}},"type":"if","locations":[{"start":{"line":86,"column":20},"end":{"line":132,"column":21}},{"start":{"line":86,"column":20},"end":{"line":132,"column":21}}]},"3":{"loc":{"start":{"line":91,"column":32},"end":{"line":118,"column":33}},"type":"if","locations":[{"start":{"line":91,"column":32},"end":{"line":118,"column":33}},{"start":{"line":91,"column":32},"end":{"line":118,"column":33}}]},"4":{"loc":{"start":{"line":146,"column":12},"end":{"line":154,"column":13}},"type":"if","locations":[{"start":{"line":146,"column":12},"end":{"line":154,"column":13}},{"start":{"line":146,"column":12},"end":{"line":154,"column":13}}]},"5":{"loc":{"start":{"line":198,"column":12},"end":{"line":207,"column":13}},"type":"if","locations":[{"start":{"line":198,"column":12},"end":{"line":207,"column":13}},{"start":{"line":198,"column":12},"end":{"line":207,"column":13}}]},"6":{"loc":{"start":{"line":218,"column":20},"end":{"line":230,"column":21}},"type":"if","locations":[{"start":{"line":218,"column":20},"end":{"line":230,"column":21}},{"start":{"line":218,"column":20},"end":{"line":230,"column":21}}]},"7":{"loc":{"start":{"line":257,"column":12},"end":{"line":266,"column":13}},"type":"if","locations":[{"start":{"line":257,"column":12},"end":{"line":266,"column":13}},{"start":{"line":257,"column":12},"end":{"line":266,"column":13}}]},"8":{"loc":{"start":{"line":271,"column":20},"end":{"line":285,"column":21}},"type":"if","locations":[{"start":{"line":271,"column":20},"end":{"line":285,"column":21}},{"start":{"line":271,"column":20},"end":{"line":285,"column":21}}]},"9":{"loc":{"start":{"line":295,"column":28},"end":{"line":312,"column":29}},"type":"if","locations":[{"start":{"line":295,"column":28},"end":{"line":312,"column":29}},{"start":{"line":295,"column":28},"end":{"line":312,"column":29}}]},"10":{"loc":{"start":{"line":346,"column":12},"end":{"line":355,"column":13}},"type":"if","locations":[{"start":{"line":346,"column":12},"end":{"line":355,"column":13}},{"start":{"line":346,"column":12},"end":{"line":355,"column":13}}]},"11":{"loc":{"start":{"line":399,"column":12},"end":{"line":408,"column":13}},"type":"if","locations":[{"start":{"line":399,"column":12},"end":{"line":408,"column":13}},{"start":{"line":399,"column":12},"end":{"line":408,"column":13}}]},"12":{"loc":{"start":{"line":399,"column":16},"end":{"line":399,"column":42}},"type":"binary-expr","locations":[{"start":{"line":399,"column":16},"end":{"line":399,"column":42}},{"start":{"line":399,"column":46},"end":{"line":399,"column":70}}]},"13":{"loc":{"start":{"line":411,"column":12},"end":{"line":421,"column":13}},"type":"if","locations":[{"start":{"line":411,"column":12},"end":{"line":421,"column":13}},{"start":{"line":411,"column":12},"end":{"line":421,"column":13}}]},"14":{"loc":{"start":{"line":427,"column":16},"end":{"line":438,"column":17}},"type":"if","locations":[{"start":{"line":427,"column":16},"end":{"line":438,"column":17}},{"start":{"line":427,"column":16},"end":{"line":438,"column":17}}]},"15":{"loc":{"start":{"line":446,"column":24},"end":{"line":459,"column":25}},"type":"if","locations":[{"start":{"line":446,"column":24},"end":{"line":459,"column":25}},{"start":{"line":446,"column":24},"end":{"line":459,"column":25}}]},"16":{"loc":{"start":{"line":461,"column":24},"end":{"line":473,"column":25}},"type":"if","locations":[{"start":{"line":461,"column":24},"end":{"line":473,"column":25}},{"start":{"line":461,"column":24},"end":{"line":473,"column":25}}]},"17":{"loc":{"start":{"line":490,"column":12},"end":{"line":499,"column":13}},"type":"if","locations":[{"start":{"line":490,"column":12},"end":{"line":499,"column":13}},{"start":{"line":490,"column":12},"end":{"line":499,"column":13}}]},"18":{"loc":{"start":{"line":490,"column":16},"end":{"line":490,"column":42}},"type":"binary-expr","locations":[{"start":{"line":490,"column":16},"end":{"line":490,"column":42}},{"start":{"line":490,"column":46},"end":{"line":490,"column":70}}]},"19":{"loc":{"start":{"line":505,"column":20},"end":{"line":517,"column":21}},"type":"if","locations":[{"start":{"line":505,"column":20},"end":{"line":517,"column":21}},{"start":{"line":505,"column":20},"end":{"line":517,"column":21}}]},"20":{"loc":{"start":{"line":568,"column":12},"end":{"line":577,"column":13}},"type":"if","locations":[{"start":{"line":568,"column":12},"end":{"line":577,"column":13}},{"start":{"line":568,"column":12},"end":{"line":577,"column":13}}]},"21":{"loc":{"start":{"line":582,"column":20},"end":{"line":594,"column":21}},"type":"if","locations":[{"start":{"line":582,"column":20},"end":{"line":594,"column":21}},{"start":{"line":582,"column":20},"end":{"line":594,"column":21}}]}},"s":{"0":1,"1":1,"2":1,"3":1,"4":1,"5":1,"6":1,"7":1,"8":1,"9":6,"10":6,"11":6,"12":6,"13":1,"14":1,"15":1,"16":1,"17":0,"18":0,"19":0,"20":1,"21":1,"22":0,"23":0,"24":0,"25":1,"26":1,"27":1,"28":0,"29":0,"30":0,"31":1,"32":1,"33":1,"34":0,"35":0,"36":0,"37":1,"38":1,"39":0,"40":0,"41":0,"42":1,"43":1,"44":1,"45":1,"46":0,"47":0,"48":0,"49":1,"50":1,"51":1,"52":1,"53":0,"54":0,"55":0,"56":1,"57":1,"58":0,"59":1,"60":1,"61":0,"62":0,"63":0,"64":1,"65":1,"66":1,"67":1,"68":1,"69":1,"70":1,"71":0,"72":0,"73":0,"74":1,"75":1,"76":1,"77":1,"78":1,"79":1,"80":0,"81":0,"82":0,"83":0,"84":0,"85":0,"86":0,"87":0,"88":0,"89":0,"90":0,"91":1,"92":1,"93":1,"94":0,"95":0,"96":0,"97":1,"98":1,"99":1,"100":0,"101":1,"102":0,"103":1,"104":1,"105":1,"106":1,"107":1,"108":1,"109":1,"110":0,"111":0,"112":0,"113":1,"114":0,"115":0,"116":0,"117":1,"118":1,"119":1,"120":1,"121":0,"122":0,"123":0,"124":1,"125":1,"126":0,"127":0,"128":0,"129":1,"130":1,"131":1,"132":1,"133":1,"134":1,"135":1,"136":0,"137":0,"138":0,"139":1,"140":1,"141":0,"142":0,"143":0,"144":1,"145":1,"146":1,"147":1,"148":1,"149":1,"150":1,"151":1,"152":1,"153":0,"154":0,"155":0,"156":0,"157":0,"158":0,"159":0,"160":0,"161":0,"162":0,"163":0,"164":0,"165":0,"166":0,"167":0,"168":0,"169":1},"f":{"0":6,"1":1,"2":1,"3":1,"4":1,"5":1,"6":1,"7":1,"8":1,"9":0,"10":1,"11":1,"12":1,"13":1,"14":1,"15":1,"16":1,"17":1,"18":0,"19":0,"20":0,"21":1,"22":1,"23":0,"24":0,"25":1,"26":1,"27":1,"28":1,"29":1,"30":1,"31":1,"32":1,"33":1,"34":1,"35":0,"36":0,"37":0,"38":0,"39":0,"40":0},"b":{"0":[0,1],"1":[0,1],"2":[1,0],"3":[0,1],"4":[0,1],"5":[0,1],"6":[0,1],"7":[0,1],"8":[1,0],"9":[0,0],"10":[0,1],"11":[0,1],"12":[1,1],"13":[0,1],"14":[0,1],"15":[0,1],"16":[1,0],"17":[0,1],"18":[1,1],"19":[0,1],"20":[0,0],"21":[0,0]}}
,"/Users/gaurangdave/workspace/aarnam-helper-scripts/minio/index.ts": {"path":"/Users/gaurangdave/workspace/aarnam-helper-scripts/minio/index.ts","statementMap":{"0":{"start":{"line":1,"column":0},"end":{"line":1,"column":43}},"1":{"start":{"line":2,"column":15},"end":{"line":2,"column":35}},"2":{"start":{"line":3,"column":19},"end":{"line":3,"column":32}},"3":{"start":{"line":9,"column":13},"end":{"line":35,"column":2}},"4":{"start":{"line":12,"column":47},"end":{"line":12,"column":53}},"5":{"start":{"line":13,"column":4},"end":{"line":18,"column":5}},"6":{"start":{"line":14,"column":8},"end":{"line":16,"column":10}},"7":{"start":{"line":17,"column":8},"end":{"line":17,"column":20}},"8":{"start":{"line":20,"column":4},"end":{"line":25,"column":5}},"9":{"start":{"line":21,"column":8},"end":{"line":23,"column":10}},"10":{"start":{"line":24,"column":8},"end":{"line":24,"column":20}},"11":{"start":{"line":27,"column":4},"end":{"line":32,"column":5}},"12":{"start":{"line":28,"column":8},"end":{"line":30,"column":10}},"13":{"start":{"line":31,"column":8},"end":{"line":31,"column":20}},"14":{"start":{"line":34,"column":4},"end":{"line":34,"column":59}},"15":{"start":{"line":43,"column":0},"end":{"line":43,"column":32}}},"fnMap":{"0":{"name":"(anonymous_0)","decl":{"start":{"line":9,"column":26},"end":{"line":10,"column":4}},"loc":{"start":{"line":11,"column":24},"end":{"line":35,"column":1}}}},"branchMap":{"0":{"loc":{"start":{"line":13,"column":4},"end":{"line":18,"column":5}},"type":"if","locations":[{"start":{"line":13,"column":4},"end":{"line":18,"column":5}},{"start":{"line":13,"column":4},"end":{"line":18,"column":5}}]},"1":{"loc":{"start":{"line":20,"column":4},"end":{"line":25,"column":5}},"type":"if","locations":[{"start":{"line":20,"column":4},"end":{"line":25,"column":5}},{"start":{"line":20,"column":4},"end":{"line":25,"column":5}}]},"2":{"loc":{"start":{"line":27,"column":4},"end":{"line":32,"column":5}},"type":"if","locations":[{"start":{"line":27,"column":4},"end":{"line":32,"column":5}},{"start":{"line":27,"column":4},"end":{"line":32,"column":5}}]}},"s":{"0":1,"1":1,"2":1,"3":1,"4":9,"5":9,"6":3,"7":3,"8":6,"9":0,"10":0,"11":6,"12":0,"13":0,"14":6,"15":1},"f":{"0":9},"b":{"0":[3,6],"1":[0,6],"2":[0,6]}}
,"/Users/gaurangdave/workspace/aarnam-helper-scripts/serviceResponse/ServiceResponse.ts": {"path":"/Users/gaurangdave/workspace/aarnam-helper-scripts/serviceResponse/ServiceResponse.ts","statementMap":{"0":{"start":{"line":1,"column":29},"end":{"line":1,"column":74}},"1":{"start":{"line":14,"column":8},"end":{"line":14,"column":26}},"2":{"start":{"line":15,"column":8},"end":{"line":15,"column":26}},"3":{"start":{"line":16,"column":8},"end":{"line":16,"column":32}},"4":{"start":{"line":17,"column":8},"end":{"line":17,"column":26}},"5":{"start":{"line":25,"column":8},"end":{"line":30,"column":10}},"6":{"start":{"line":38,"column":8},"end":{"line":43,"column":10}},"7":{"start":{"line":51,"column":8},"end":{"line":56,"column":10}},"8":{"start":{"line":63,"column":8},"end":{"line":63,"column":26}},"9":{"start":{"line":71,"column":8},"end":{"line":71,"column":26}},"10":{"start":{"line":79,"column":8},"end":{"line":79,"column":29}},"11":{"start":{"line":87,"column":8},"end":{"line":87,"column":26}},"12":{"start":{"line":95,"column":8},"end":{"line":95,"column":27}},"13":{"start":{"line":103,"column":8},"end":{"line":103,"column":27}},"14":{"start":{"line":111,"column":8},"end":{"line":111,"column":30}},"15":{"start":{"line":119,"column":8},"end":{"line":119,"column":27}},"16":{"start":{"line":2,"column":0},"end":{"line":121,"column":1}}},"fnMap":{"0":{"name":"(anonymous_0)","decl":{"start":{"line":8,"column":4},"end":{"line":9,"column":7}},"loc":{"start":{"line":12,"column":24},"end":{"line":18,"column":5}}},"1":{"name":"(anonymous_1)","decl":{"start":{"line":20,"column":4},"end":{"line":20,"column":9}},"loc":{"start":{"line":23,"column":25},"end":{"line":31,"column":5}}},"2":{"name":"(anonymous_2)","decl":{"start":{"line":33,"column":4},"end":{"line":33,"column":9}},"loc":{"start":{"line":36,"column":25},"end":{"line":44,"column":5}}},"3":{"name":"(anonymous_3)","decl":{"start":{"line":46,"column":4},"end":{"line":46,"column":9}},"loc":{"start":{"line":49,"column":25},"end":{"line":57,"column":5}}},"4":{"name":"(anonymous_4)","decl":{"start":{"line":62,"column":4},"end":{"line":62,"column":14}},"loc":{"start":{"line":62,"column":19},"end":{"line":64,"column":5}}},"5":{"name":"(anonymous_5)","decl":{"start":{"line":70,"column":4},"end":{"line":70,"column":14}},"loc":{"start":{"line":70,"column":19},"end":{"line":72,"column":5}}},"6":{"name":"(anonymous_6)","decl":{"start":{"line":78,"column":4},"end":{"line":78,"column":14}},"loc":{"start":{"line":78,"column":22},"end":{"line":80,"column":5}}},"7":{"name":"(anonymous_7)","decl":{"start":{"line":86,"column":4},"end":{"line":86,"column":14}},"loc":{"start":{"line":86,"column":19},"end":{"line":88,"column":5}}},"8":{"name":"(anonymous_8)","decl":{"start":{"line":94,"column":4},"end":{"line":94,"column":14}},"loc":{"start":{"line":94,"column":33},"end":{"line":96,"column":5}}},"9":{"name":"(anonymous_9)","decl":{"start":{"line":102,"column":4},"end":{"line":102,"column":14}},"loc":{"start":{"line":102,"column":33},"end":{"line":104,"column":5}}},"10":{"name":"(anonymous_10)","decl":{"start":{"line":110,"column":4},"end":{"line":110,"column":14}},"loc":{"start":{"line":110,"column":36},"end":{"line":112,"column":5}}},"11":{"name":"(anonymous_11)","decl":{"start":{"line":118,"column":4},"end":{"line":118,"column":14}},"loc":{"start":{"line":118,"column":30},"end":{"line":120,"column":5}}}},"branchMap":{"0":{"loc":{"start":{"line":9,"column":23},"end":{"line":9,"column":55}},"type":"default-arg","locations":[{"start":{"line":9,"column":23},"end":{"line":9,"column":55}}]},"1":{"loc":{"start":{"line":10,"column":23},"end":{"line":10,"column":57}},"type":"default-arg","locations":[{"start":{"line":10,"column":23},"end":{"line":10,"column":57}}]},"2":{"loc":{"start":{"line":11,"column":26},"end":{"line":11,"column":60}},"type":"default-arg","locations":[{"start":{"line":11,"column":26},"end":{"line":11,"column":60}}]},"3":{"loc":{"start":{"line":12,"column":20},"end":{"line":12,"column":24}},"type":"default-arg","locations":[{"start":{"line":12,"column":20},"end":{"line":12,"column":24}}]},"4":{"loc":{"start":{"line":21,"column":24},"end":{"line":21,"column":58}},"type":"default-arg","locations":[{"start":{"line":21,"column":24},"end":{"line":21,"column":58}}]},"5":{"loc":{"start":{"line":22,"column":27},"end":{"line":22,"column":61}},"type":"default-arg","locations":[{"start":{"line":22,"column":27},"end":{"line":22,"column":61}}]},"6":{"loc":{"start":{"line":23,"column":21},"end":{"line":23,"column":25}},"type":"default-arg","locations":[{"start":{"line":23,"column":21},"end":{"line":23,"column":25}}]},"7":{"loc":{"start":{"line":34,"column":24},"end":{"line":34,"column":58}},"type":"default-arg","locations":[{"start":{"line":34,"column":24},"end":{"line":34,"column":58}}]},"8":{"loc":{"start":{"line":35,"column":27},"end":{"line":35,"column":61}},"type":"default-arg","locations":[{"start":{"line":35,"column":27},"end":{"line":35,"column":61}}]},"9":{"loc":{"start":{"line":36,"column":21},"end":{"line":36,"column":25}},"type":"default-arg","locations":[{"start":{"line":36,"column":21},"end":{"line":36,"column":25}}]},"10":{"loc":{"start":{"line":47,"column":24},"end":{"line":47,"column":58}},"type":"default-arg","locations":[{"start":{"line":47,"column":24},"end":{"line":47,"column":58}}]},"11":{"loc":{"start":{"line":48,"column":27},"end":{"line":48,"column":61}},"type":"default-arg","locations":[{"start":{"line":48,"column":27},"end":{"line":48,"column":61}}]},"12":{"loc":{"start":{"line":49,"column":21},"end":{"line":49,"column":25}},"type":"default-arg","locations":[{"start":{"line":49,"column":21},"end":{"line":49,"column":25}}]}},"s":{"0":2,"1":13,"2":13,"3":13,"4":13,"5":0,"6":13,"7":0,"8":0,"9":13,"10":0,"11":3,"12":0,"13":0,"14":0,"15":0,"16":2},"f":{"0":13,"1":0,"2":13,"3":0,"4":0,"5":13,"6":0,"7":3,"8":0,"9":0,"10":0,"11":0},"b":{"0":[0],"1":[0],"2":[0],"3":[0],"4":[0],"5":[0],"6":[0],"7":[0],"8":[0],"9":[6],"10":[0],"11":[0],"12":[0]}}
,"/Users/gaurangdave/workspace/aarnam-helper-scripts/tests/helper/google/index.js": {"path":"/Users/gaurangdave/workspace/aarnam-helper-scripts/tests/helper/google/index.js","statementMap":{"0":{"start":{"line":1,"column":22},"end":{"line":1,"column":62}},"1":{"start":{"line":2,"column":10},"end":{"line":2,"column":22}},"2":{"start":{"line":3,"column":11},"end":{"line":3,"column":24}},"3":{"start":{"line":4,"column":13},"end":{"line":4,"column":28}},"4":{"start":{"line":6,"column":20},"end":{"line":6,"column":73}},"5":{"start":{"line":7,"column":18},"end":{"line":7,"column":33}},"6":{"start":{"line":8,"column":16},"end":{"line":11,"column":2}},"7":{"start":{"line":13,"column":25},"end":{"line":24,"column":1}},"8":{"start":{"line":14,"column":5},"end":{"line":23,"column":8}},"9":{"start":{"line":15,"column":28},"end":{"line":15,"column":54}},"10":{"start":{"line":16,"column":10},"end":{"line":22,"column":13}},"11":{"start":{"line":17,"column":15},"end":{"line":19,"column":16}},"12":{"start":{"line":18,"column":20},"end":{"line":18,"column":41}},"13":{"start":{"line":21,"column":15},"end":{"line":21,"column":38}},"14":{"start":{"line":26,"column":23},"end":{"line":41,"column":1}},"15":{"start":{"line":27,"column":5},"end":{"line":40,"column":8}},"16":{"start":{"line":28,"column":27},"end":{"line":28,"column":50}},"17":{"start":{"line":29,"column":25},"end":{"line":29,"column":51}},"18":{"start":{"line":30,"column":23},"end":{"line":30,"column":44}},"19":{"start":{"line":31,"column":10},"end":{"line":38,"column":17}},"20":{"start":{"line":34,"column":20},"end":{"line":34,"column":41}},"21":{"start":{"line":37,"column":20},"end":{"line":37,"column":37}},"22":{"start":{"line":43,"column":25},"end":{"line":46,"column":1}},"23":{"start":{"line":44,"column":20},"end":{"line":44,"column":46}},"24":{"start":{"line":45,"column":5},"end":{"line":45,"column":28}},"25":{"start":{"line":48,"column":23},"end":{"line":51,"column":1}},"26":{"start":{"line":49,"column":20},"end":{"line":49,"column":46}},"27":{"start":{"line":50,"column":5},"end":{"line":50,"column":33}},"28":{"start":{"line":53,"column":20},"end":{"line":66,"column":1}},"29":{"start":{"line":54,"column":5},"end":{"line":65,"column":8}},"30":{"start":{"line":55,"column":10},"end":{"line":64,"column":12}},"31":{"start":{"line":56,"column":15},"end":{"line":58,"column":16}},"32":{"start":{"line":57,"column":20},"end":{"line":57,"column":41}},"33":{"start":{"line":60,"column":15},"end":{"line":62,"column":18}},"34":{"start":{"line":61,"column":20},"end":{"line":61,"column":38}},"35":{"start":{"line":63,"column":15},"end":{"line":63,"column":42}},"36":{"start":{"line":68,"column":0},"end":{"line":74,"column":2}}},"fnMap":{"0":{"name":"(anonymous_0)","decl":{"start":{"line":13,"column":25},"end":{"line":13,"column":26}},"loc":{"start":{"line":13,"column":41},"end":{"line":24,"column":1}},"line":13},"1":{"name":"(anonymous_1)","decl":{"start":{"line":14,"column":26},"end":{"line":14,"column":27}},"loc":{"start":{"line":14,"column":47},"end":{"line":23,"column":6}},"line":14},"2":{"name":"(anonymous_2)","decl":{"start":{"line":16,"column":27},"end":{"line":16,"column":28}},"loc":{"start":{"line":16,"column":46},"end":{"line":22,"column":11}},"line":16},"3":{"name":"(anonymous_3)","decl":{"start":{"line":26,"column":23},"end":{"line":26,"column":24}},"loc":{"start":{"line":26,"column":49},"end":{"line":41,"column":1}},"line":26},"4":{"name":"(anonymous_4)","decl":{"start":{"line":27,"column":26},"end":{"line":27,"column":27}},"loc":{"start":{"line":27,"column":47},"end":{"line":40,"column":6}},"line":27},"5":{"name":"(anonymous_5)","decl":{"start":{"line":33,"column":28},"end":{"line":33,"column":29}},"loc":{"start":{"line":33,"column":39},"end":{"line":35,"column":16}},"line":33},"6":{"name":"(anonymous_6)","decl":{"start":{"line":36,"column":29},"end":{"line":36,"column":30}},"loc":{"start":{"line":36,"column":35},"end":{"line":38,"column":16}},"line":36},"7":{"name":"(anonymous_7)","decl":{"start":{"line":43,"column":25},"end":{"line":43,"column":26}},"loc":{"start":{"line":43,"column":41},"end":{"line":46,"column":1}},"line":43},"8":{"name":"(anonymous_8)","decl":{"start":{"line":48,"column":23},"end":{"line":48,"column":24}},"loc":{"start":{"line":48,"column":39},"end":{"line":51,"column":1}},"line":48},"9":{"name":"(anonymous_9)","decl":{"start":{"line":53,"column":20},"end":{"line":53,"column":21}},"loc":{"start":{"line":53,"column":26},"end":{"line":66,"column":1}},"line":53},"10":{"name":"(anonymous_10)","decl":{"start":{"line":54,"column":26},"end":{"line":54,"column":27}},"loc":{"start":{"line":54,"column":47},"end":{"line":65,"column":6}},"line":54},"11":{"name":"(anonymous_11)","decl":{"start":{"line":55,"column":29},"end":{"line":55,"column":30}},"loc":{"start":{"line":55,"column":52},"end":{"line":64,"column":11}},"line":55},"12":{"name":"(anonymous_12)","decl":{"start":{"line":60,"column":43},"end":{"line":60,"column":44}},"loc":{"start":{"line":60,"column":55},"end":{"line":62,"column":16}},"line":60}},"branchMap":{"0":{"loc":{"start":{"line":17,"column":15},"end":{"line":19,"column":16}},"type":"if","locations":[{"start":{"line":17,"column":15},"end":{"line":19,"column":16}},{"start":{"line":17,"column":15},"end":{"line":19,"column":16}}],"line":17},"1":{"loc":{"start":{"line":56,"column":15},"end":{"line":58,"column":16}},"type":"if","locations":[{"start":{"line":56,"column":15},"end":{"line":58,"column":16}},{"start":{"line":56,"column":15},"end":{"line":58,"column":16}}],"line":56}},"s":{"0":1,"1":1,"2":1,"3":1,"4":1,"5":1,"6":1,"7":1,"8":3,"9":3,"10":3,"11":3,"12":0,"13":3,"14":1,"15":1,"16":1,"17":1,"18":1,"19":1,"20":0,"21":1,"22":1,"23":4,"24":4,"25":1,"26":2,"27":2,"28":1,"29":2,"30":2,"31":2,"32":0,"33":2,"34":5,"35":2,"36":1},"f":{"0":3,"1":3,"2":3,"3":1,"4":1,"5":0,"6":1,"7":4,"8":2,"9":2,"10":2,"11":2,"12":5},"b":{"0":[0,3],"1":[0,2]},"_coverageSchema":"332fd63041d2c1bcb487cc26dd0d5f7d97098a6c","hash":"547e5e90243dbcd1cf8890caefadce3d3cd23d52"}
,"/Users/gaurangdave/workspace/aarnam-helper-scripts/tests/helper/minio/index.js": {"path":"/Users/gaurangdave/workspace/aarnam-helper-scripts/tests/helper/minio/index.js","statementMap":{"0":{"start":{"line":1,"column":14},"end":{"line":1,"column":30}},"1":{"start":{"line":2,"column":10},"end":{"line":2,"column":22}},"2":{"start":{"line":3,"column":11},"end":{"line":3,"column":24}},"3":{"start":{"line":4,"column":13},"end":{"line":4,"column":28}},"4":{"start":{"line":7,"column":19},"end":{"line":7,"column":74}},"5":{"start":{"line":13,"column":4},"end":{"line":13,"column":26}},"6":{"start":{"line":15,"column":20},"end":{"line":20,"column":2}},"7":{"start":{"line":22,"column":25},"end":{"line":28,"column":1}},"8":{"start":{"line":23,"column":5},"end":{"line":27,"column":6}},"9":{"start":{"line":24,"column":37},"end":{"line":24,"column":77}},"10":{"start":{"line":26,"column":10},"end":{"line":26,"column":57}},"11":{"start":{"line":30,"column":23},"end":{"line":48,"column":1}},"12":{"start":{"line":31,"column":5},"end":{"line":47,"column":8}},"13":{"start":{"line":32,"column":27},"end":{"line":32,"column":56}},"14":{"start":{"line":33,"column":27},"end":{"line":33,"column":50}},"15":{"start":{"line":35,"column":10},"end":{"line":46,"column":12}},"16":{"start":{"line":36,"column":15},"end":{"line":38,"column":16}},"17":{"start":{"line":37,"column":20},"end":{"line":37,"column":38}},"18":{"start":{"line":39,"column":15},"end":{"line":45,"column":17}},"19":{"start":{"line":40,"column":20},"end":{"line":42,"column":21}},"20":{"start":{"line":41,"column":25},"end":{"line":41,"column":44}},"21":{"start":{"line":44,"column":20},"end":{"line":44,"column":41}},"22":{"start":{"line":50,"column":23},"end":{"line":56,"column":1}},"23":{"start":{"line":51,"column":5},"end":{"line":55,"column":6}},"24":{"start":{"line":52,"column":39},"end":{"line":52,"column":99}},"25":{"start":{"line":54,"column":10},"end":{"line":54,"column":57}},"26":{"start":{"line":58,"column":25},"end":{"line":67,"column":1}},"27":{"start":{"line":59,"column":5},"end":{"line":66,"column":6}},"28":{"start":{"line":60,"column":33},"end":{"line":60,"column":75}},"29":{"start":{"line":62,"column":10},"end":{"line":65,"column":11}},"30":{"start":{"line":64,"column":15},"end":{"line":64,"column":62}},"31":{"start":{"line":69,"column":20},"end":{"line":82,"column":1}},"32":{"start":{"line":70,"column":5},"end":{"line":81,"column":8}},"33":{"start":{"line":71,"column":10},"end":{"line":80,"column":13}},"34":{"start":{"line":72,"column":15},"end":{"line":75,"column":16}},"35":{"start":{"line":73,"column":20},"end":{"line":73,"column":70}},"36":{"start":{"line":74,"column":20},"end":{"line":74,"column":36}},"37":{"start":{"line":76,"column":15},"end":{"line":78,"column":18}},"38":{"start":{"line":77,"column":20},"end":{"line":77,"column":36}},"39":{"start":{"line":79,"column":15},"end":{"line":79,"column":39}},"40":{"start":{"line":85,"column":0},"end":{"line":91,"column":2}}},"fnMap":{"0":{"name":"(anonymous_0)","decl":{"start":{"line":22,"column":25},"end":{"line":22,"column":26}},"loc":{"start":{"line":22,"column":47},"end":{"line":28,"column":1}},"line":22},"1":{"name":"(anonymous_1)","decl":{"start":{"line":30,"column":23},"end":{"line":30,"column":24}},"loc":{"start":{"line":30,"column":49},"end":{"line":48,"column":1}},"line":30},"2":{"name":"(anonymous_2)","decl":{"start":{"line":31,"column":26},"end":{"line":31,"column":27}},"loc":{"start":{"line":31,"column":47},"end":{"line":47,"column":6}},"line":31},"3":{"name":"(anonymous_3)","decl":{"start":{"line":35,"column":28},"end":{"line":35,"column":29}},"loc":{"start":{"line":35,"column":50},"end":{"line":46,"column":11}},"line":35},"4":{"name":"(anonymous_4)","decl":{"start":{"line":39,"column":83},"end":{"line":39,"column":84}},"loc":{"start":{"line":39,"column":104},"end":{"line":45,"column":16}},"line":39},"5":{"name":"(anonymous_5)","decl":{"start":{"line":50,"column":23},"end":{"line":50,"column":24}},"loc":{"start":{"line":50,"column":45},"end":{"line":56,"column":1}},"line":50},"6":{"name":"(anonymous_6)","decl":{"start":{"line":58,"column":25},"end":{"line":58,"column":26}},"loc":{"start":{"line":58,"column":47},"end":{"line":67,"column":1}},"line":58},"7":{"name":"(anonymous_7)","decl":{"start":{"line":69,"column":20},"end":{"line":69,"column":21}},"loc":{"start":{"line":69,"column":26},"end":{"line":82,"column":1}},"line":69},"8":{"name":"(anonymous_8)","decl":{"start":{"line":70,"column":26},"end":{"line":70,"column":27}},"loc":{"start":{"line":70,"column":47},"end":{"line":81,"column":6}},"line":70},"9":{"name":"(anonymous_9)","decl":{"start":{"line":71,"column":34},"end":{"line":71,"column":35}},"loc":{"start":{"line":71,"column":54},"end":{"line":80,"column":11}},"line":71},"10":{"name":"(anonymous_10)","decl":{"start":{"line":76,"column":37},"end":{"line":76,"column":38}},"loc":{"start":{"line":76,"column":47},"end":{"line":78,"column":16}},"line":76}},"branchMap":{"0":{"loc":{"start":{"line":36,"column":15},"end":{"line":38,"column":16}},"type":"if","locations":[{"start":{"line":36,"column":15},"end":{"line":38,"column":16}},{"start":{"line":36,"column":15},"end":{"line":38,"column":16}}],"line":36},"1":{"loc":{"start":{"line":40,"column":20},"end":{"line":42,"column":21}},"type":"if","locations":[{"start":{"line":40,"column":20},"end":{"line":42,"column":21}},{"start":{"line":40,"column":20},"end":{"line":42,"column":21}}],"line":40},"2":{"loc":{"start":{"line":62,"column":10},"end":{"line":65,"column":11}},"type":"if","locations":[{"start":{"line":62,"column":10},"end":{"line":65,"column":11}},{"start":{"line":62,"column":10},"end":{"line":65,"column":11}}],"line":62},"3":{"loc":{"start":{"line":72,"column":15},"end":{"line":75,"column":16}},"type":"if","locations":[{"start":{"line":72,"column":15},"end":{"line":75,"column":16}},{"start":{"line":72,"column":15},"end":{"line":75,"column":16}}],"line":72}},"s":{"0":1,"1":1,"2":1,"3":1,"4":1,"5":1,"6":1,"7":1,"8":3,"9":3,"10":0,"11":1,"12":1,"13":1,"14":1,"15":1,"16":1,"17":0,"18":1,"19":1,"20":0,"21":1,"22":1,"23":2,"24":2,"25":0,"26":1,"27":4,"28":4,"29":1,"30":0,"31":1,"32":2,"33":2,"34":2,"35":0,"36":0,"37":2,"38":61,"39":2,"40":1},"f":{"0":3,"1":1,"2":1,"3":1,"4":1,"5":2,"6":4,"7":2,"8":2,"9":2,"10":61},"b":{"0":[0,1],"1":[0,1],"2":[0,1],"3":[0,2]},"_coverageSchema":"332fd63041d2c1bcb487cc26dd0d5f7d97098a6c","hash":"9fc913dbaba4fe31dfe42cd3907e5cd77a85f9c1"}
,"/Users/gaurangdave/workspace/aarnam-helper-scripts/validators/array.validator.js": {"path":"/Users/gaurangdave/workspace/aarnam-helper-scripts/validators/array.validator.js","statementMap":{"0":{"start":{"line":1,"column":29},"end":{"line":3,"column":1}},"1":{"start":{"line":2,"column":5},"end":{"line":2,"column":60}},"2":{"start":{"line":5,"column":0},"end":{"line":7,"column":1}}},"fnMap":{"0":{"name":"(anonymous_0)","decl":{"start":{"line":1,"column":29},"end":{"line":1,"column":30}},"loc":{"start":{"line":1,"column":39},"end":{"line":3,"column":1}},"line":1}},"branchMap":{"0":{"loc":{"start":{"line":2,"column":12},"end":{"line":2,"column":60}},"type":"binary-expr","locations":[{"start":{"line":2,"column":12},"end":{"line":2,"column":16}},{"start":{"line":2,"column":20},"end":{"line":2,"column":41}},{"start":{"line":2,"column":45},"end":{"line":2,"column":60}}],"line":2}},"s":{"0":1,"1":1,"2":1},"f":{"0":1},"b":{"0":[1,1,1]},"_coverageSchema":"332fd63041d2c1bcb487cc26dd0d5f7d97098a6c","hash":"3e309e331b11af266970b070a9f078a04c584d3a"}
,"/Users/gaurangdave/workspace/aarnam-helper-scripts/validators/string.validator.js": {"path":"/Users/gaurangdave/workspace/aarnam-helper-scripts/validators/string.validator.js","statementMap":{"0":{"start":{"line":1,"column":22},"end":{"line":7,"column":1}},"1":{"start":{"line":2,"column":5},"end":{"line":4,"column":6}},"2":{"start":{"line":3,"column":10},"end":{"line":3,"column":22}},"3":{"start":{"line":6,"column":5},"end":{"line":6,"column":18}},"4":{"start":{"line":10,"column":0},"end":{"line":12,"column":1}}},"fnMap":{"0":{"name":"(anonymous_0)","decl":{"start":{"line":1,"column":22},"end":{"line":1,"column":23}},"loc":{"start":{"line":1,"column":36},"end":{"line":7,"column":1}},"line":1}},"branchMap":{"0":{"loc":{"start":{"line":2,"column":5},"end":{"line":4,"column":6}},"type":"if","locations":[{"start":{"line":2,"column":5},"end":{"line":4,"column":6}},{"start":{"line":2,"column":5},"end":{"line":4,"column":6}}],"line":2},"1":{"loc":{"start":{"line":2,"column":9},"end":{"line":2,"column":47}},"type":"binary-expr","locations":[{"start":{"line":2,"column":9},"end":{"line":2,"column":17}},{"start":{"line":2,"column":21},"end":{"line":2,"column":47}}],"line":2}},"s":{"0":2,"1":14,"2":14,"3":0,"4":2},"f":{"0":14},"b":{"0":[14,0],"1":[14,14]},"_coverageSchema":"332fd63041d2c1bcb487cc26dd0d5f7d97098a6c","hash":"c128917ccf2475d7eddcc65aae9c577c92137638"}
}
