{"/Users/gaurangdave/workspace/aarnam-helper-scripts/index.ts": {"path":"/Users/gaurangdave/workspace/aarnam-helper-scripts/index.ts","statementMap":{"0":{"start":{"line":1,"column":0},"end":{"line":1,"column":55}},"1":{"start":{"line":6,"column":9},"end":{"line":6,"column":23}},"2":{"start":{"line":2,"column":0},"end":{"line":2,"column":37}},"3":{"start":{"line":6,"column":25},"end":{"line":6,"column":30}},"4":{"start":{"line":3,"column":0},"end":{"line":3,"column":39}},"5":{"start":{"line":6,"column":32},"end":{"line":6,"column":38}},"6":{"start":{"line":4,"column":0},"end":{"line":4,"column":39}},"7":{"start":{"line":6,"column":40},"end":{"line":6,"column":46}},"8":{"start":{"line":8,"column":0},"end":{"line":13,"column":2}}},"fnMap":{},"branchMap":{},"s":{"0":2,"1":2,"2":2,"3":2,"4":2,"5":2,"6":2,"7":2,"8":2},"f":{},"b":{}}
,"/Users/gaurangdave/workspace/aarnam-helper-scripts/lib/constants/google.ts": {"path":"/Users/gaurangdave/workspace/aarnam-helper-scripts/lib/constants/google.ts","statementMap":{"0":{"start":{"line":1,"column":0},"end":{"line":27,"column":2}}},"fnMap":{},"branchMap":{},"s":{"0":2},"f":{},"b":{}}
,"/Users/gaurangdave/workspace/aarnam-helper-scripts/lib/constants/minio.ts": {"path":"/Users/gaurangdave/workspace/aarnam-helper-scripts/lib/constants/minio.ts","statementMap":{"0":{"start":{"line":1,"column":0},"end":{"line":32,"column":2}}},"fnMap":{},"branchMap":{},"s":{"0":2},"f":{},"b":{}}
,"/Users/gaurangdave/workspace/aarnam-helper-scripts/lib/constants/service_response.ts": {"path":"/Users/gaurangdave/workspace/aarnam-helper-scripts/lib/constants/service_response.ts","statementMap":{"0":{"start":{"line":1,"column":0},"end":{"line":9,"column":2}}},"fnMap":{},"branchMap":{},"s":{"0":2},"f":{},"b":{}}
,"/Users/gaurangdave/workspace/aarnam-helper-scripts/lib/google/storage/GoogleStorageHelper.ts": {"path":"/Users/gaurangdave/workspace/aarnam-helper-scripts/lib/google/storage/GoogleStorageHelper.ts","statementMap":{"0":{"start":{"line":2,"column":0},"end":{"line":2,"column":56}},"1":{"start":{"line":3,"column":0},"end":{"line":3,"column":72}},"2":{"start":{"line":4,"column":0},"end":{"line":4,"column":36}},"3":{"start":{"line":6,"column":13},"end":{"line":6,"column":28}},"4":{"start":{"line":8,"column":11},"end":{"line":8,"column":24}},"5":{"start":{"line":9,"column":10},"end":{"line":9,"column":22}},"6":{"start":{"line":11,"column":22},"end":{"line":11,"column":55}},"7":{"start":{"line":12,"column":22},"end":{"line":13,"column":18}},"8":{"start":{"line":17,"column":12},"end":{"line":17,"column":47}},"9":{"start":{"line":20,"column":8},"end":{"line":23,"column":11}},"10":{"start":{"line":25,"column":8},"end":{"line":25,"column":36}},"11":{"start":{"line":36,"column":8},"end":{"line":103,"column":11}},"12":{"start":{"line":36,"column":75},"end":{"line":103,"column":10}},"13":{"start":{"line":41,"column":16},"end":{"line":41,"column":22}},"14":{"start":{"line":43,"column":12},"end":{"line":52,"column":null}},"15":{"start":{"line":44,"column":38},"end":{"line":46,"column":null}},"16":{"start":{"line":48,"column":16},"end":{"line":50,"column":18}},"17":{"start":{"line":51,"column":16},"end":{"line":51,"column":45}},"18":{"start":{"line":54,"column":33},"end":{"line":54,"column":38}},"19":{"start":{"line":55,"column":12},"end":{"line":59,"column":null}},"20":{"start":{"line":56,"column":16},"end":{"line":56,"column":80}},"21":{"start":{"line":58,"column":16},"end":{"line":58,"column":49}},"22":{"start":{"line":61,"column":12},"end":{"line":71,"column":null}},"23":{"start":{"line":62,"column":40},"end":{"line":65,"column":null}},"24":{"start":{"line":67,"column":16},"end":{"line":69,"column":18}},"25":{"start":{"line":70,"column":16},"end":{"line":70,"column":48}},"26":{"start":{"line":73,"column":30},"end":{"line":73,"column":62}},"27":{"start":{"line":74,"column":12},"end":{"line":102,"column":15}},"28":{"start":{"line":74,"column":78},"end":{"line":102,"column":14}},"29":{"start":{"line":75,"column":16},"end":{"line":85,"column":null}},"30":{"start":{"line":76,"column":42},"end":{"line":79,"column":null}},"31":{"start":{"line":81,"column":20},"end":{"line":83,"column":22}},"32":{"start":{"line":84,"column":20},"end":{"line":84,"column":49}},"33":{"start":{"line":87,"column":16},"end":{"line":92,"column":null}},"34":{"start":{"line":88,"column":36},"end":{"line":90,"column":22}},"35":{"start":{"line":91,"column":20},"end":{"line":91,"column":53}},"36":{"start":{"line":94,"column":40},"end":{"line":96,"column":null}},"37":{"start":{"line":98,"column":16},"end":{"line":100,"column":18}},"38":{"start":{"line":101,"column":16},"end":{"line":101,"column":48}},"39":{"start":{"line":112,"column":8},"end":{"line":143,"column":11}},"40":{"start":{"line":113,"column":12},"end":{"line":142,"column":14}},"41":{"start":{"line":115,"column":20},"end":{"line":128,"column":null}},"42":{"start":{"line":116,"column":46},"end":{"line":119,"column":null}},"43":{"start":{"line":121,"column":24},"end":{"line":126,"column":26}},"44":{"start":{"line":127,"column":24},"end":{"line":127,"column":55}},"45":{"start":{"line":130,"column":44},"end":{"line":133,"column":null}},"46":{"start":{"line":135,"column":20},"end":{"line":139,"column":22}},"47":{"start":{"line":140,"column":20},"end":{"line":140,"column":52}},"48":{"start":{"line":153,"column":8},"end":{"line":194,"column":11}},"49":{"start":{"line":154,"column":35},"end":{"line":154,"column":41}},"50":{"start":{"line":156,"column":12},"end":{"line":165,"column":null}},"51":{"start":{"line":157,"column":38},"end":{"line":159,"column":null}},"52":{"start":{"line":161,"column":16},"end":{"line":163,"column":18}},"53":{"start":{"line":164,"column":16},"end":{"line":164,"column":45}},"54":{"start":{"line":167,"column":35},"end":{"line":167,"column":67}},"55":{"start":{"line":168,"column":12},"end":{"line":193,"column":14}},"56":{"start":{"line":170,"column":44},"end":{"line":173,"column":null}},"57":{"start":{"line":175,"column":20},"end":{"line":179,"column":22}},"58":{"start":{"line":180,"column":20},"end":{"line":180,"column":52}},"59":{"start":{"line":183,"column":42},"end":{"line":186,"column":null}},"60":{"start":{"line":188,"column":20},"end":{"line":190,"column":22}},"61":{"start":{"line":191,"column":20},"end":{"line":191,"column":49}},"62":{"start":{"line":198,"column":8},"end":{"line":243,"column":11}},"63":{"start":{"line":199,"column":35},"end":{"line":199,"column":41}},"64":{"start":{"line":200,"column":12},"end":{"line":209,"column":null}},"65":{"start":{"line":201,"column":38},"end":{"line":203,"column":null}},"66":{"start":{"line":205,"column":16},"end":{"line":207,"column":18}},"67":{"start":{"line":208,"column":16},"end":{"line":208,"column":45}},"68":{"start":{"line":211,"column":35},"end":{"line":211,"column":67}},"69":{"start":{"line":212,"column":28},"end":{"line":212,"column":43}},"70":{"start":{"line":213,"column":12},"end":{"line":242,"column":14}},"71":{"start":{"line":215,"column":44},"end":{"line":217,"column":null}},"72":{"start":{"line":220,"column":20},"end":{"line":224,"column":22}},"73":{"start":{"line":226,"column":20},"end":{"line":226,"column":52}},"74":{"start":{"line":229,"column":42},"end":{"line":232,"column":null}},"75":{"start":{"line":235,"column":20},"end":{"line":238,"column":22}},"76":{"start":{"line":240,"column":20},"end":{"line":240,"column":49}},"77":{"start":{"line":254,"column":8},"end":{"line":300,"column":11}},"78":{"start":{"line":254,"column":75},"end":{"line":300,"column":10}},"79":{"start":{"line":255,"column":35},"end":{"line":255,"column":41}},"80":{"start":{"line":256,"column":12},"end":{"line":265,"column":null}},"81":{"start":{"line":257,"column":38},"end":{"line":259,"column":null}},"82":{"start":{"line":261,"column":16},"end":{"line":263,"column":18}},"83":{"start":{"line":264,"column":16},"end":{"line":264,"column":45}},"84":{"start":{"line":267,"column":27},"end":{"line":267,"column":59}},"85":{"start":{"line":269,"column":12},"end":{"line":299,"column":14}},"86":{"start":{"line":271,"column":20},"end":{"line":283,"column":null}},"87":{"start":{"line":272,"column":46},"end":{"line":275,"column":null}},"88":{"start":{"line":277,"column":24},"end":{"line":281,"column":26}},"89":{"start":{"line":282,"column":24},"end":{"line":282,"column":53}},"90":{"start":{"line":285,"column":44},"end":{"line":288,"column":null}},"91":{"start":{"line":291,"column":20},"end":{"line":295,"column":22}},"92":{"start":{"line":297,"column":20},"end":{"line":297,"column":52}},"93":{"start":{"line":310,"column":8},"end":{"line":381,"column":11}},"94":{"start":{"line":311,"column":63},"end":{"line":311,"column":69}},"95":{"start":{"line":312,"column":37},"end":{"line":312,"column":43}},"96":{"start":{"line":314,"column":12},"end":{"line":323,"column":null}},"97":{"start":{"line":315,"column":38},"end":{"line":317,"column":null}},"98":{"start":{"line":319,"column":16},"end":{"line":321,"column":18}},"99":{"start":{"line":322,"column":16},"end":{"line":322,"column":45}},"100":{"start":{"line":326,"column":12},"end":{"line":336,"column":null}},"101":{"start":{"line":327,"column":38},"end":{"line":329,"column":null}},"102":{"start":{"line":332,"column":16},"end":{"line":334,"column":18}},"103":{"start":{"line":335,"column":16},"end":{"line":335,"column":45}},"104":{"start":{"line":339,"column":12},"end":{"line":341,"column":null}},"105":{"start":{"line":340,"column":16},"end":{"line":340,"column":40}},"106":{"start":{"line":344,"column":12},"end":{"line":346,"column":null}},"107":{"start":{"line":345,"column":16},"end":{"line":345,"column":29}},"108":{"start":{"line":348,"column":28},"end":{"line":352,"column":14}},"109":{"start":{"line":354,"column":29},"end":{"line":354,"column":52}},"110":{"start":{"line":355,"column":27},"end":{"line":355,"column":59}},"111":{"start":{"line":356,"column":25},"end":{"line":356,"column":61}},"112":{"start":{"line":357,"column":12},"end":{"line":380,"column":19}},"113":{"start":{"line":360,"column":42},"end":{"line":363,"column":null}},"114":{"start":{"line":366,"column":20},"end":{"line":368,"column":22}},"115":{"start":{"line":369,"column":20},"end":{"line":369,"column":49}},"116":{"start":{"line":372,"column":44},"end":{"line":374,"column":null}},"117":{"start":{"line":376,"column":20},"end":{"line":378,"column":22}},"118":{"start":{"line":379,"column":20},"end":{"line":379,"column":52}},"119":{"start":{"line":385,"column":8},"end":{"line":387,"column":11}},"120":{"start":{"line":386,"column":35},"end":{"line":386,"column":41}},"121":{"start":{"line":391,"column":8},"end":{"line":393,"column":11}},"122":{"start":{"line":392,"column":45},"end":{"line":392,"column":51}},"123":{"start":{"line":397,"column":8},"end":{"line":399,"column":11}},"124":{"start":{"line":398,"column":45},"end":{"line":398,"column":51}},"125":{"start":{"line":15,"column":0},"end":{"line":15,"column":13}}},"fnMap":{"0":{"name":"(anonymous_6)","decl":{"start":{"line":19,"column":4},"end":{"line":19,"column":16}},"loc":{"start":{"line":19,"column":54},"end":{"line":26,"column":5}}},"1":{"name":"(anonymous_7)","decl":{"start":{"line":35,"column":11},"end":{"line":35,"column":23}},"loc":{"start":{"line":35,"column":50},"end":{"line":104,"column":5}}},"2":{"name":"(anonymous_8)","decl":{"start":{"line":36,"column":29},"end":{"line":36,"column":36}},"loc":{"start":{"line":36,"column":75},"end":{"line":103,"column":10}}},"3":{"name":"(anonymous_9)","decl":{"start":{"line":36,"column":75},"end":{"line":36,"column":null}},"loc":{"start":{"line":36,"column":75},"end":{"line":103,"column":9}}},"4":{"name":"(anonymous_10)","decl":{"start":{"line":74,"column":29},"end":{"line":74,"column":36}},"loc":{"start":{"line":74,"column":78},"end":{"line":102,"column":14}}},"5":{"name":"(anonymous_11)","decl":{"start":{"line":74,"column":78},"end":{"line":74,"column":null}},"loc":{"start":{"line":74,"column":78},"end":{"line":102,"column":13}}},"6":{"name":"(anonymous_12)","decl":{"start":{"line":111,"column":11},"end":{"line":111,"column":24}},"loc":{"start":{"line":111,"column":24},"end":{"line":144,"column":5}}},"7":{"name":"(anonymous_13)","decl":{"start":{"line":112,"column":29},"end":{"line":112,"column":30}},"loc":{"start":{"line":112,"column":69},"end":{"line":143,"column":9}}},"8":{"name":"(anonymous_14)","decl":{"start":{"line":114,"column":16},"end":{"line":114,"column":17}},"loc":{"start":{"line":114,"column":59},"end":{"line":141,"column":17}}},"9":{"name":"(anonymous_15)","decl":{"start":{"line":152,"column":11},"end":{"line":152,"column":23}},"loc":{"start":{"line":152,"column":48},"end":{"line":195,"column":5}}},"10":{"name":"(anonymous_16)","decl":{"start":{"line":153,"column":27},"end":{"line":153,"column":28}},"loc":{"start":{"line":153,"column":67},"end":{"line":194,"column":9}}},"11":{"name":"(anonymous_17)","decl":{"start":{"line":169,"column":16},"end":{"line":169,"column":24}},"loc":{"start":{"line":169,"column":27},"end":{"line":181,"column":17}}},"12":{"name":"(anonymous_18)","decl":{"start":{"line":182,"column":16},"end":{"line":182,"column":17}},"loc":{"start":{"line":182,"column":39},"end":{"line":192,"column":17}}},"13":{"name":"(anonymous_19)","decl":{"start":{"line":197,"column":11},"end":{"line":197,"column":22}},"loc":{"start":{"line":197,"column":47},"end":{"line":244,"column":5}}},"14":{"name":"(anonymous_20)","decl":{"start":{"line":198,"column":27},"end":{"line":198,"column":28}},"loc":{"start":{"line":198,"column":67},"end":{"line":243,"column":9}}},"15":{"name":"(anonymous_21)","decl":{"start":{"line":214,"column":16},"end":{"line":214,"column":19}},"loc":{"start":{"line":214,"column":21},"end":{"line":227,"column":17}}},"16":{"name":"(anonymous_22)","decl":{"start":{"line":228,"column":16},"end":{"line":228,"column":17}},"loc":{"start":{"line":228,"column":44},"end":{"line":241,"column":17}}},"17":{"name":"(anonymous_23)","decl":{"start":{"line":253,"column":11},"end":{"line":253,"column":23}},"loc":{"start":{"line":253,"column":48},"end":{"line":301,"column":5}}},"18":{"name":"(anonymous_24)","decl":{"start":{"line":254,"column":29},"end":{"line":254,"column":36}},"loc":{"start":{"line":254,"column":75},"end":{"line":300,"column":10}}},"19":{"name":"(anonymous_25)","decl":{"start":{"line":254,"column":75},"end":{"line":254,"column":null}},"loc":{"start":{"line":254,"column":75},"end":{"line":300,"column":9}}},"20":{"name":"(anonymous_26)","decl":{"start":{"line":270,"column":16},"end":{"line":270,"column":17}},"loc":{"start":{"line":270,"column":69},"end":{"line":298,"column":17}}},"21":{"name":"(anonymous_27)","decl":{"start":{"line":309,"column":11},"end":{"line":309,"column":20}},"loc":{"start":{"line":309,"column":44},"end":{"line":382,"column":5}}},"22":{"name":"(anonymous_28)","decl":{"start":{"line":310,"column":29},"end":{"line":310,"column":30}},"loc":{"start":{"line":310,"column":69},"end":{"line":381,"column":9}}},"23":{"name":"(anonymous_29)","decl":{"start":{"line":359,"column":29},"end":{"line":359,"column":30}},"loc":{"start":{"line":359,"column":46},"end":{"line":370,"column":17}}},"24":{"name":"(anonymous_30)","decl":{"start":{"line":371,"column":30},"end":{"line":371,"column":33}},"loc":{"start":{"line":371,"column":35},"end":{"line":380,"column":17}}},"25":{"name":"(anonymous_31)","decl":{"start":{"line":384,"column":11},"end":{"line":384,"column":22}},"loc":{"start":{"line":384,"column":47},"end":{"line":388,"column":5}}},"26":{"name":"(anonymous_32)","decl":{"start":{"line":385,"column":27},"end":{"line":385,"column":28}},"loc":{"start":{"line":385,"column":67},"end":{"line":387,"column":9}}},"27":{"name":"(anonymous_33)","decl":{"start":{"line":390,"column":11},"end":{"line":390,"column":20}},"loc":{"start":{"line":390,"column":43},"end":{"line":394,"column":5}}},"28":{"name":"(anonymous_34)","decl":{"start":{"line":391,"column":27},"end":{"line":391,"column":28}},"loc":{"start":{"line":391,"column":67},"end":{"line":393,"column":9}}},"29":{"name":"(anonymous_35)","decl":{"start":{"line":396,"column":11},"end":{"line":396,"column":23}},"loc":{"start":{"line":396,"column":46},"end":{"line":400,"column":5}}},"30":{"name":"(anonymous_36)","decl":{"start":{"line":397,"column":27},"end":{"line":397,"column":28}},"loc":{"start":{"line":397,"column":67},"end":{"line":399,"column":9}}}},"branchMap":{"0":{"loc":{"start":{"line":39,"column":33},"end":{"line":39,"column":38}},"type":"default-arg","locations":[{"start":{"line":39,"column":33},"end":{"line":39,"column":38}}]},"1":{"loc":{"start":{"line":40,"column":33},"end":{"line":40,"column":38}},"type":"default-arg","locations":[{"start":{"line":40,"column":33},"end":{"line":40,"column":38}}]},"2":{"loc":{"start":{"line":43,"column":12},"end":{"line":52,"column":null}},"type":"if","locations":[{"start":{"line":43,"column":12},"end":{"line":52,"column":null}},{"start":{"line":43,"column":12},"end":{"line":52,"column":null}}]},"3":{"loc":{"start":{"line":61,"column":12},"end":{"line":71,"column":null}},"type":"if","locations":[{"start":{"line":61,"column":12},"end":{"line":71,"column":null}},{"start":{"line":61,"column":12},"end":{"line":71,"column":null}}]},"4":{"loc":{"start":{"line":75,"column":16},"end":{"line":85,"column":null}},"type":"if","locations":[{"start":{"line":75,"column":16},"end":{"line":85,"column":null}},{"start":{"line":75,"column":16},"end":{"line":85,"column":null}}]},"5":{"loc":{"start":{"line":87,"column":16},"end":{"line":92,"column":null}},"type":"if","locations":[{"start":{"line":87,"column":16},"end":{"line":92,"column":null}},{"start":{"line":87,"column":16},"end":{"line":92,"column":null}}]},"6":{"loc":{"start":{"line":115,"column":20},"end":{"line":128,"column":null}},"type":"if","locations":[{"start":{"line":115,"column":20},"end":{"line":128,"column":null}},{"start":{"line":115,"column":20},"end":{"line":128,"column":null}}]},"7":{"loc":{"start":{"line":156,"column":12},"end":{"line":165,"column":null}},"type":"if","locations":[{"start":{"line":156,"column":12},"end":{"line":165,"column":null}},{"start":{"line":156,"column":12},"end":{"line":165,"column":null}}]},"8":{"loc":{"start":{"line":200,"column":12},"end":{"line":209,"column":null}},"type":"if","locations":[{"start":{"line":200,"column":12},"end":{"line":209,"column":null}},{"start":{"line":200,"column":12},"end":{"line":209,"column":null}}]},"9":{"loc":{"start":{"line":256,"column":12},"end":{"line":265,"column":null}},"type":"if","locations":[{"start":{"line":256,"column":12},"end":{"line":265,"column":null}},{"start":{"line":256,"column":12},"end":{"line":265,"column":null}}]},"10":{"loc":{"start":{"line":271,"column":20},"end":{"line":283,"column":null}},"type":"if","locations":[{"start":{"line":271,"column":20},"end":{"line":283,"column":null}},{"start":{"line":271,"column":20},"end":{"line":283,"column":null}}]},"11":{"loc":{"start":{"line":311,"column":53},"end":{"line":311,"column":58}},"type":"default-arg","locations":[{"start":{"line":311,"column":53},"end":{"line":311,"column":58}}]},"12":{"loc":{"start":{"line":312,"column":28},"end":{"line":312,"column":32}},"type":"default-arg","locations":[{"start":{"line":312,"column":28},"end":{"line":312,"column":32}}]},"13":{"loc":{"start":{"line":314,"column":12},"end":{"line":323,"column":null}},"type":"if","locations":[{"start":{"line":314,"column":12},"end":{"line":323,"column":null}},{"start":{"line":314,"column":12},"end":{"line":323,"column":null}}]},"14":{"loc":{"start":{"line":314,"column":16},"end":{"line":314,"column":42}},"type":"binary-expr","locations":[{"start":{"line":314,"column":16},"end":{"line":314,"column":42}},{"start":{"line":314,"column":46},"end":{"line":314,"column":70}}]},"15":{"loc":{"start":{"line":326,"column":12},"end":{"line":336,"column":null}},"type":"if","locations":[{"start":{"line":326,"column":12},"end":{"line":336,"column":null}},{"start":{"line":326,"column":12},"end":{"line":336,"column":null}}]},"16":{"loc":{"start":{"line":339,"column":12},"end":{"line":341,"column":null}},"type":"if","locations":[{"start":{"line":339,"column":12},"end":{"line":341,"column":null}},{"start":{"line":339,"column":12},"end":{"line":341,"column":null}}]},"17":{"loc":{"start":{"line":344,"column":12},"end":{"line":346,"column":null}},"type":"if","locations":[{"start":{"line":344,"column":12},"end":{"line":346,"column":null}},{"start":{"line":344,"column":12},"end":{"line":346,"column":null}}]}},"s":{"0":2,"1":2,"2":2,"3":2,"4":2,"5":2,"6":2,"7":2,"8":0,"9":0,"10":0,"11":0,"12":0,"13":0,"14":0,"15":0,"16":0,"17":0,"18":0,"19":0,"20":0,"21":0,"22":0,"23":0,"24":0,"25":0,"26":0,"27":0,"28":0,"29":0,"30":0,"31":0,"32":0,"33":0,"34":0,"35":0,"36":0,"37":0,"38":0,"39":0,"40":0,"41":0,"42":0,"43":0,"44":0,"45":0,"46":0,"47":0,"48":0,"49":0,"50":0,"51":0,"52":0,"53":0,"54":0,"55":0,"56":0,"57":0,"58":0,"59":0,"60":0,"61":0,"62":0,"63":0,"64":0,"65":0,"66":0,"67":0,"68":0,"69":0,"70":0,"71":0,"72":0,"73":0,"74":0,"75":0,"76":0,"77":0,"78":0,"79":0,"80":0,"81":0,"82":0,"83":0,"84":0,"85":0,"86":0,"87":0,"88":0,"89":0,"90":0,"91":0,"92":0,"93":0,"94":0,"95":0,"96":0,"97":0,"98":0,"99":0,"100":0,"101":0,"102":0,"103":0,"104":0,"105":0,"106":0,"107":0,"108":0,"109":0,"110":0,"111":0,"112":0,"113":0,"114":0,"115":0,"116":0,"117":0,"118":0,"119":0,"120":0,"121":0,"122":0,"123":0,"124":0,"125":2},"f":{"0":0,"1":0,"2":0,"3":0,"4":0,"5":0,"6":0,"7":0,"8":0,"9":0,"10":0,"11":0,"12":0,"13":0,"14":0,"15":0,"16":0,"17":0,"18":0,"19":0,"20":0,"21":0,"22":0,"23":0,"24":0,"25":0,"26":0,"27":0,"28":0,"29":0,"30":0},"b":{"0":[0],"1":[0],"2":[0,0],"3":[0,0],"4":[0,0],"5":[0,0],"6":[0,0],"7":[0,0],"8":[0,0],"9":[0,0],"10":[0,0],"11":[0],"12":[0],"13":[0,0],"14":[0,0],"15":[0,0],"16":[0,0],"17":[0,0]}}
,"/Users/gaurangdave/workspace/aarnam-helper-scripts/lib/google/storage/index.ts": {"path":"/Users/gaurangdave/workspace/aarnam-helper-scripts/lib/google/storage/index.ts","statementMap":{"0":{"start":{"line":1,"column":0},"end":{"line":1,"column":60}},"1":{"start":{"line":2,"column":0},"end":{"line":2,"column":38}},"2":{"start":{"line":4,"column":19},"end":{"line":4,"column":40}},"3":{"start":{"line":10,"column":13},"end":{"line":31,"column":2}},"4":{"start":{"line":13,"column":39},"end":{"line":13,"column":45}},"5":{"start":{"line":14,"column":15},"end":{"line":14,"column":27}},"6":{"start":{"line":16,"column":4},"end":{"line":21,"column":null}},"7":{"start":{"line":17,"column":8},"end":{"line":19,"column":10}},"8":{"start":{"line":20,"column":8},"end":{"line":20,"column":20}},"9":{"start":{"line":23,"column":4},"end":{"line":28,"column":null}},"10":{"start":{"line":24,"column":8},"end":{"line":26,"column":10}},"11":{"start":{"line":27,"column":8},"end":{"line":27,"column":20}},"12":{"start":{"line":30,"column":4},"end":{"line":30,"column":59}},"13":{"start":{"line":38,"column":0},"end":{"line":40,"column":2}}},"fnMap":{"0":{"name":"(anonymous_0)","decl":{"start":{"line":10,"column":26},"end":{"line":10,"column":null}},"loc":{"start":{"line":12,"column":32},"end":{"line":31,"column":1}}}},"branchMap":{"0":{"loc":{"start":{"line":16,"column":4},"end":{"line":21,"column":null}},"type":"if","locations":[{"start":{"line":16,"column":4},"end":{"line":21,"column":null}},{"start":{"line":16,"column":4},"end":{"line":21,"column":null}}]},"1":{"loc":{"start":{"line":23,"column":4},"end":{"line":28,"column":null}},"type":"if","locations":[{"start":{"line":23,"column":4},"end":{"line":28,"column":null}},{"start":{"line":23,"column":4},"end":{"line":28,"column":null}}]}},"s":{"0":2,"1":2,"2":2,"3":2,"4":6,"5":6,"6":6,"7":6,"8":6,"9":0,"10":0,"11":0,"12":0,"13":2},"f":{"0":6},"b":{"0":[6,0],"1":[0,0]}}
,"/Users/gaurangdave/workspace/aarnam-helper-scripts/lib/logger/ColorFormatter.ts": {"path":"/Users/gaurangdave/workspace/aarnam-helper-scripts/lib/logger/ColorFormatter.ts","statementMap":{"0":{"start":{"line":1,"column":15},"end":{"line":1,"column":32}},"1":{"start":{"line":13,"column":13},"end":{"line":19,"column":null}},"2":{"start":{"line":29,"column":42},"end":{"line":29,"column":82}},"3":{"start":{"line":30,"column":10},"end":{"line":30,"column":41}},"4":{"start":{"line":40,"column":10},"end":{"line":40,"column":71}},"5":{"start":{"line":50,"column":10},"end":{"line":50,"column":74}},"6":{"start":{"line":60,"column":10},"end":{"line":60,"column":74}},"7":{"start":{"line":70,"column":10},"end":{"line":70,"column":72}},"8":{"start":{"line":5,"column":19},"end":{"line":11,"column":7}},"9":{"start":{"line":3,"column":0},"end":{"line":3,"column":13}}},"fnMap":{"0":{"name":"(anonymous_0)","decl":{"start":{"line":3,"column":0},"end":{"line":3,"column":13}},"loc":{"start":{"line":3,"column":0},"end":{"line":72,"column":1}}},"1":{"name":"(anonymous_1)","decl":{"start":{"line":28,"column":13},"end":{"line":28,"column":20}},"loc":{"start":{"line":28,"column":85},"end":{"line":31,"column":6}}},"2":{"name":"(anonymous_2)","decl":{"start":{"line":39,"column":12},"end":{"line":39,"column":22}},"loc":{"start":{"line":39,"column":38},"end":{"line":41,"column":6}}},"3":{"name":"(anonymous_3)","decl":{"start":{"line":49,"column":12},"end":{"line":49,"column":25}},"loc":{"start":{"line":49,"column":41},"end":{"line":51,"column":6}}},"4":{"name":"(anonymous_4)","decl":{"start":{"line":59,"column":12},"end":{"line":59,"column":25}},"loc":{"start":{"line":59,"column":41},"end":{"line":61,"column":6}}},"5":{"name":"(anonymous_5)","decl":{"start":{"line":69,"column":12},"end":{"line":69,"column":23}},"loc":{"start":{"line":69,"column":39},"end":{"line":71,"column":6}}}},"branchMap":{"0":{"loc":{"start":{"line":28,"column":52},"end":{"line":28,"column":85}},"type":"default-arg","locations":[{"start":{"line":28,"column":52},"end":{"line":28,"column":85}}]},"1":{"loc":{"start":{"line":29,"column":42},"end":{"line":29,"column":66}},"type":"binary-expr","locations":[{"start":{"line":29,"column":42},"end":{"line":29,"column":66}},{"start":{"line":29,"column":70},"end":{"line":29,"column":82}}]}},"s":{"0":2,"1":12,"2":12,"3":12,"4":0,"5":0,"6":0,"7":12,"8":2,"9":2},"f":{"0":12,"1":12,"2":0,"3":0,"4":0,"5":12},"b":{"0":[0],"1":[12,0]}}
,"/Users/gaurangdave/workspace/aarnam-helper-scripts/lib/logger/ConsoleLogger.ts": {"path":"/Users/gaurangdave/workspace/aarnam-helper-scripts/lib/logger/ConsoleLogger.ts","statementMap":{"0":{"start":{"line":5,"column":10},"end":{"line":5,"column":42}},"1":{"start":{"line":3,"column":0},"end":{"line":3,"column":13}}},"fnMap":{"0":{"name":"(anonymous_0)","decl":{"start":{"line":4,"column":12},"end":{"line":4,"column":17}},"loc":{"start":{"line":4,"column":46},"end":{"line":6,"column":6}}}},"branchMap":{},"s":{"0":12,"1":2},"f":{"0":12},"b":{}}
,"/Users/gaurangdave/workspace/aarnam-helper-scripts/lib/logger/TextFormatter.ts": {"path":"/Users/gaurangdave/workspace/aarnam-helper-scripts/lib/logger/TextFormatter.ts","statementMap":{"0":{"start":{"line":5,"column":8},"end":{"line":5,"column":34}},"1":{"start":{"line":9,"column":8},"end":{"line":9,"column":37}},"2":{"start":{"line":13,"column":8},"end":{"line":13,"column":35}},"3":{"start":{"line":17,"column":8},"end":{"line":17,"column":37}},"4":{"start":{"line":1,"column":0},"end":{"line":1,"column":13}}},"fnMap":{"0":{"name":"(anonymous_0)","decl":{"start":{"line":2,"column":4},"end":{"line":2,"column":19}},"loc":{"start":{"line":2,"column":4},"end":{"line":2,"column":20}}},"1":{"name":"(anonymous_1)","decl":{"start":{"line":4,"column":11},"end":{"line":4,"column":25}},"loc":{"start":{"line":4,"column":46},"end":{"line":6,"column":5}}},"2":{"name":"(anonymous_2)","decl":{"start":{"line":8,"column":11},"end":{"line":8,"column":28}},"loc":{"start":{"line":8,"column":44},"end":{"line":10,"column":5}}},"3":{"name":"(anonymous_3)","decl":{"start":{"line":12,"column":11},"end":{"line":12,"column":26}},"loc":{"start":{"line":12,"column":42},"end":{"line":14,"column":5}}},"4":{"name":"(anonymous_4)","decl":{"start":{"line":16,"column":11},"end":{"line":16,"column":28}},"loc":{"start":{"line":16,"column":44},"end":{"line":18,"column":5}}}},"branchMap":{"0":{"loc":{"start":{"line":4,"column":44},"end":{"line":4,"column":46}},"type":"default-arg","locations":[{"start":{"line":4,"column":44},"end":{"line":4,"column":46}}]}},"s":{"0":0,"1":0,"2":12,"3":0,"4":2},"f":{"0":12,"1":0,"2":0,"3":12,"4":0},"b":{"0":[0]}}
,"/Users/gaurangdave/workspace/aarnam-helper-scripts/lib/logger/index.ts": {"path":"/Users/gaurangdave/workspace/aarnam-helper-scripts/lib/logger/index.ts","statementMap":{"0":{"start":{"line":2,"column":0},"end":{"line":2,"column":50}},"1":{"start":{"line":3,"column":0},"end":{"line":3,"column":48}},"2":{"start":{"line":5,"column":0},"end":{"line":5,"column":48}},"3":{"start":{"line":14,"column":8},"end":{"line":14,"column":52}},"4":{"start":{"line":15,"column":8},"end":{"line":15,"column":50}},"5":{"start":{"line":19,"column":8},"end":{"line":19,"column":49}},"6":{"start":{"line":28,"column":55},"end":{"line":29,"column":null}},"7":{"start":{"line":31,"column":33},"end":{"line":32,"column":null}},"8":{"start":{"line":34,"column":8},"end":{"line":34,"column":57}},"9":{"start":{"line":43,"column":55},"end":{"line":44,"column":null}},"10":{"start":{"line":46,"column":33},"end":{"line":47,"column":null}},"11":{"start":{"line":49,"column":8},"end":{"line":49,"column":57}},"12":{"start":{"line":58,"column":55},"end":{"line":59,"column":null}},"13":{"start":{"line":61,"column":33},"end":{"line":62,"column":null}},"14":{"start":{"line":64,"column":8},"end":{"line":64,"column":57}},"15":{"start":{"line":73,"column":55},"end":{"line":74,"column":null}},"16":{"start":{"line":76,"column":33},"end":{"line":77,"column":null}},"17":{"start":{"line":79,"column":8},"end":{"line":79,"column":57}},"18":{"start":{"line":91,"column":8},"end":{"line":96,"column":null}},"19":{"start":{"line":92,"column":12},"end":{"line":95,"column":14}},"20":{"start":{"line":98,"column":8},"end":{"line":103,"column":null}},"21":{"start":{"line":99,"column":12},"end":{"line":102,"column":14}},"22":{"start":{"line":105,"column":8},"end":{"line":108,"column":10}},"23":{"start":{"line":112,"column":8},"end":{"line":114,"column":null}},"24":{"start":{"line":113,"column":12},"end":{"line":113,"column":54}},"25":{"start":{"line":11,"column":18},"end":{"line":11,"column":51}},"26":{"start":{"line":7,"column":0},"end":{"line":7,"column":13}},"27":{"start":{"line":119,"column":0},"end":{"line":119,"column":28}}},"fnMap":{"0":{"name":"(anonymous_0)","decl":{"start":{"line":13,"column":4},"end":{"line":13,"column":null}},"loc":{"start":{"line":13,"column":4},"end":{"line":20,"column":5}}},"1":{"name":"(anonymous_1)","decl":{"start":{"line":27,"column":11},"end":{"line":27,"column":15}},"loc":{"start":{"line":27,"column":30},"end":{"line":35,"column":5}}},"2":{"name":"(anonymous_2)","decl":{"start":{"line":42,"column":11},"end":{"line":42,"column":15}},"loc":{"start":{"line":42,"column":30},"end":{"line":50,"column":5}}},"3":{"name":"(anonymous_3)","decl":{"start":{"line":57,"column":11},"end":{"line":57,"column":16}},"loc":{"start":{"line":57,"column":31},"end":{"line":65,"column":5}}},"4":{"name":"(anonymous_4)","decl":{"start":{"line":72,"column":11},"end":{"line":72,"column":18}},"loc":{"start":{"line":72,"column":33},"end":{"line":80,"column":5}}},"5":{"name":"(anonymous_5)","decl":{"start":{"line":87,"column":12},"end":{"line":87,"column":27}},"loc":{"start":{"line":89,"column":22},"end":{"line":109,"column":5}}},"6":{"name":"(anonymous_6)","decl":{"start":{"line":111,"column":12},"end":{"line":111,"column":18}},"loc":{"start":{"line":111,"column":47},"end":{"line":115,"column":5}}}},"branchMap":{"0":{"loc":{"start":{"line":91,"column":8},"end":{"line":96,"column":null}},"type":"if","locations":[{"start":{"line":91,"column":8},"end":{"line":96,"column":null}},{"start":{"line":91,"column":8},"end":{"line":96,"column":null}}]},"1":{"loc":{"start":{"line":98,"column":8},"end":{"line":103,"column":null}},"type":"if","locations":[{"start":{"line":98,"column":8},"end":{"line":103,"column":null}},{"start":{"line":98,"column":8},"end":{"line":103,"column":null}}]},"2":{"loc":{"start":{"line":112,"column":8},"end":{"line":114,"column":null}},"type":"if","locations":[{"start":{"line":112,"column":8},"end":{"line":114,"column":null}},{"start":{"line":112,"column":8},"end":{"line":114,"column":null}}]}},"s":{"0":2,"1":2,"2":2,"3":12,"4":12,"5":12,"6":0,"7":0,"8":0,"9":0,"10":0,"11":0,"12":12,"13":12,"14":12,"15":0,"16":0,"17":0,"18":12,"19":12,"20":0,"21":0,"22":0,"23":12,"24":12,"25":2,"26":2,"27":2},"f":{"0":12,"1":0,"2":0,"3":12,"4":0,"5":12,"6":12},"b":{"0":[12,0],"1":[0,0],"2":[12,0]}}
,"/Users/gaurangdave/workspace/aarnam-helper-scripts/lib/minio/MinioHelper.ts": {"path":"/Users/gaurangdave/workspace/aarnam-helper-scripts/lib/minio/MinioHelper.ts","statementMap":{"0":{"start":{"line":4,"column":0},"end":{"line":4,"column":69}},"1":{"start":{"line":5,"column":0},"end":{"line":5,"column":35}},"2":{"start":{"line":7,"column":14},"end":{"line":7,"column":30}},"3":{"start":{"line":8,"column":10},"end":{"line":8,"column":22}},"4":{"start":{"line":9,"column":11},"end":{"line":9,"column":24}},"5":{"start":{"line":10,"column":13},"end":{"line":10,"column":28}},"6":{"start":{"line":11,"column":22},"end":{"line":11,"column":51}},"7":{"start":{"line":12,"column":22},"end":{"line":12,"column":77}},"8":{"start":{"line":13,"column":29},"end":{"line":14,"column":25}},"9":{"start":{"line":15,"column":17},"end":{"line":15,"column":43}},"10":{"start":{"line":18,"column":12},"end":{"line":18,"column":44}},"11":{"start":{"line":19,"column":12},"end":{"line":19,"column":39}},"12":{"start":{"line":30,"column":8},"end":{"line":35,"column":11}},"13":{"start":{"line":37,"column":8},"end":{"line":37,"column":35}},"14":{"start":{"line":38,"column":8},"end":{"line":38,"column":36}},"15":{"start":{"line":48,"column":8},"end":{"line":48,"column":35}},"16":{"start":{"line":58,"column":8},"end":{"line":138,"column":11}},"17":{"start":{"line":59,"column":35},"end":{"line":59,"column":41}},"18":{"start":{"line":60,"column":12},"end":{"line":69,"column":null}},"19":{"start":{"line":61,"column":38},"end":{"line":63,"column":null}},"20":{"start":{"line":65,"column":16},"end":{"line":67,"column":18}},"21":{"start":{"line":68,"column":16},"end":{"line":68,"column":45}},"22":{"start":{"line":72,"column":12},"end":{"line":137,"column":14}},"23":{"start":{"line":75,"column":20},"end":{"line":87,"column":null}},"24":{"start":{"line":76,"column":46},"end":{"line":79,"column":null}},"25":{"start":{"line":81,"column":24},"end":{"line":85,"column":26}},"26":{"start":{"line":86,"column":24},"end":{"line":86,"column":53}},"27":{"start":{"line":89,"column":20},"end":{"line":135,"column":null}},"28":{"start":{"line":90,"column":24},"end":{"line":123,"column":26}},"29":{"start":{"line":94,"column":32},"end":{"line":121,"column":null}},"30":{"start":{"line":95,"column":58},"end":{"line":100,"column":null}},"31":{"start":{"line":102,"column":36},"end":{"line":106,"column":38}},"32":{"start":{"line":107,"column":36},"end":{"line":107,"column":65}},"33":{"start":{"line":109,"column":60},"end":{"line":113,"column":null}},"34":{"start":{"line":115,"column":36},"end":{"line":119,"column":38}},"35":{"start":{"line":120,"column":36},"end":{"line":120,"column":68}},"36":{"start":{"line":125,"column":48},"end":{"line":127,"column":null}},"37":{"start":{"line":129,"column":24},"end":{"line":133,"column":26}},"38":{"start":{"line":134,"column":24},"end":{"line":134,"column":56}},"39":{"start":{"line":148,"column":8},"end":{"line":188,"column":11}},"40":{"start":{"line":149,"column":12},"end":{"line":157,"column":null}},"41":{"start":{"line":150,"column":38},"end":{"line":151,"column":null}},"42":{"start":{"line":153,"column":16},"end":{"line":155,"column":18}},"43":{"start":{"line":156,"column":16},"end":{"line":156,"column":45}},"44":{"start":{"line":159,"column":12},"end":{"line":187,"column":14}},"45":{"start":{"line":161,"column":44},"end":{"line":164,"column":null}},"46":{"start":{"line":166,"column":20},"end":{"line":170,"column":22}},"47":{"start":{"line":171,"column":20},"end":{"line":171,"column":52}},"48":{"start":{"line":174,"column":42},"end":{"line":177,"column":null}},"49":{"start":{"line":179,"column":20},"end":{"line":184,"column":22}},"50":{"start":{"line":185,"column":20},"end":{"line":185,"column":41}},"51":{"start":{"line":198,"column":8},"end":{"line":247,"column":11}},"52":{"start":{"line":198,"column":75},"end":{"line":247,"column":10}},"53":{"start":{"line":199,"column":35},"end":{"line":199,"column":41}},"54":{"start":{"line":201,"column":12},"end":{"line":210,"column":null}},"55":{"start":{"line":202,"column":38},"end":{"line":204,"column":null}},"56":{"start":{"line":206,"column":16},"end":{"line":208,"column":18}},"57":{"start":{"line":209,"column":16},"end":{"line":209,"column":45}},"58":{"start":{"line":212,"column":12},"end":{"line":216,"column":null}},"59":{"start":{"line":213,"column":16},"end":{"line":213,"column":55}},"60":{"start":{"line":215,"column":16},"end":{"line":215,"column":48}},"61":{"start":{"line":218,"column":12},"end":{"line":246,"column":14}},"62":{"start":{"line":221,"column":20},"end":{"line":233,"column":null}},"63":{"start":{"line":222,"column":46},"end":{"line":225,"column":null}},"64":{"start":{"line":227,"column":24},"end":{"line":231,"column":26}},"65":{"start":{"line":232,"column":24},"end":{"line":232,"column":53}},"66":{"start":{"line":235,"column":44},"end":{"line":237,"column":null}},"67":{"start":{"line":239,"column":20},"end":{"line":243,"column":22}},"68":{"start":{"line":244,"column":20},"end":{"line":244,"column":52}},"69":{"start":{"line":257,"column":8},"end":{"line":336,"column":11}},"70":{"start":{"line":257,"column":75},"end":{"line":336,"column":10}},"71":{"start":{"line":258,"column":35},"end":{"line":258,"column":41}},"72":{"start":{"line":260,"column":12},"end":{"line":269,"column":null}},"73":{"start":{"line":261,"column":38},"end":{"line":263,"column":null}},"74":{"start":{"line":265,"column":16},"end":{"line":267,"column":18}},"75":{"start":{"line":268,"column":16},"end":{"line":268,"column":45}},"76":{"start":{"line":270,"column":12},"end":{"line":335,"column":14}},"77":{"start":{"line":272,"column":52},"end":{"line":272,"column":56}},"78":{"start":{"line":274,"column":20},"end":{"line":288,"column":null}},"79":{"start":{"line":276,"column":48},"end":{"line":278,"column":null}},"80":{"start":{"line":281,"column":24},"end":{"line":285,"column":26}},"81":{"start":{"line":287,"column":24},"end":{"line":287,"column":56}},"82":{"start":{"line":290,"column":40},"end":{"line":292,"column":22}},"83":{"start":{"line":291,"column":24},"end":{"line":291,"column":40}},"84":{"start":{"line":294,"column":20},"end":{"line":330,"column":22}},"85":{"start":{"line":298,"column":28},"end":{"line":315,"column":null}},"86":{"start":{"line":299,"column":54},"end":{"line":304,"column":null}},"87":{"start":{"line":307,"column":32},"end":{"line":312,"column":34}},"88":{"start":{"line":314,"column":32},"end":{"line":314,"column":61}},"89":{"start":{"line":317,"column":52},"end":{"line":319,"column":null}},"90":{"start":{"line":322,"column":28},"end":{"line":326,"column":30}},"91":{"start":{"line":328,"column":28},"end":{"line":328,"column":60}},"92":{"start":{"line":333,"column":20},"end":{"line":333,"column":41}},"93":{"start":{"line":346,"column":8},"end":{"line":389,"column":11}},"94":{"start":{"line":347,"column":35},"end":{"line":347,"column":41}},"95":{"start":{"line":349,"column":12},"end":{"line":358,"column":null}},"96":{"start":{"line":350,"column":38},"end":{"line":352,"column":null}},"97":{"start":{"line":354,"column":16},"end":{"line":356,"column":18}},"98":{"start":{"line":357,"column":16},"end":{"line":357,"column":45}},"99":{"start":{"line":359,"column":45},"end":{"line":359,"column":47}},"100":{"start":{"line":360,"column":33},"end":{"line":363,"column":null}},"101":{"start":{"line":366,"column":12},"end":{"line":368,"column":15}},"102":{"start":{"line":367,"column":16},"end":{"line":367,"column":37}},"103":{"start":{"line":370,"column":12},"end":{"line":376,"column":15}},"104":{"start":{"line":371,"column":16},"end":{"line":375,"column":18}},"105":{"start":{"line":378,"column":12},"end":{"line":388,"column":15}},"106":{"start":{"line":379,"column":40},"end":{"line":382,"column":null}},"107":{"start":{"line":384,"column":16},"end":{"line":386,"column":18}},"108":{"start":{"line":387,"column":16},"end":{"line":387,"column":48}},"109":{"start":{"line":399,"column":8},"end":{"line":485,"column":11}},"110":{"start":{"line":400,"column":45},"end":{"line":400,"column":51}},"111":{"start":{"line":401,"column":37},"end":{"line":401,"column":43}},"112":{"start":{"line":403,"column":12},"end":{"line":412,"column":null}},"113":{"start":{"line":404,"column":38},"end":{"line":406,"column":null}},"114":{"start":{"line":408,"column":16},"end":{"line":410,"column":18}},"115":{"start":{"line":411,"column":16},"end":{"line":411,"column":45}},"116":{"start":{"line":415,"column":12},"end":{"line":425,"column":null}},"117":{"start":{"line":416,"column":38},"end":{"line":418,"column":null}},"118":{"start":{"line":421,"column":16},"end":{"line":423,"column":18}},"119":{"start":{"line":424,"column":16},"end":{"line":424,"column":45}},"120":{"start":{"line":427,"column":12},"end":{"line":429,"column":null}},"121":{"start":{"line":428,"column":16},"end":{"line":428,"column":40}},"122":{"start":{"line":431,"column":31},"end":{"line":431,"column":60}},"123":{"start":{"line":432,"column":29},"end":{"line":432,"column":52}},"124":{"start":{"line":434,"column":12},"end":{"line":484,"column":15}},"125":{"start":{"line":435,"column":16},"end":{"line":446,"column":null}},"126":{"start":{"line":436,"column":42},"end":{"line":439,"column":null}},"127":{"start":{"line":442,"column":20},"end":{"line":444,"column":22}},"128":{"start":{"line":445,"column":20},"end":{"line":445,"column":49}},"129":{"start":{"line":448,"column":16},"end":{"line":483,"column":18}},"130":{"start":{"line":454,"column":24},"end":{"line":467,"column":null}},"131":{"start":{"line":455,"column":50},"end":{"line":458,"column":null}},"132":{"start":{"line":461,"column":28},"end":{"line":465,"column":30}},"133":{"start":{"line":466,"column":28},"end":{"line":466,"column":57}},"134":{"start":{"line":469,"column":24},"end":{"line":481,"column":null}},"135":{"start":{"line":470,"column":52},"end":{"line":473,"column":null}},"136":{"start":{"line":475,"column":28},"end":{"line":479,"column":30}},"137":{"start":{"line":480,"column":28},"end":{"line":480,"column":60}},"138":{"start":{"line":495,"column":8},"end":{"line":556,"column":11}},"139":{"start":{"line":496,"column":51},"end":{"line":496,"column":57}},"140":{"start":{"line":497,"column":37},"end":{"line":497,"column":43}},"141":{"start":{"line":499,"column":12},"end":{"line":512,"column":null}},"142":{"start":{"line":504,"column":38},"end":{"line":506,"column":null}},"143":{"start":{"line":508,"column":16},"end":{"line":510,"column":18}},"144":{"start":{"line":511,"column":16},"end":{"line":511,"column":45}},"145":{"start":{"line":514,"column":12},"end":{"line":516,"column":null}},"146":{"start":{"line":515,"column":16},"end":{"line":515,"column":40}},"147":{"start":{"line":518,"column":31},"end":{"line":518,"column":45}},"148":{"start":{"line":519,"column":12},"end":{"line":519,"column":34}},"149":{"start":{"line":520,"column":12},"end":{"line":520,"column":34}},"150":{"start":{"line":521,"column":12},"end":{"line":555,"column":14}},"151":{"start":{"line":526,"column":20},"end":{"line":539,"column":null}},"152":{"start":{"line":527,"column":46},"end":{"line":530,"column":null}},"153":{"start":{"line":533,"column":24},"end":{"line":537,"column":26}},"154":{"start":{"line":538,"column":24},"end":{"line":538,"column":53}},"155":{"start":{"line":541,"column":20},"end":{"line":553,"column":null}},"156":{"start":{"line":542,"column":48},"end":{"line":545,"column":null}},"157":{"start":{"line":547,"column":24},"end":{"line":551,"column":26}},"158":{"start":{"line":552,"column":24},"end":{"line":552,"column":56}},"159":{"start":{"line":566,"column":8},"end":{"line":624,"column":11}},"160":{"start":{"line":567,"column":45},"end":{"line":567,"column":51}},"161":{"start":{"line":569,"column":12},"end":{"line":578,"column":null}},"162":{"start":{"line":570,"column":38},"end":{"line":572,"column":null}},"163":{"start":{"line":574,"column":16},"end":{"line":576,"column":18}},"164":{"start":{"line":577,"column":16},"end":{"line":577,"column":45}},"165":{"start":{"line":580,"column":12},"end":{"line":623,"column":14}},"166":{"start":{"line":584,"column":20},"end":{"line":596,"column":null}},"167":{"start":{"line":585,"column":46},"end":{"line":588,"column":null}},"168":{"start":{"line":590,"column":24},"end":{"line":594,"column":26}},"169":{"start":{"line":595,"column":24},"end":{"line":595,"column":53}},"170":{"start":{"line":597,"column":35},"end":{"line":597,"column":37}},"171":{"start":{"line":598,"column":20},"end":{"line":598,"column":51}},"172":{"start":{"line":600,"column":20},"end":{"line":602,"column":23}},"173":{"start":{"line":601,"column":24},"end":{"line":601,"column":42}},"174":{"start":{"line":604,"column":20},"end":{"line":617,"column":23}},"175":{"start":{"line":605,"column":48},"end":{"line":608,"column":null}},"176":{"start":{"line":611,"column":24},"end":{"line":615,"column":26}},"177":{"start":{"line":616,"column":24},"end":{"line":616,"column":56}},"178":{"start":{"line":619,"column":20},"end":{"line":621,"column":23}},"179":{"start":{"line":620,"column":24},"end":{"line":620,"column":43}},"180":{"start":{"line":634,"column":8},"end":{"line":634,"column":74}},"181":{"start":{"line":644,"column":8},"end":{"line":688,"column":11}},"182":{"start":{"line":645,"column":35},"end":{"line":645,"column":41}},"183":{"start":{"line":647,"column":12},"end":{"line":656,"column":null}},"184":{"start":{"line":648,"column":38},"end":{"line":650,"column":null}},"185":{"start":{"line":652,"column":16},"end":{"line":654,"column":18}},"186":{"start":{"line":655,"column":16},"end":{"line":655,"column":45}},"187":{"start":{"line":658,"column":12},"end":{"line":687,"column":14}},"188":{"start":{"line":661,"column":20},"end":{"line":673,"column":null}},"189":{"start":{"line":662,"column":46},"end":{"line":665,"column":null}},"190":{"start":{"line":667,"column":24},"end":{"line":671,"column":26}},"191":{"start":{"line":672,"column":24},"end":{"line":672,"column":53}},"192":{"start":{"line":675,"column":44},"end":{"line":678,"column":null}},"193":{"start":{"line":680,"column":20},"end":{"line":684,"column":22}},"194":{"start":{"line":685,"column":20},"end":{"line":685,"column":52}},"195":{"start":{"line":17,"column":0},"end":{"line":17,"column":13}}},"fnMap":{"0":{"name":"(anonymous_6)","decl":{"start":{"line":29,"column":4},"end":{"line":29,"column":16}},"loc":{"start":{"line":29,"column":70},"end":{"line":39,"column":5}}},"1":{"name":"(anonymous_7)","decl":{"start":{"line":47,"column":11},"end":{"line":47,"column":24}},"loc":{"start":{"line":47,"column":24},"end":{"line":49,"column":5}}},"2":{"name":"(anonymous_8)","decl":{"start":{"line":57,"column":11},"end":{"line":57,"column":23}},"loc":{"start":{"line":57,"column":48},"end":{"line":139,"column":5}}},"3":{"name":"(anonymous_9)","decl":{"start":{"line":58,"column":29},"end":{"line":58,"column":30}},"loc":{"start":{"line":58,"column":69},"end":{"line":138,"column":9}}},"4":{"name":"(anonymous_10)","decl":{"start":{"line":74,"column":16},"end":{"line":74,"column":17}},"loc":{"start":{"line":74,"column":69},"end":{"line":136,"column":17}}},"5":{"name":"(anonymous_11)","decl":{"start":{"line":93,"column":28},"end":{"line":93,"column":29}},"loc":{"start":{"line":93,"column":53},"end":{"line":122,"column":29}}},"6":{"name":"(anonymous_12)","decl":{"start":{"line":147,"column":11},"end":{"line":147,"column":24}},"loc":{"start":{"line":147,"column":24},"end":{"line":189,"column":5}}},"7":{"name":"(anonymous_13)","decl":{"start":{"line":148,"column":29},"end":{"line":148,"column":30}},"loc":{"start":{"line":148,"column":69},"end":{"line":188,"column":9}}},"8":{"name":"(anonymous_14)","decl":{"start":{"line":160,"column":16},"end":{"line":160,"column":17}},"loc":{"start":{"line":160,"column":47},"end":{"line":172,"column":17}}},"9":{"name":"(anonymous_15)","decl":{"start":{"line":173,"column":16},"end":{"line":173,"column":17}},"loc":{"start":{"line":173,"column":33},"end":{"line":186,"column":17}}},"10":{"name":"(anonymous_16)","decl":{"start":{"line":197,"column":11},"end":{"line":197,"column":23}},"loc":{"start":{"line":197,"column":48},"end":{"line":248,"column":5}}},"11":{"name":"(anonymous_17)","decl":{"start":{"line":198,"column":29},"end":{"line":198,"column":36}},"loc":{"start":{"line":198,"column":75},"end":{"line":247,"column":10}}},"12":{"name":"(anonymous_18)","decl":{"start":{"line":198,"column":75},"end":{"line":198,"column":null}},"loc":{"start":{"line":198,"column":75},"end":{"line":247,"column":9}}},"13":{"name":"(anonymous_19)","decl":{"start":{"line":220,"column":16},"end":{"line":220,"column":17}},"loc":{"start":{"line":220,"column":52},"end":{"line":245,"column":17}}},"14":{"name":"(anonymous_20)","decl":{"start":{"line":256,"column":11},"end":{"line":256,"column":22}},"loc":{"start":{"line":256,"column":47},"end":{"line":337,"column":5}}},"15":{"name":"(anonymous_21)","decl":{"start":{"line":257,"column":29},"end":{"line":257,"column":36}},"loc":{"start":{"line":257,"column":75},"end":{"line":336,"column":10}}},"16":{"name":"(anonymous_22)","decl":{"start":{"line":257,"column":75},"end":{"line":257,"column":null}},"loc":{"start":{"line":257,"column":75},"end":{"line":336,"column":9}}},"17":{"name":"(anonymous_23)","decl":{"start":{"line":271,"column":16},"end":{"line":271,"column":17}},"loc":{"start":{"line":271,"column":42},"end":{"line":331,"column":17}}},"18":{"name":"(anonymous_24)","decl":{"start":{"line":290,"column":58},"end":{"line":290,"column":59}},"loc":{"start":{"line":290,"column":78},"end":{"line":292,"column":21}}},"19":{"name":"(anonymous_25)","decl":{"start":{"line":297,"column":24},"end":{"line":297,"column":25}},"loc":{"start":{"line":297,"column":60},"end":{"line":329,"column":25}}},"20":{"name":"(anonymous_26)","decl":{"start":{"line":332,"column":16},"end":{"line":332,"column":21}},"loc":{"start":{"line":332,"column":24},"end":{"line":334,"column":17}}},"21":{"name":"(anonymous_27)","decl":{"start":{"line":345,"column":11},"end":{"line":345,"column":22}},"loc":{"start":{"line":345,"column":47},"end":{"line":390,"column":5}}},"22":{"name":"(anonymous_28)","decl":{"start":{"line":346,"column":29},"end":{"line":346,"column":30}},"loc":{"start":{"line":346,"column":69},"end":{"line":389,"column":9}}},"23":{"name":"(anonymous_29)","decl":{"start":{"line":366,"column":30},"end":{"line":366,"column":31}},"loc":{"start":{"line":366,"column":50},"end":{"line":368,"column":13}}},"24":{"name":"(anonymous_30)","decl":{"start":{"line":370,"column":31},"end":{"line":370,"column":32}},"loc":{"start":{"line":370,"column":46},"end":{"line":376,"column":13}}},"25":{"name":"(anonymous_31)","decl":{"start":{"line":378,"column":29},"end":{"line":378,"column":32}},"loc":{"start":{"line":378,"column":34},"end":{"line":388,"column":13}}},"26":{"name":"(anonymous_32)","decl":{"start":{"line":398,"column":11},"end":{"line":398,"column":20}},"loc":{"start":{"line":398,"column":44},"end":{"line":486,"column":5}}},"27":{"name":"(anonymous_33)","decl":{"start":{"line":399,"column":29},"end":{"line":399,"column":30}},"loc":{"start":{"line":399,"column":69},"end":{"line":485,"column":9}}},"28":{"name":"(anonymous_34)","decl":{"start":{"line":434,"column":30},"end":{"line":434,"column":31}},"loc":{"start":{"line":434,"column":59},"end":{"line":484,"column":13}}},"29":{"name":"(anonymous_35)","decl":{"start":{"line":453,"column":20},"end":{"line":453,"column":21}},"loc":{"start":{"line":453,"column":34},"end":{"line":482,"column":21}}},"30":{"name":"(anonymous_36)","decl":{"start":{"line":494,"column":11},"end":{"line":494,"column":26}},"loc":{"start":{"line":494,"column":50},"end":{"line":557,"column":5}}},"31":{"name":"(anonymous_37)","decl":{"start":{"line":495,"column":29},"end":{"line":495,"column":30}},"loc":{"start":{"line":495,"column":69},"end":{"line":556,"column":9}}},"32":{"name":"(anonymous_38)","decl":{"start":{"line":525,"column":16},"end":{"line":525,"column":17}},"loc":{"start":{"line":525,"column":32},"end":{"line":554,"column":17}}},"33":{"name":"(anonymous_39)","decl":{"start":{"line":565,"column":11},"end":{"line":565,"column":20}},"loc":{"start":{"line":565,"column":43},"end":{"line":625,"column":5}}},"34":{"name":"(anonymous_40)","decl":{"start":{"line":566,"column":29},"end":{"line":566,"column":30}},"loc":{"start":{"line":566,"column":69},"end":{"line":624,"column":9}}},"35":{"name":"(anonymous_41)","decl":{"start":{"line":583,"column":16},"end":{"line":583,"column":17}},"loc":{"start":{"line":583,"column":57},"end":{"line":622,"column":17}}},"36":{"name":"(anonymous_42)","decl":{"start":{"line":600,"column":42},"end":{"line":600,"column":43}},"loc":{"start":{"line":600,"column":60},"end":{"line":602,"column":21}}},"37":{"name":"(anonymous_43)","decl":{"start":{"line":604,"column":41},"end":{"line":604,"column":44}},"loc":{"start":{"line":604,"column":46},"end":{"line":617,"column":21}}},"38":{"name":"(anonymous_44)","decl":{"start":{"line":619,"column":43},"end":{"line":619,"column":44}},"loc":{"start":{"line":619,"column":58},"end":{"line":621,"column":21}}},"39":{"name":"(anonymous_45)","decl":{"start":{"line":633,"column":11},"end":{"line":633,"column":23}},"loc":{"start":{"line":633,"column":46},"end":{"line":635,"column":5}}},"40":{"name":"(anonymous_46)","decl":{"start":{"line":634,"column":29},"end":{"line":634,"column":30}},"loc":{"start":{"line":634,"column":69},"end":{"line":634,"column":72}}},"41":{"name":"(anonymous_47)","decl":{"start":{"line":643,"column":11},"end":{"line":643,"column":23}},"loc":{"start":{"line":643,"column":48},"end":{"line":689,"column":5}}},"42":{"name":"(anonymous_48)","decl":{"start":{"line":644,"column":29},"end":{"line":644,"column":30}},"loc":{"start":{"line":644,"column":69},"end":{"line":688,"column":9}}},"43":{"name":"(anonymous_49)","decl":{"start":{"line":660,"column":16},"end":{"line":660,"column":17}},"loc":{"start":{"line":660,"column":57},"end":{"line":686,"column":17}}}},"branchMap":{"0":{"loc":{"start":{"line":60,"column":12},"end":{"line":69,"column":null}},"type":"if","locations":[{"start":{"line":60,"column":12},"end":{"line":69,"column":null}},{"start":{"line":60,"column":12},"end":{"line":69,"column":null}}]},"1":{"loc":{"start":{"line":75,"column":20},"end":{"line":87,"column":null}},"type":"if","locations":[{"start":{"line":75,"column":20},"end":{"line":87,"column":null}},{"start":{"line":75,"column":20},"end":{"line":87,"column":null}}]},"2":{"loc":{"start":{"line":89,"column":20},"end":{"line":135,"column":null}},"type":"if","locations":[{"start":{"line":89,"column":20},"end":{"line":135,"column":null}},{"start":{"line":89,"column":20},"end":{"line":135,"column":null}}]},"3":{"loc":{"start":{"line":94,"column":32},"end":{"line":121,"column":null}},"type":"if","locations":[{"start":{"line":94,"column":32},"end":{"line":121,"column":null}},{"start":{"line":94,"column":32},"end":{"line":121,"column":null}}]},"4":{"loc":{"start":{"line":149,"column":12},"end":{"line":157,"column":null}},"type":"if","locations":[{"start":{"line":149,"column":12},"end":{"line":157,"column":null}},{"start":{"line":149,"column":12},"end":{"line":157,"column":null}}]},"5":{"loc":{"start":{"line":201,"column":12},"end":{"line":210,"column":null}},"type":"if","locations":[{"start":{"line":201,"column":12},"end":{"line":210,"column":null}},{"start":{"line":201,"column":12},"end":{"line":210,"column":null}}]},"6":{"loc":{"start":{"line":221,"column":20},"end":{"line":233,"column":null}},"type":"if","locations":[{"start":{"line":221,"column":20},"end":{"line":233,"column":null}},{"start":{"line":221,"column":20},"end":{"line":233,"column":null}}]},"7":{"loc":{"start":{"line":260,"column":12},"end":{"line":269,"column":null}},"type":"if","locations":[{"start":{"line":260,"column":12},"end":{"line":269,"column":null}},{"start":{"line":260,"column":12},"end":{"line":269,"column":null}}]},"8":{"loc":{"start":{"line":274,"column":20},"end":{"line":288,"column":null}},"type":"if","locations":[{"start":{"line":274,"column":20},"end":{"line":288,"column":null}},{"start":{"line":274,"column":20},"end":{"line":288,"column":null}}]},"9":{"loc":{"start":{"line":298,"column":28},"end":{"line":315,"column":null}},"type":"if","locations":[{"start":{"line":298,"column":28},"end":{"line":315,"column":null}},{"start":{"line":298,"column":28},"end":{"line":315,"column":null}}]},"10":{"loc":{"start":{"line":349,"column":12},"end":{"line":358,"column":null}},"type":"if","locations":[{"start":{"line":349,"column":12},"end":{"line":358,"column":null}},{"start":{"line":349,"column":12},"end":{"line":358,"column":null}}]},"11":{"loc":{"start":{"line":401,"column":28},"end":{"line":401,"column":32}},"type":"default-arg","locations":[{"start":{"line":401,"column":28},"end":{"line":401,"column":32}}]},"12":{"loc":{"start":{"line":403,"column":12},"end":{"line":412,"column":null}},"type":"if","locations":[{"start":{"line":403,"column":12},"end":{"line":412,"column":null}},{"start":{"line":403,"column":12},"end":{"line":412,"column":null}}]},"13":{"loc":{"start":{"line":403,"column":16},"end":{"line":403,"column":42}},"type":"binary-expr","locations":[{"start":{"line":403,"column":16},"end":{"line":403,"column":42}},{"start":{"line":403,"column":46},"end":{"line":403,"column":70}}]},"14":{"loc":{"start":{"line":415,"column":12},"end":{"line":425,"column":null}},"type":"if","locations":[{"start":{"line":415,"column":12},"end":{"line":425,"column":null}},{"start":{"line":415,"column":12},"end":{"line":425,"column":null}}]},"15":{"loc":{"start":{"line":427,"column":12},"end":{"line":429,"column":null}},"type":"if","locations":[{"start":{"line":427,"column":12},"end":{"line":429,"column":null}},{"start":{"line":427,"column":12},"end":{"line":429,"column":null}}]},"16":{"loc":{"start":{"line":435,"column":16},"end":{"line":446,"column":null}},"type":"if","locations":[{"start":{"line":435,"column":16},"end":{"line":446,"column":null}},{"start":{"line":435,"column":16},"end":{"line":446,"column":null}}]},"17":{"loc":{"start":{"line":454,"column":24},"end":{"line":467,"column":null}},"type":"if","locations":[{"start":{"line":454,"column":24},"end":{"line":467,"column":null}},{"start":{"line":454,"column":24},"end":{"line":467,"column":null}}]},"18":{"loc":{"start":{"line":469,"column":24},"end":{"line":481,"column":null}},"type":"if","locations":[{"start":{"line":469,"column":24},"end":{"line":481,"column":null}},{"start":{"line":469,"column":24},"end":{"line":481,"column":null}}]},"19":{"loc":{"start":{"line":497,"column":28},"end":{"line":497,"column":32}},"type":"default-arg","locations":[{"start":{"line":497,"column":28},"end":{"line":497,"column":32}}]},"20":{"loc":{"start":{"line":499,"column":12},"end":{"line":512,"column":null}},"type":"if","locations":[{"start":{"line":499,"column":12},"end":{"line":512,"column":null}},{"start":{"line":499,"column":12},"end":{"line":512,"column":null}}]},"21":{"loc":{"start":{"line":500,"column":16},"end":{"line":500,"column":42}},"type":"binary-expr","locations":[{"start":{"line":500,"column":16},"end":{"line":500,"column":42}},{"start":{"line":501,"column":16},"end":{"line":501,"column":40}},{"start":{"line":502,"column":16},"end":{"line":502,"column":36}}]},"22":{"loc":{"start":{"line":514,"column":12},"end":{"line":516,"column":null}},"type":"if","locations":[{"start":{"line":514,"column":12},"end":{"line":516,"column":null}},{"start":{"line":514,"column":12},"end":{"line":516,"column":null}}]},"23":{"loc":{"start":{"line":526,"column":20},"end":{"line":539,"column":null}},"type":"if","locations":[{"start":{"line":526,"column":20},"end":{"line":539,"column":null}},{"start":{"line":526,"column":20},"end":{"line":539,"column":null}}]},"24":{"loc":{"start":{"line":541,"column":20},"end":{"line":553,"column":null}},"type":"if","locations":[{"start":{"line":541,"column":20},"end":{"line":553,"column":null}},{"start":{"line":541,"column":20},"end":{"line":553,"column":null}}]},"25":{"loc":{"start":{"line":569,"column":12},"end":{"line":578,"column":null}},"type":"if","locations":[{"start":{"line":569,"column":12},"end":{"line":578,"column":null}},{"start":{"line":569,"column":12},"end":{"line":578,"column":null}}]},"26":{"loc":{"start":{"line":569,"column":16},"end":{"line":569,"column":42}},"type":"binary-expr","locations":[{"start":{"line":569,"column":16},"end":{"line":569,"column":42}},{"start":{"line":569,"column":46},"end":{"line":569,"column":70}}]},"27":{"loc":{"start":{"line":584,"column":20},"end":{"line":596,"column":null}},"type":"if","locations":[{"start":{"line":584,"column":20},"end":{"line":596,"column":null}},{"start":{"line":584,"column":20},"end":{"line":596,"column":null}}]},"28":{"loc":{"start":{"line":647,"column":12},"end":{"line":656,"column":null}},"type":"if","locations":[{"start":{"line":647,"column":12},"end":{"line":656,"column":null}},{"start":{"line":647,"column":12},"end":{"line":656,"column":null}}]},"29":{"loc":{"start":{"line":661,"column":20},"end":{"line":673,"column":null}},"type":"if","locations":[{"start":{"line":661,"column":20},"end":{"line":673,"column":null}},{"start":{"line":661,"column":20},"end":{"line":673,"column":null}}]}},"s":{"0":2,"1":2,"2":2,"3":2,"4":2,"5":2,"6":2,"7":2,"8":2,"9":2,"10":0,"11":0,"12":0,"13":0,"14":0,"15":0,"16":0,"17":0,"18":0,"19":0,"20":0,"21":0,"22":0,"23":0,"24":0,"25":0,"26":0,"27":0,"28":0,"29":0,"30":0,"31":0,"32":0,"33":0,"34":0,"35":0,"36":0,"37":0,"38":0,"39":0,"40":0,"41":0,"42":0,"43":0,"44":0,"45":0,"46":0,"47":0,"48":0,"49":0,"50":0,"51":0,"52":0,"53":0,"54":0,"55":0,"56":0,"57":0,"58":0,"59":0,"60":0,"61":0,"62":0,"63":0,"64":0,"65":0,"66":0,"67":0,"68":0,"69":0,"70":0,"71":0,"72":0,"73":0,"74":0,"75":0,"76":0,"77":0,"78":0,"79":0,"80":0,"81":0,"82":0,"83":0,"84":0,"85":0,"86":0,"87":0,"88":0,"89":0,"90":0,"91":0,"92":0,"93":0,"94":0,"95":0,"96":0,"97":0,"98":0,"99":0,"100":0,"101":0,"102":0,"103":0,"104":0,"105":0,"106":0,"107":0,"108":0,"109":0,"110":0,"111":0,"112":0,"113":0,"114":0,"115":0,"116":0,"117":0,"118":0,"119":0,"120":0,"121":0,"122":0,"123":0,"124":0,"125":0,"126":0,"127":0,"128":0,"129":0,"130":0,"131":0,"132":0,"133":0,"134":0,"135":0,"136":0,"137":0,"138":0,"139":0,"140":0,"141":0,"142":0,"143":0,"144":0,"145":0,"146":0,"147":0,"148":0,"149":0,"150":0,"151":0,"152":0,"153":0,"154":0,"155":0,"156":0,"157":0,"158":0,"159":0,"160":0,"161":0,"162":0,"163":0,"164":0,"165":0,"166":0,"167":0,"168":0,"169":0,"170":0,"171":0,"172":0,"173":0,"174":0,"175":0,"176":0,"177":0,"178":0,"179":0,"180":0,"181":0,"182":0,"183":0,"184":0,"185":0,"186":0,"187":0,"188":0,"189":0,"190":0,"191":0,"192":0,"193":0,"194":0,"195":2},"f":{"0":0,"1":0,"2":0,"3":0,"4":0,"5":0,"6":0,"7":0,"8":0,"9":0,"10":0,"11":0,"12":0,"13":0,"14":0,"15":0,"16":0,"17":0,"18":0,"19":0,"20":0,"21":0,"22":0,"23":0,"24":0,"25":0,"26":0,"27":0,"28":0,"29":0,"30":0,"31":0,"32":0,"33":0,"34":0,"35":0,"36":0,"37":0,"38":0,"39":0,"40":0,"41":0,"42":0,"43":0},"b":{"0":[0,0],"1":[0,0],"2":[0,0],"3":[0,0],"4":[0,0],"5":[0,0],"6":[0,0],"7":[0,0],"8":[0,0],"9":[0,0],"10":[0,0],"11":[0],"12":[0,0],"13":[0,0],"14":[0,0],"15":[0,0],"16":[0,0],"17":[0,0],"18":[0,0],"19":[0],"20":[0,0],"21":[0,0,0],"22":[0,0],"23":[0,0],"24":[0,0],"25":[0,0],"26":[0,0],"27":[0,0],"28":[0,0],"29":[0,0]}}
,"/Users/gaurangdave/workspace/aarnam-helper-scripts/lib/minio/index.ts": {"path":"/Users/gaurangdave/workspace/aarnam-helper-scripts/lib/minio/index.ts","statementMap":{"0":{"start":{"line":1,"column":0},"end":{"line":1,"column":44}},"1":{"start":{"line":2,"column":0},"end":{"line":2,"column":35}},"2":{"start":{"line":4,"column":19},"end":{"line":4,"column":32}},"3":{"start":{"line":10,"column":13},"end":{"line":38,"column":2}},"4":{"start":{"line":13,"column":47},"end":{"line":13,"column":53}},"5":{"start":{"line":14,"column":19},"end":{"line":14,"column":31}},"6":{"start":{"line":16,"column":4},"end":{"line":21,"column":null}},"7":{"start":{"line":17,"column":8},"end":{"line":19,"column":10}},"8":{"start":{"line":20,"column":8},"end":{"line":20,"column":20}},"9":{"start":{"line":23,"column":4},"end":{"line":28,"column":null}},"10":{"start":{"line":24,"column":8},"end":{"line":26,"column":10}},"11":{"start":{"line":27,"column":8},"end":{"line":27,"column":20}},"12":{"start":{"line":30,"column":4},"end":{"line":35,"column":null}},"13":{"start":{"line":31,"column":8},"end":{"line":33,"column":10}},"14":{"start":{"line":34,"column":8},"end":{"line":34,"column":20}},"15":{"start":{"line":37,"column":4},"end":{"line":37,"column":59}},"16":{"start":{"line":46,"column":0},"end":{"line":46,"column":32}}},"fnMap":{"0":{"name":"(anonymous_0)","decl":{"start":{"line":10,"column":26},"end":{"line":10,"column":null}},"loc":{"start":{"line":12,"column":24},"end":{"line":38,"column":1}}}},"branchMap":{"0":{"loc":{"start":{"line":16,"column":4},"end":{"line":21,"column":null}},"type":"if","locations":[{"start":{"line":16,"column":4},"end":{"line":21,"column":null}},{"start":{"line":16,"column":4},"end":{"line":21,"column":null}}]},"1":{"loc":{"start":{"line":23,"column":4},"end":{"line":28,"column":null}},"type":"if","locations":[{"start":{"line":23,"column":4},"end":{"line":28,"column":null}},{"start":{"line":23,"column":4},"end":{"line":28,"column":null}}]},"2":{"loc":{"start":{"line":30,"column":4},"end":{"line":35,"column":null}},"type":"if","locations":[{"start":{"line":30,"column":4},"end":{"line":35,"column":null}},{"start":{"line":30,"column":4},"end":{"line":35,"column":null}}]}},"s":{"0":2,"1":2,"2":2,"3":2,"4":6,"5":6,"6":6,"7":6,"8":6,"9":0,"10":0,"11":0,"12":0,"13":0,"14":0,"15":0,"16":2},"f":{"0":6},"b":{"0":[6,0],"1":[0,0],"2":[0,0]}}
,"/Users/gaurangdave/workspace/aarnam-helper-scripts/lib/serviceResponse/ServiceResponse.ts": {"path":"/Users/gaurangdave/workspace/aarnam-helper-scripts/lib/serviceResponse/ServiceResponse.ts","statementMap":{"0":{"start":{"line":1,"column":29},"end":{"line":1,"column":69}},"1":{"start":{"line":14,"column":8},"end":{"line":14,"column":26}},"2":{"start":{"line":15,"column":8},"end":{"line":15,"column":26}},"3":{"start":{"line":16,"column":8},"end":{"line":16,"column":32}},"4":{"start":{"line":17,"column":8},"end":{"line":17,"column":26}},"5":{"start":{"line":25,"column":8},"end":{"line":30,"column":10}},"6":{"start":{"line":38,"column":8},"end":{"line":43,"column":10}},"7":{"start":{"line":51,"column":8},"end":{"line":56,"column":10}},"8":{"start":{"line":63,"column":8},"end":{"line":63,"column":26}},"9":{"start":{"line":71,"column":8},"end":{"line":71,"column":26}},"10":{"start":{"line":79,"column":8},"end":{"line":79,"column":29}},"11":{"start":{"line":87,"column":8},"end":{"line":87,"column":26}},"12":{"start":{"line":95,"column":8},"end":{"line":95,"column":27}},"13":{"start":{"line":103,"column":8},"end":{"line":103,"column":27}},"14":{"start":{"line":111,"column":8},"end":{"line":111,"column":30}},"15":{"start":{"line":119,"column":8},"end":{"line":119,"column":27}},"16":{"start":{"line":2,"column":0},"end":{"line":2,"column":13}}},"fnMap":{"0":{"name":"(anonymous_0)","decl":{"start":{"line":8,"column":4},"end":{"line":8,"column":null}},"loc":{"start":{"line":12,"column":24},"end":{"line":18,"column":5}}},"1":{"name":"(anonymous_1)","decl":{"start":{"line":20,"column":4},"end":{"line":20,"column":10}},"loc":{"start":{"line":23,"column":25},"end":{"line":31,"column":5}}},"2":{"name":"(anonymous_2)","decl":{"start":{"line":33,"column":4},"end":{"line":33,"column":10}},"loc":{"start":{"line":36,"column":25},"end":{"line":44,"column":5}}},"3":{"name":"(anonymous_3)","decl":{"start":{"line":46,"column":4},"end":{"line":46,"column":10}},"loc":{"start":{"line":49,"column":25},"end":{"line":57,"column":5}}},"4":{"name":"(anonymous_4)","decl":{"start":{"line":62,"column":4},"end":{"line":62,"column":15}},"loc":{"start":{"line":62,"column":19},"end":{"line":64,"column":5}}},"5":{"name":"(anonymous_5)","decl":{"start":{"line":70,"column":4},"end":{"line":70,"column":15}},"loc":{"start":{"line":70,"column":19},"end":{"line":72,"column":5}}},"6":{"name":"(anonymous_6)","decl":{"start":{"line":78,"column":4},"end":{"line":78,"column":15}},"loc":{"start":{"line":78,"column":22},"end":{"line":80,"column":5}}},"7":{"name":"(anonymous_7)","decl":{"start":{"line":86,"column":4},"end":{"line":86,"column":15}},"loc":{"start":{"line":86,"column":19},"end":{"line":88,"column":5}}},"8":{"name":"(anonymous_8)","decl":{"start":{"line":94,"column":4},"end":{"line":94,"column":15}},"loc":{"start":{"line":94,"column":33},"end":{"line":96,"column":5}}},"9":{"name":"(anonymous_9)","decl":{"start":{"line":102,"column":4},"end":{"line":102,"column":15}},"loc":{"start":{"line":102,"column":33},"end":{"line":104,"column":5}}},"10":{"name":"(anonymous_10)","decl":{"start":{"line":110,"column":4},"end":{"line":110,"column":15}},"loc":{"start":{"line":110,"column":36},"end":{"line":112,"column":5}}},"11":{"name":"(anonymous_11)","decl":{"start":{"line":118,"column":4},"end":{"line":118,"column":15}},"loc":{"start":{"line":118,"column":30},"end":{"line":120,"column":5}}}},"branchMap":{"0":{"loc":{"start":{"line":9,"column":23},"end":{"line":9,"column":55}},"type":"default-arg","locations":[{"start":{"line":9,"column":23},"end":{"line":9,"column":55}}]},"1":{"loc":{"start":{"line":10,"column":23},"end":{"line":10,"column":57}},"type":"default-arg","locations":[{"start":{"line":10,"column":23},"end":{"line":10,"column":57}}]},"2":{"loc":{"start":{"line":11,"column":26},"end":{"line":11,"column":60}},"type":"default-arg","locations":[{"start":{"line":11,"column":26},"end":{"line":11,"column":60}}]},"3":{"loc":{"start":{"line":12,"column":20},"end":{"line":12,"column":24}},"type":"default-arg","locations":[{"start":{"line":12,"column":20},"end":{"line":12,"column":24}}]},"4":{"loc":{"start":{"line":21,"column":24},"end":{"line":21,"column":58}},"type":"default-arg","locations":[{"start":{"line":21,"column":24},"end":{"line":21,"column":58}}]},"5":{"loc":{"start":{"line":22,"column":27},"end":{"line":22,"column":61}},"type":"default-arg","locations":[{"start":{"line":22,"column":27},"end":{"line":22,"column":61}}]},"6":{"loc":{"start":{"line":23,"column":21},"end":{"line":23,"column":25}},"type":"default-arg","locations":[{"start":{"line":23,"column":21},"end":{"line":23,"column":25}}]},"7":{"loc":{"start":{"line":34,"column":24},"end":{"line":34,"column":58}},"type":"default-arg","locations":[{"start":{"line":34,"column":24},"end":{"line":34,"column":58}}]},"8":{"loc":{"start":{"line":35,"column":27},"end":{"line":35,"column":61}},"type":"default-arg","locations":[{"start":{"line":35,"column":27},"end":{"line":35,"column":61}}]},"9":{"loc":{"start":{"line":36,"column":21},"end":{"line":36,"column":25}},"type":"default-arg","locations":[{"start":{"line":36,"column":21},"end":{"line":36,"column":25}}]},"10":{"loc":{"start":{"line":47,"column":24},"end":{"line":47,"column":58}},"type":"default-arg","locations":[{"start":{"line":47,"column":24},"end":{"line":47,"column":58}}]},"11":{"loc":{"start":{"line":48,"column":27},"end":{"line":48,"column":61}},"type":"default-arg","locations":[{"start":{"line":48,"column":27},"end":{"line":48,"column":61}}]},"12":{"loc":{"start":{"line":49,"column":21},"end":{"line":49,"column":25}},"type":"default-arg","locations":[{"start":{"line":49,"column":21},"end":{"line":49,"column":25}}]}},"s":{"0":2,"1":0,"2":0,"3":0,"4":0,"5":0,"6":0,"7":0,"8":0,"9":0,"10":0,"11":0,"12":0,"13":0,"14":0,"15":0,"16":2},"f":{"0":0,"1":0,"2":0,"3":0,"4":0,"5":0,"6":0,"7":0,"8":0,"9":0,"10":0,"11":0},"b":{"0":[0],"1":[0],"2":[0],"3":[0],"4":[0],"5":[0],"6":[0],"7":[0],"8":[0],"9":[0],"10":[0],"11":[0],"12":[0]}}
,"/Users/gaurangdave/workspace/aarnam-helper-scripts/lib/validators/array.validator.ts": {"path":"/Users/gaurangdave/workspace/aarnam-helper-scripts/lib/validators/array.validator.ts","statementMap":{"0":{"start":{"line":1,"column":29},"end":{"line":3,"column":1}},"1":{"start":{"line":2,"column":4},"end":{"line":2,"column":60}},"2":{"start":{"line":5,"column":0},"end":{"line":7,"column":2}}},"fnMap":{"0":{"name":"(anonymous_0)","decl":{"start":{"line":1,"column":29},"end":{"line":1,"column":30}},"loc":{"start":{"line":1,"column":43},"end":{"line":3,"column":1}}}},"branchMap":{"0":{"loc":{"start":{"line":2,"column":11},"end":{"line":2,"column":15}},"type":"binary-expr","locations":[{"start":{"line":2,"column":11},"end":{"line":2,"column":15}},{"start":{"line":2,"column":19},"end":{"line":2,"column":40}},{"start":{"line":2,"column":44},"end":{"line":2,"column":59}}]}},"s":{"0":2,"1":0,"2":2},"f":{"0":0},"b":{"0":[0,0,0]}}
,"/Users/gaurangdave/workspace/aarnam-helper-scripts/lib/validators/string.validator.ts": {"path":"/Users/gaurangdave/workspace/aarnam-helper-scripts/lib/validators/string.validator.ts","statementMap":{"0":{"start":{"line":1,"column":22},"end":{"line":7,"column":1}},"1":{"start":{"line":2,"column":4},"end":{"line":4,"column":null}},"2":{"start":{"line":3,"column":8},"end":{"line":3,"column":20}},"3":{"start":{"line":6,"column":4},"end":{"line":6,"column":17}},"4":{"start":{"line":9,"column":0},"end":{"line":11,"column":2}}},"fnMap":{"0":{"name":"(anonymous_0)","decl":{"start":{"line":1,"column":22},"end":{"line":1,"column":23}},"loc":{"start":{"line":1,"column":43},"end":{"line":7,"column":1}}}},"branchMap":{"0":{"loc":{"start":{"line":2,"column":4},"end":{"line":4,"column":null}},"type":"if","locations":[{"start":{"line":2,"column":4},"end":{"line":4,"column":null}},{"start":{"line":2,"column":4},"end":{"line":4,"column":null}}]},"1":{"loc":{"start":{"line":2,"column":8},"end":{"line":2,"column":16}},"type":"binary-expr","locations":[{"start":{"line":2,"column":8},"end":{"line":2,"column":16}},{"start":{"line":2,"column":20},"end":{"line":2,"column":46}}]}},"s":{"0":2,"1":0,"2":0,"3":0,"4":2},"f":{"0":0},"b":{"0":[0,0],"1":[0,0]}}
,"/Users/gaurangdave/workspace/aarnam-helper-scripts/lib/walker/filters.ts": {"path":"/Users/gaurangdave/workspace/aarnam-helper-scripts/lib/walker/filters.ts","statementMap":{"0":{"start":{"line":1,"column":13},"end":{"line":1,"column":28}},"1":{"start":{"line":3,"column":13},"end":{"line":24,"column":2}},"2":{"start":{"line":4,"column":70},"end":{"line":4,"column":76}},"3":{"start":{"line":6,"column":4},"end":{"line":8,"column":null}},"4":{"start":{"line":7,"column":8},"end":{"line":7,"column":21}},"5":{"start":{"line":10,"column":21},"end":{"line":10,"column":44}},"6":{"start":{"line":11,"column":26},"end":{"line":11,"column":48}},"7":{"start":{"line":12,"column":4},"end":{"line":14,"column":null}},"8":{"start":{"line":13,"column":8},"end":{"line":13,"column":21}},"9":{"start":{"line":16,"column":4},"end":{"line":21,"column":null}},"10":{"start":{"line":20,"column":8},"end":{"line":20,"column":21}},"11":{"start":{"line":23,"column":4},"end":{"line":23,"column":16}},"12":{"start":{"line":26,"column":0},"end":{"line":28,"column":2}}},"fnMap":{"0":{"name":"(anonymous_0)","decl":{"start":{"line":3,"column":27},"end":{"line":3,"column":28}},"loc":{"start":{"line":3,"column":43},"end":{"line":24,"column":1}}}},"branchMap":{"0":{"loc":{"start":{"line":4,"column":38},"end":{"line":4,"column":40}},"type":"default-arg","locations":[{"start":{"line":4,"column":38},"end":{"line":4,"column":40}}]},"1":{"loc":{"start":{"line":4,"column":63},"end":{"line":4,"column":65}},"type":"default-arg","locations":[{"start":{"line":4,"column":63},"end":{"line":4,"column":65}}]},"2":{"loc":{"start":{"line":6,"column":4},"end":{"line":8,"column":null}},"type":"if","locations":[{"start":{"line":6,"column":4},"end":{"line":8,"column":null}},{"start":{"line":6,"column":4},"end":{"line":8,"column":null}}]},"3":{"loc":{"start":{"line":12,"column":4},"end":{"line":14,"column":null}},"type":"if","locations":[{"start":{"line":12,"column":4},"end":{"line":14,"column":null}},{"start":{"line":12,"column":4},"end":{"line":14,"column":null}}]},"4":{"loc":{"start":{"line":12,"column":8},"end":{"line":12,"column":32}},"type":"binary-expr","locations":[{"start":{"line":12,"column":8},"end":{"line":12,"column":32}},{"start":{"line":12,"column":36},"end":{"line":12,"column":74}}]},"5":{"loc":{"start":{"line":16,"column":4},"end":{"line":21,"column":null}},"type":"if","locations":[{"start":{"line":16,"column":4},"end":{"line":21,"column":null}},{"start":{"line":16,"column":4},"end":{"line":21,"column":null}}]},"6":{"loc":{"start":{"line":17,"column":8},"end":{"line":17,"column":37}},"type":"binary-expr","locations":[{"start":{"line":17,"column":8},"end":{"line":17,"column":37}},{"start":{"line":18,"column":8},"end":{"line":18,"column":56}}]}},"s":{"0":2,"1":2,"2":0,"3":0,"4":0,"5":0,"6":0,"7":0,"8":0,"9":0,"10":0,"11":0,"12":2},"f":{"0":0},"b":{"0":[0],"1":[0],"2":[0,0],"3":[0,0],"4":[0,0],"5":[0,0],"6":[0,0]}}
,"/Users/gaurangdave/workspace/aarnam-helper-scripts/lib/walker/index.ts": {"path":"/Users/gaurangdave/workspace/aarnam-helper-scripts/lib/walker/index.ts","statementMap":{"0":{"start":{"line":1,"column":13},"end":{"line":1,"column":28}},"1":{"start":{"line":2,"column":11},"end":{"line":2,"column":24}},"2":{"start":{"line":3,"column":13},"end":{"line":3,"column":28}},"3":{"start":{"line":5,"column":0},"end":{"line":5,"column":44}},"4":{"start":{"line":6,"column":0},"end":{"line":6,"column":40}},"5":{"start":{"line":7,"column":0},"end":{"line":7,"column":40}},"6":{"start":{"line":11,"column":28},"end":{"line":11,"column":78}},"7":{"start":{"line":13,"column":22},"end":{"line":25,"column":2}},"8":{"start":{"line":28,"column":27},"end":{"line":28,"column":42}},"9":{"start":{"line":36,"column":19},"end":{"line":94,"column":6}},"10":{"start":{"line":40,"column":4},"end":{"line":94,"column":6}},"11":{"start":{"line":42,"column":8},"end":{"line":45,"column":null}},"12":{"start":{"line":43,"column":12},"end":{"line":43,"column":57}},"13":{"start":{"line":44,"column":12},"end":{"line":44,"column":32}},"14":{"start":{"line":47,"column":24},"end":{"line":50,"column":10}},"15":{"start":{"line":52,"column":23},"end":{"line":52,"column":50}},"16":{"start":{"line":54,"column":8},"end":{"line":66,"column":11}},"17":{"start":{"line":59,"column":12},"end":{"line":64,"column":null}},"18":{"start":{"line":60,"column":16},"end":{"line":63,"column":19}},"19":{"start":{"line":65,"column":12},"end":{"line":65,"column":19}},"20":{"start":{"line":68,"column":8},"end":{"line":80,"column":11}},"21":{"start":{"line":73,"column":12},"end":{"line":78,"column":null}},"22":{"start":{"line":74,"column":16},"end":{"line":77,"column":19}},"23":{"start":{"line":79,"column":12},"end":{"line":79,"column":19}},"24":{"start":{"line":82,"column":8},"end":{"line":89,"column":11}},"25":{"start":{"line":87,"column":12},"end":{"line":87,"column":45}},"26":{"start":{"line":88,"column":12},"end":{"line":88,"column":19}},"27":{"start":{"line":91,"column":8},"end":{"line":93,"column":11}},"28":{"start":{"line":92,"column":12},"end":{"line":92,"column":32}},"29":{"start":{"line":101,"column":13},"end":{"line":102,"column":37}},"30":{"start":{"line":102,"column":4},"end":{"line":102,"column":36}},"31":{"start":{"line":108,"column":13},"end":{"line":117,"column":6}},"32":{"start":{"line":109,"column":4},"end":{"line":116,"column":null}},"33":{"start":{"line":111,"column":12},"end":{"line":115,"column":14}},"34":{"start":{"line":119,"column":13},"end":{"line":129,"column":2}},"35":{"start":{"line":120,"column":4},"end":{"line":128,"column":6}},"36":{"start":{"line":122,"column":12},"end":{"line":126,"column":14}},"37":{"start":{"line":131,"column":0},"end":{"line":135,"column":2}}},"fnMap":{"0":{"name":"(anonymous_0)","decl":{"start":{"line":36,"column":19},"end":{"line":36,"column":null}},"loc":{"start":{"line":40,"column":4},"end":{"line":94,"column":6}}},"1":{"name":"(anonymous_1)","decl":{"start":{"line":40,"column":22},"end":{"line":40,"column":23}},"loc":{"start":{"line":40,"column":61},"end":{"line":94,"column":5}}},"2":{"name":"(anonymous_2)","decl":{"start":{"line":54,"column":31},"end":{"line":54,"column":null}},"loc":{"start":{"line":57,"column":26},"end":{"line":66,"column":9}}},"3":{"name":"(anonymous_3)","decl":{"start":{"line":68,"column":26},"end":{"line":68,"column":null}},"loc":{"start":{"line":71,"column":26},"end":{"line":80,"column":9}}},"4":{"name":"(anonymous_4)","decl":{"start":{"line":82,"column":28},"end":{"line":82,"column":null}},"loc":{"start":{"line":85,"column":26},"end":{"line":89,"column":9}}},"5":{"name":"(anonymous_5)","decl":{"start":{"line":91,"column":25},"end":{"line":91,"column":null}},"loc":{"start":{"line":91,"column":25},"end":{"line":93,"column":9}}},"6":{"name":"(anonymous_6)","decl":{"start":{"line":101,"column":31},"end":{"line":101,"column":32}},"loc":{"start":{"line":102,"column":4},"end":{"line":102,"column":36}}},"7":{"name":"(anonymous_7)","decl":{"start":{"line":108,"column":26},"end":{"line":108,"column":27}},"loc":{"start":{"line":109,"column":4},"end":{"line":116,"column":null}}},"8":{"name":"(anonymous_8)","decl":{"start":{"line":110,"column":15},"end":{"line":110,"column":16}},"loc":{"start":{"line":111,"column":12},"end":{"line":115,"column":14}}},"9":{"name":"(anonymous_9)","decl":{"start":{"line":119,"column":29},"end":{"line":119,"column":30}},"loc":{"start":{"line":119,"column":77},"end":{"line":129,"column":1}}},"10":{"name":"(anonymous_10)","decl":{"start":{"line":121,"column":15},"end":{"line":121,"column":16}},"loc":{"start":{"line":122,"column":12},"end":{"line":126,"column":14}}}},"branchMap":{"0":{"loc":{"start":{"line":37,"column":19},"end":{"line":37,"column":24}},"type":"default-arg","locations":[{"start":{"line":37,"column":19},"end":{"line":37,"column":24}}]},"1":{"loc":{"start":{"line":42,"column":8},"end":{"line":45,"column":null}},"type":"if","locations":[{"start":{"line":42,"column":8},"end":{"line":45,"column":null}},{"start":{"line":42,"column":8},"end":{"line":45,"column":null}}]},"2":{"loc":{"start":{"line":59,"column":12},"end":{"line":64,"column":null}},"type":"if","locations":[{"start":{"line":59,"column":12},"end":{"line":64,"column":null}},{"start":{"line":59,"column":12},"end":{"line":64,"column":null}}]},"3":{"loc":{"start":{"line":59,"column":16},"end":{"line":59,"column":36}},"type":"binary-expr","locations":[{"start":{"line":59,"column":16},"end":{"line":59,"column":36}},{"start":{"line":59,"column":40},"end":{"line":59,"column":54}}]},"4":{"loc":{"start":{"line":73,"column":12},"end":{"line":78,"column":null}},"type":"if","locations":[{"start":{"line":73,"column":12},"end":{"line":78,"column":null}},{"start":{"line":73,"column":12},"end":{"line":78,"column":null}}]},"5":{"loc":{"start":{"line":73,"column":16},"end":{"line":73,"column":31}},"type":"binary-expr","locations":[{"start":{"line":73,"column":16},"end":{"line":73,"column":31}},{"start":{"line":73,"column":35},"end":{"line":73,"column":49}}]}},"s":{"0":2,"1":2,"2":2,"3":2,"4":2,"5":2,"6":2,"7":2,"8":2,"9":2,"10":0,"11":0,"12":0,"13":0,"14":0,"15":0,"16":0,"17":0,"18":0,"19":0,"20":0,"21":0,"22":0,"23":0,"24":0,"25":0,"26":0,"27":0,"28":0,"29":2,"30":0,"31":2,"32":0,"33":0,"34":2,"35":0,"36":0,"37":2},"f":{"0":0,"1":0,"2":0,"3":0,"4":0,"5":0,"6":0,"7":0,"8":0,"9":0,"10":0},"b":{"0":[0],"1":[0,0],"2":[0,0],"3":[0,0],"4":[0,0],"5":[0,0]}}
,"/Users/gaurangdave/workspace/aarnam-helper-scripts/tests/helper/google/index.js": {"path":"/Users/gaurangdave/workspace/aarnam-helper-scripts/tests/helper/google/index.js","statementMap":{"0":{"start":{"line":1,"column":22},"end":{"line":1,"column":62}},"1":{"start":{"line":2,"column":10},"end":{"line":2,"column":22}},"2":{"start":{"line":3,"column":11},"end":{"line":3,"column":24}},"3":{"start":{"line":4,"column":13},"end":{"line":4,"column":28}},"4":{"start":{"line":6,"column":20},"end":{"line":6,"column":50}},"5":{"start":{"line":7,"column":18},"end":{"line":7,"column":33}},"6":{"start":{"line":8,"column":16},"end":{"line":11,"column":2}},"7":{"start":{"line":13,"column":25},"end":{"line":24,"column":1}},"8":{"start":{"line":14,"column":5},"end":{"line":23,"column":8}},"9":{"start":{"line":15,"column":28},"end":{"line":15,"column":54}},"10":{"start":{"line":16,"column":10},"end":{"line":22,"column":13}},"11":{"start":{"line":17,"column":15},"end":{"line":19,"column":16}},"12":{"start":{"line":18,"column":20},"end":{"line":18,"column":41}},"13":{"start":{"line":21,"column":15},"end":{"line":21,"column":38}},"14":{"start":{"line":26,"column":23},"end":{"line":41,"column":1}},"15":{"start":{"line":27,"column":5},"end":{"line":40,"column":8}},"16":{"start":{"line":28,"column":27},"end":{"line":28,"column":50}},"17":{"start":{"line":29,"column":25},"end":{"line":29,"column":51}},"18":{"start":{"line":30,"column":23},"end":{"line":30,"column":44}},"19":{"start":{"line":31,"column":10},"end":{"line":38,"column":17}},"20":{"start":{"line":34,"column":20},"end":{"line":34,"column":41}},"21":{"start":{"line":37,"column":20},"end":{"line":37,"column":37}},"22":{"start":{"line":43,"column":25},"end":{"line":46,"column":1}},"23":{"start":{"line":44,"column":20},"end":{"line":44,"column":46}},"24":{"start":{"line":45,"column":5},"end":{"line":45,"column":28}},"25":{"start":{"line":48,"column":23},"end":{"line":51,"column":1}},"26":{"start":{"line":49,"column":20},"end":{"line":49,"column":46}},"27":{"start":{"line":50,"column":5},"end":{"line":50,"column":33}},"28":{"start":{"line":53,"column":20},"end":{"line":66,"column":1}},"29":{"start":{"line":54,"column":5},"end":{"line":65,"column":8}},"30":{"start":{"line":55,"column":10},"end":{"line":64,"column":12}},"31":{"start":{"line":56,"column":15},"end":{"line":58,"column":16}},"32":{"start":{"line":57,"column":20},"end":{"line":57,"column":41}},"33":{"start":{"line":60,"column":15},"end":{"line":62,"column":18}},"34":{"start":{"line":61,"column":20},"end":{"line":61,"column":38}},"35":{"start":{"line":63,"column":15},"end":{"line":63,"column":42}},"36":{"start":{"line":68,"column":0},"end":{"line":74,"column":2}}},"fnMap":{"0":{"name":"(anonymous_0)","decl":{"start":{"line":13,"column":25},"end":{"line":13,"column":26}},"loc":{"start":{"line":13,"column":41},"end":{"line":24,"column":1}},"line":13},"1":{"name":"(anonymous_1)","decl":{"start":{"line":14,"column":26},"end":{"line":14,"column":27}},"loc":{"start":{"line":14,"column":47},"end":{"line":23,"column":6}},"line":14},"2":{"name":"(anonymous_2)","decl":{"start":{"line":16,"column":27},"end":{"line":16,"column":28}},"loc":{"start":{"line":16,"column":46},"end":{"line":22,"column":11}},"line":16},"3":{"name":"(anonymous_3)","decl":{"start":{"line":26,"column":23},"end":{"line":26,"column":24}},"loc":{"start":{"line":26,"column":49},"end":{"line":41,"column":1}},"line":26},"4":{"name":"(anonymous_4)","decl":{"start":{"line":27,"column":26},"end":{"line":27,"column":27}},"loc":{"start":{"line":27,"column":47},"end":{"line":40,"column":6}},"line":27},"5":{"name":"(anonymous_5)","decl":{"start":{"line":33,"column":28},"end":{"line":33,"column":29}},"loc":{"start":{"line":33,"column":39},"end":{"line":35,"column":16}},"line":33},"6":{"name":"(anonymous_6)","decl":{"start":{"line":36,"column":29},"end":{"line":36,"column":30}},"loc":{"start":{"line":36,"column":35},"end":{"line":38,"column":16}},"line":36},"7":{"name":"(anonymous_7)","decl":{"start":{"line":43,"column":25},"end":{"line":43,"column":26}},"loc":{"start":{"line":43,"column":41},"end":{"line":46,"column":1}},"line":43},"8":{"name":"(anonymous_8)","decl":{"start":{"line":48,"column":23},"end":{"line":48,"column":24}},"loc":{"start":{"line":48,"column":39},"end":{"line":51,"column":1}},"line":48},"9":{"name":"(anonymous_9)","decl":{"start":{"line":53,"column":20},"end":{"line":53,"column":21}},"loc":{"start":{"line":53,"column":26},"end":{"line":66,"column":1}},"line":53},"10":{"name":"(anonymous_10)","decl":{"start":{"line":54,"column":26},"end":{"line":54,"column":27}},"loc":{"start":{"line":54,"column":47},"end":{"line":65,"column":6}},"line":54},"11":{"name":"(anonymous_11)","decl":{"start":{"line":55,"column":29},"end":{"line":55,"column":30}},"loc":{"start":{"line":55,"column":52},"end":{"line":64,"column":11}},"line":55},"12":{"name":"(anonymous_12)","decl":{"start":{"line":60,"column":43},"end":{"line":60,"column":44}},"loc":{"start":{"line":60,"column":55},"end":{"line":62,"column":16}},"line":60}},"branchMap":{"0":{"loc":{"start":{"line":17,"column":15},"end":{"line":19,"column":16}},"type":"if","locations":[{"start":{"line":17,"column":15},"end":{"line":19,"column":16}},{"start":{"line":17,"column":15},"end":{"line":19,"column":16}}],"line":17},"1":{"loc":{"start":{"line":56,"column":15},"end":{"line":58,"column":16}},"type":"if","locations":[{"start":{"line":56,"column":15},"end":{"line":58,"column":16}},{"start":{"line":56,"column":15},"end":{"line":58,"column":16}}],"line":56}},"s":{"0":1,"1":1,"2":1,"3":1,"4":1,"5":1,"6":1,"7":1,"8":3,"9":3,"10":3,"11":3,"12":3,"13":0,"14":1,"15":0,"16":0,"17":0,"18":0,"19":0,"20":0,"21":0,"22":1,"23":4,"24":4,"25":1,"26":2,"27":2,"28":1,"29":0,"30":0,"31":0,"32":0,"33":0,"34":0,"35":0,"36":1},"f":{"0":3,"1":3,"2":3,"3":0,"4":0,"5":0,"6":0,"7":4,"8":2,"9":0,"10":0,"11":0,"12":0},"b":{"0":[3,0],"1":[0,0]},"_coverageSchema":"43e27e138ebf9cfc5966b082cf9a028302ed4184","hash":"9e44e11207c1b279b3df793f7a5049c21f305257"}
,"/Users/gaurangdave/workspace/aarnam-helper-scripts/tests/helper/minio/index.js": {"path":"/Users/gaurangdave/workspace/aarnam-helper-scripts/tests/helper/minio/index.js","statementMap":{"0":{"start":{"line":1,"column":14},"end":{"line":1,"column":30}},"1":{"start":{"line":2,"column":10},"end":{"line":2,"column":22}},"2":{"start":{"line":3,"column":11},"end":{"line":3,"column":24}},"3":{"start":{"line":4,"column":13},"end":{"line":4,"column":28}},"4":{"start":{"line":7,"column":20},"end":{"line":7,"column":44}},"5":{"start":{"line":8,"column":19},"end":{"line":8,"column":72}},"6":{"start":{"line":15,"column":4},"end":{"line":15,"column":26}},"7":{"start":{"line":17,"column":18},"end":{"line":17,"column":22}},"8":{"start":{"line":19,"column":24},"end":{"line":29,"column":1}},"9":{"start":{"line":20,"column":5},"end":{"line":27,"column":6}},"10":{"start":{"line":21,"column":10},"end":{"line":26,"column":13}},"11":{"start":{"line":28,"column":5},"end":{"line":28,"column":23}},"12":{"start":{"line":32,"column":25},"end":{"line":39,"column":1}},"13":{"start":{"line":33,"column":5},"end":{"line":33,"column":23}},"14":{"start":{"line":34,"column":5},"end":{"line":38,"column":6}},"15":{"start":{"line":35,"column":37},"end":{"line":35,"column":77}},"16":{"start":{"line":37,"column":10},"end":{"line":37,"column":57}},"17":{"start":{"line":41,"column":23},"end":{"line":60,"column":1}},"18":{"start":{"line":42,"column":5},"end":{"line":42,"column":23}},"19":{"start":{"line":43,"column":5},"end":{"line":59,"column":8}},"20":{"start":{"line":44,"column":27},"end":{"line":44,"column":56}},"21":{"start":{"line":45,"column":27},"end":{"line":45,"column":50}},"22":{"start":{"line":47,"column":10},"end":{"line":58,"column":12}},"23":{"start":{"line":48,"column":15},"end":{"line":50,"column":16}},"24":{"start":{"line":49,"column":20},"end":{"line":49,"column":38}},"25":{"start":{"line":51,"column":15},"end":{"line":57,"column":17}},"26":{"start":{"line":52,"column":20},"end":{"line":54,"column":21}},"27":{"start":{"line":53,"column":25},"end":{"line":53,"column":44}},"28":{"start":{"line":56,"column":20},"end":{"line":56,"column":41}},"29":{"start":{"line":62,"column":23},"end":{"line":69,"column":1}},"30":{"start":{"line":63,"column":5},"end":{"line":63,"column":23}},"31":{"start":{"line":64,"column":5},"end":{"line":68,"column":6}},"32":{"start":{"line":65,"column":39},"end":{"line":65,"column":99}},"33":{"start":{"line":67,"column":10},"end":{"line":67,"column":57}},"34":{"start":{"line":71,"column":25},"end":{"line":81,"column":1}},"35":{"start":{"line":72,"column":5},"end":{"line":72,"column":23}},"36":{"start":{"line":73,"column":5},"end":{"line":80,"column":6}},"37":{"start":{"line":74,"column":33},"end":{"line":74,"column":75}},"38":{"start":{"line":76,"column":10},"end":{"line":79,"column":11}},"39":{"start":{"line":78,"column":15},"end":{"line":78,"column":62}},"40":{"start":{"line":83,"column":20},"end":{"line":97,"column":1}},"41":{"start":{"line":84,"column":5},"end":{"line":84,"column":23}},"42":{"start":{"line":85,"column":5},"end":{"line":96,"column":8}},"43":{"start":{"line":86,"column":10},"end":{"line":95,"column":13}},"44":{"start":{"line":87,"column":15},"end":{"line":90,"column":16}},"45":{"start":{"line":88,"column":20},"end":{"line":88,"column":70}},"46":{"start":{"line":89,"column":20},"end":{"line":89,"column":36}},"47":{"start":{"line":91,"column":15},"end":{"line":93,"column":18}},"48":{"start":{"line":92,"column":20},"end":{"line":92,"column":36}},"49":{"start":{"line":94,"column":15},"end":{"line":94,"column":39}},"50":{"start":{"line":100,"column":0},"end":{"line":106,"column":2}}},"fnMap":{"0":{"name":"(anonymous_0)","decl":{"start":{"line":19,"column":24},"end":{"line":19,"column":25}},"loc":{"start":{"line":19,"column":30},"end":{"line":29,"column":1}},"line":19},"1":{"name":"(anonymous_1)","decl":{"start":{"line":32,"column":25},"end":{"line":32,"column":26}},"loc":{"start":{"line":32,"column":47},"end":{"line":39,"column":1}},"line":32},"2":{"name":"(anonymous_2)","decl":{"start":{"line":41,"column":23},"end":{"line":41,"column":24}},"loc":{"start":{"line":41,"column":49},"end":{"line":60,"column":1}},"line":41},"3":{"name":"(anonymous_3)","decl":{"start":{"line":43,"column":26},"end":{"line":43,"column":27}},"loc":{"start":{"line":43,"column":47},"end":{"line":59,"column":6}},"line":43},"4":{"name":"(anonymous_4)","decl":{"start":{"line":47,"column":28},"end":{"line":47,"column":29}},"loc":{"start":{"line":47,"column":50},"end":{"line":58,"column":11}},"line":47},"5":{"name":"(anonymous_5)","decl":{"start":{"line":51,"column":83},"end":{"line":51,"column":84}},"loc":{"start":{"line":51,"column":104},"end":{"line":57,"column":16}},"line":51},"6":{"name":"(anonymous_6)","decl":{"start":{"line":62,"column":23},"end":{"line":62,"column":24}},"loc":{"start":{"line":62,"column":45},"end":{"line":69,"column":1}},"line":62},"7":{"name":"(anonymous_7)","decl":{"start":{"line":71,"column":25},"end":{"line":71,"column":26}},"loc":{"start":{"line":71,"column":47},"end":{"line":81,"column":1}},"line":71},"8":{"name":"(anonymous_8)","decl":{"start":{"line":83,"column":20},"end":{"line":83,"column":21}},"loc":{"start":{"line":83,"column":26},"end":{"line":97,"column":1}},"line":83},"9":{"name":"(anonymous_9)","decl":{"start":{"line":85,"column":26},"end":{"line":85,"column":27}},"loc":{"start":{"line":85,"column":47},"end":{"line":96,"column":6}},"line":85},"10":{"name":"(anonymous_10)","decl":{"start":{"line":86,"column":34},"end":{"line":86,"column":35}},"loc":{"start":{"line":86,"column":54},"end":{"line":95,"column":11}},"line":86},"11":{"name":"(anonymous_11)","decl":{"start":{"line":91,"column":37},"end":{"line":91,"column":38}},"loc":{"start":{"line":91,"column":47},"end":{"line":93,"column":16}},"line":91}},"branchMap":{"0":{"loc":{"start":{"line":8,"column":19},"end":{"line":8,"column":72}},"type":"binary-expr","locations":[{"start":{"line":8,"column":20},"end":{"line":8,"column":31}},{"start":{"line":8,"column":35},"end":{"line":8,"column":63}},{"start":{"line":8,"column":68},"end":{"line":8,"column":72}}],"line":8},"1":{"loc":{"start":{"line":20,"column":5},"end":{"line":27,"column":6}},"type":"if","locations":[{"start":{"line":20,"column":5},"end":{"line":27,"column":6}},{"start":{"line":20,"column":5},"end":{"line":27,"column":6}}],"line":20},"2":{"loc":{"start":{"line":48,"column":15},"end":{"line":50,"column":16}},"type":"if","locations":[{"start":{"line":48,"column":15},"end":{"line":50,"column":16}},{"start":{"line":48,"column":15},"end":{"line":50,"column":16}}],"line":48},"3":{"loc":{"start":{"line":52,"column":20},"end":{"line":54,"column":21}},"type":"if","locations":[{"start":{"line":52,"column":20},"end":{"line":54,"column":21}},{"start":{"line":52,"column":20},"end":{"line":54,"column":21}}],"line":52},"4":{"loc":{"start":{"line":76,"column":10},"end":{"line":79,"column":11}},"type":"if","locations":[{"start":{"line":76,"column":10},"end":{"line":79,"column":11}},{"start":{"line":76,"column":10},"end":{"line":79,"column":11}}],"line":76},"5":{"loc":{"start":{"line":87,"column":15},"end":{"line":90,"column":16}},"type":"if","locations":[{"start":{"line":87,"column":15},"end":{"line":90,"column":16}},{"start":{"line":87,"column":15},"end":{"line":90,"column":16}}],"line":87}},"s":{"0":1,"1":1,"2":1,"3":1,"4":1,"5":1,"6":1,"7":1,"8":1,"9":9,"10":9,"11":0,"12":1,"13":4,"14":0,"15":0,"16":0,"17":1,"18":0,"19":0,"20":0,"21":0,"22":0,"23":0,"24":0,"25":0,"26":0,"27":0,"28":0,"29":1,"30":3,"31":0,"32":0,"33":0,"34":1,"35":2,"36":0,"37":0,"38":0,"39":0,"40":1,"41":0,"42":0,"43":0,"44":0,"45":0,"46":0,"47":0,"48":0,"49":0,"50":1},"f":{"0":9,"1":4,"2":0,"3":0,"4":0,"5":0,"6":3,"7":2,"8":0,"9":0,"10":0,"11":0},"b":{"0":[1,0,1],"1":[9,0],"2":[0,0],"3":[0,0],"4":[0,0],"5":[0,0]},"_coverageSchema":"43e27e138ebf9cfc5966b082cf9a028302ed4184","hash":"5692957a919324210aceaf803a12d378917657c3"}
}
