TN:
SF:/Users/gaurangdave/workspace/aarnam-helper-scripts/logger/index.js
FN:3,(anonymous_0)
FN:24,(anonymous_1)
FN:33,(anonymous_2)
FN:42,(anonymous_3)
FN:51,(anonymous_4)
FNF:5
FNH:3
FNDA:8,(anonymous_0)
FNDA:0,(anonymous_1)
FNDA:0,(anonymous_2)
FNDA:3,(anonymous_3)
FNDA:5,(anonymous_4)
DA:1,1
DA:3,1
DA:4,8
DA:5,8
DA:11,0
DA:12,0
DA:18,0
DA:24,1
DA:28,0
DA:29,0
DA:30,0
DA:33,1
DA:37,0
DA:38,0
DA:39,0
DA:42,1
DA:46,3
DA:47,3
DA:48,3
DA:51,1
DA:55,5
DA:56,5
DA:57,5
DA:60,1
LF:24
LH:15
BRDA:4,0,0,8
BRDA:4,0,1,0
BRDA:11,1,0,0
BRDA:11,1,1,0
BRF:4
BRH:1
end_of_record
TN:
SF:/Users/gaurangdave/workspace/aarnam-helper-scripts/minio/MinioHelper.js
FN:2,(anonymous_0)
FN:3,(anonymous_1)
FN:4,fulfilled
FN:5,rejected
FN:6,step
FN:6,(anonymous_5)
FN:29,(anonymous_6)
FN:46,(anonymous_7)
FN:55,(anonymous_8)
FN:56,(anonymous_9)
FN:62,(anonymous_10)
FN:66,(anonymous_11)
FN:81,(anonymous_12)
FN:82,(anonymous_13)
FN:91,(anonymous_14)
FN:97,(anonymous_15)
FN:119,(anonymous_16)
FN:120,(anonymous_17)
FN:123,(anonymous_18)
FN:130,(anonymous_19)
FN:163,(anonymous_20)
FN:164,(anonymous_21)
FN:173,(anonymous_22)
FN:174,(anonymous_23)
FN:174,(anonymous_24)
FN:186,(anonymous_25)
FN:207,(anonymous_26)
FN:208,(anonymous_27)
FN:217,(anonymous_28)
FN:218,(anonymous_29)
FN:218,(anonymous_30)
FN:224,(anonymous_31)
FN:232,(anonymous_32)
FN:235,(anonymous_33)
FN:247,(anonymous_34)
FN:259,(anonymous_35)
FN:260,(anonymous_36)
FN:268,(anonymous_37)
FN:271,(anonymous_38)
FN:274,(anonymous_39)
FN:287,(anonymous_40)
FN:288,(anonymous_41)
FNF:42
FNH:29
FNDA:2,(anonymous_0)
FNDA:2,(anonymous_1)
FNDA:1,fulfilled
FNDA:0,rejected
FNDA:3,step
FNDA:1,(anonymous_5)
FNDA:6,(anonymous_6)
FNDA:1,(anonymous_7)
FNDA:1,(anonymous_8)
FNDA:1,(anonymous_9)
FNDA:1,(anonymous_10)
FNDA:0,(anonymous_11)
FNDA:1,(anonymous_12)
FNDA:1,(anonymous_13)
FNDA:1,(anonymous_14)
FNDA:1,(anonymous_15)
FNDA:1,(anonymous_16)
FNDA:1,(anonymous_17)
FNDA:1,(anonymous_18)
FNDA:1,(anonymous_19)
FNDA:0,(anonymous_20)
FNDA:0,(anonymous_21)
FNDA:1,(anonymous_22)
FNDA:1,(anonymous_23)
FNDA:1,(anonymous_24)
FNDA:1,(anonymous_25)
FNDA:0,(anonymous_26)
FNDA:0,(anonymous_27)
FNDA:1,(anonymous_28)
FNDA:1,(anonymous_29)
FNDA:1,(anonymous_30)
FNDA:1,(anonymous_31)
FNDA:0,(anonymous_32)
FNDA:0,(anonymous_33)
FNDA:0,(anonymous_34)
FNDA:1,(anonymous_35)
FNDA:1,(anonymous_36)
FNDA:0,(anonymous_37)
FNDA:0,(anonymous_38)
FNDA:1,(anonymous_39)
FNDA:0,(anonymous_40)
FNDA:0,(anonymous_41)
DA:2,1
DA:3,2
DA:4,1
DA:5,0
DA:6,3
DA:7,2
DA:10,1
DA:11,1
DA:12,1
DA:13,1
DA:14,1
DA:15,1
DA:16,1
DA:17,1
DA:18,1
DA:19,1
DA:30,6
DA:31,6
DA:32,6
DA:38,6
DA:47,1
DA:56,1
DA:57,1
DA:58,0
DA:59,0
DA:60,0
DA:62,1
DA:63,1
DA:64,1
DA:65,1
DA:67,0
DA:68,0
DA:69,0
DA:82,1
DA:84,1
DA:85,0
DA:86,0
DA:87,0
DA:89,1
DA:90,1
DA:91,1
DA:92,1
DA:93,0
DA:94,0
DA:95,0
DA:97,1
DA:98,1
DA:99,0
DA:100,0
DA:101,0
DA:103,1
DA:104,1
DA:105,1
DA:106,1
DA:120,1
DA:123,1
DA:124,1
DA:125,0
DA:126,0
DA:127,0
DA:129,1
DA:130,1
DA:131,1
DA:132,0
DA:135,0
DA:136,0
DA:139,1
DA:142,1
DA:143,1
DA:148,0
DA:149,0
DA:150,0
DA:164,0
DA:174,1
DA:175,1
DA:176,0
DA:177,0
DA:178,0
DA:180,1
DA:181,1
DA:184,0
DA:186,1
DA:187,1
DA:188,0
DA:189,0
DA:190,0
DA:193,1
DA:194,1
DA:195,1
DA:208,0
DA:218,1
DA:219,1
DA:220,0
DA:221,0
DA:222,0
DA:224,1
DA:225,1
DA:226,1
DA:228,1
DA:229,1
DA:230,1
DA:232,0
DA:233,0
DA:235,0
DA:236,0
DA:237,0
DA:240,0
DA:241,0
DA:243,0
DA:244,0
DA:245,0
DA:248,0
DA:260,1
DA:261,1
DA:262,0
DA:263,0
DA:264,0
DA:266,1
DA:267,1
DA:268,1
DA:269,0
DA:271,1
DA:272,0
DA:274,1
DA:275,1
DA:276,1
DA:288,0
DA:291,1
LF:128
LH:74
BRDA:2,0,0,1
BRDA:2,0,1,1
BRDA:2,0,2,1
BRDA:3,1,0,2
BRDA:3,1,1,2
BRDA:6,2,0,2
BRDA:6,2,1,1
BRDA:7,3,0,2
BRDA:7,3,1,2
BRDA:57,4,0,0
BRDA:57,4,1,1
BRDA:84,5,0,0
BRDA:84,5,1,1
BRDA:92,6,0,0
BRDA:92,6,1,1
BRDA:98,7,0,0
BRDA:98,7,1,1
BRDA:103,8,0,1
BRDA:103,8,1,0
BRDA:124,9,0,0
BRDA:124,9,1,1
BRDA:129,10,0,1
BRDA:129,10,1,0
BRDA:131,11,0,0
BRDA:131,11,1,1
BRDA:175,12,0,0
BRDA:175,12,1,1
BRDA:187,13,0,0
BRDA:187,13,1,1
BRDA:219,14,0,0
BRDA:219,14,1,1
BRDA:226,15,0,1
BRDA:226,15,1,0
BRDA:236,16,0,0
BRDA:236,16,1,0
BRDA:261,17,0,0
BRDA:261,17,1,1
BRF:37
BRH:22
end_of_record
TN:
SF:/Users/gaurangdave/workspace/aarnam-helper-scripts/minio/index.js
FN:9,(anonymous_0)
FNF:1
FNH:1
FNDA:9,(anonymous_0)
DA:2,1
DA:3,1
DA:4,1
DA:9,1
DA:10,9
DA:11,9
DA:12,3
DA:13,3
DA:15,6
DA:16,0
DA:17,0
DA:19,6
DA:20,0
DA:21,0
DA:23,6
DA:25,1
LF:16
LH:12
BRDA:9,0,0,0
BRDA:11,1,0,3
BRDA:11,1,1,6
BRDA:15,2,0,0
BRDA:15,2,1,6
BRDA:19,3,0,0
BRDA:19,3,1,6
BRF:7
BRH:4
end_of_record
TN:
SF:/Users/gaurangdave/workspace/aarnam-helper-scripts/serviceResponse/ServiceResponse.js
FN:4,(anonymous_0)
FN:10,(anonymous_1)
FN:13,(anonymous_2)
FN:16,(anonymous_3)
FN:23,(anonymous_4)
FN:30,(anonymous_5)
FN:37,(anonymous_6)
FN:44,(anonymous_7)
FN:51,(anonymous_8)
FN:58,(anonymous_9)
FN:65,(anonymous_10)
FN:72,(anonymous_11)
FNF:12
FNH:4
FNDA:6,(anonymous_0)
FNDA:0,(anonymous_1)
FNDA:6,(anonymous_2)
FNDA:0,(anonymous_3)
FNDA:0,(anonymous_4)
FNDA:5,(anonymous_5)
FNDA:0,(anonymous_6)
FNDA:1,(anonymous_7)
FNDA:0,(anonymous_8)
FNDA:0,(anonymous_9)
FNDA:0,(anonymous_10)
FNDA:0,(anonymous_11)
DA:2,1
DA:5,6
DA:6,6
DA:7,6
DA:8,6
DA:11,0
DA:14,6
DA:17,0
DA:24,0
DA:31,5
DA:38,0
DA:45,1
DA:52,0
DA:59,0
DA:66,0
DA:73,0
DA:76,1
LF:17
LH:9
BRDA:4,0,0,0
BRDA:4,1,0,0
BRDA:4,2,0,0
BRDA:4,3,0,0
BRDA:10,4,0,0
BRDA:10,5,0,0
BRDA:10,6,0,0
BRDA:13,7,0,0
BRDA:13,8,0,0
BRDA:13,9,0,3
BRDA:16,10,0,0
BRDA:16,11,0,0
BRDA:16,12,0,0
BRF:13
BRH:1
end_of_record
TN:
SF:/Users/gaurangdave/workspace/aarnam-helper-scripts/tests/helper/index.js
FN:17,(anonymous_0)
FN:25,(anonymous_1)
FN:27,(anonymous_2)
FN:35,(anonymous_3)
FN:46,(anonymous_4)
FN:47,(anonymous_5)
FN:48,(anonymous_6)
FNF:7
FNH:6
FNDA:2,(anonymous_0)
FNDA:0,(anonymous_1)
FNDA:1,(anonymous_2)
FNDA:3,(anonymous_3)
FNDA:2,(anonymous_4)
FNDA:2,(anonymous_5)
FNDA:2,(anonymous_6)
DA:1,1
DA:6,1
DA:7,1
DA:10,1
DA:17,1
DA:18,2
DA:19,2
DA:21,0
DA:25,1
DA:27,1
DA:28,1
DA:29,1
DA:31,0
DA:35,1
DA:36,3
DA:37,3
DA:39,1
DA:41,0
DA:46,1
DA:47,2
DA:48,2
DA:49,2
DA:50,0
DA:51,0
DA:53,2
DA:58,1
LF:26
LH:21
BRDA:39,0,0,0
BRDA:39,0,1,1
BRDA:49,1,0,0
BRDA:49,1,1,2
BRF:4
BRH:2
end_of_record
TN:
SF:/Users/gaurangdave/workspace/aarnam-helper-scripts/validators/array.validator.js
FN:1,(anonymous_0)
FNF:1
FNH:1
FNDA:1,(anonymous_0)
DA:1,1
DA:2,1
DA:5,1
LF:3
LH:3
BRDA:2,0,0,1
BRDA:2,0,1,1
BRDA:2,0,2,1
BRF:3
BRH:3
end_of_record
TN:
SF:/Users/gaurangdave/workspace/aarnam-helper-scripts/validators/string.validator.js
FN:1,(anonymous_0)
FNF:1
FNH:1
FNDA:3,(anonymous_0)
DA:1,1
DA:2,3
DA:3,3
DA:6,0
DA:10,1
LF:5
LH:4
BRDA:2,0,0,3
BRDA:2,0,1,0
BRDA:2,1,0,3
BRDA:2,1,1,3
BRF:4
BRH:3
end_of_record
