TN:
SF:/Users/gaurangdave/workspace/aarnam-helper-scripts/index.ts
FNF:0
FNH:0
DA:1,1
DA:2,1
DA:3,1
DA:4,1
DA:5,1
DA:6,1
LF:6
LH:6
BRF:0
BRH:0
end_of_record
TN:
SF:/Users/gaurangdave/workspace/aarnam-helper-scripts/lib/constants/google.ts
FNF:0
FNH:0
DA:1,1
LF:1
LH:1
BRF:0
BRH:0
end_of_record
TN:
SF:/Users/gaurangdave/workspace/aarnam-helper-scripts/lib/constants/minio.ts
FNF:0
FNH:0
DA:1,1
LF:1
LH:1
BRF:0
BRH:0
end_of_record
TN:
SF:/Users/gaurangdave/workspace/aarnam-helper-scripts/lib/constants/service_response.ts
FNF:0
FNH:0
DA:1,1
LF:1
LH:1
BRF:0
BRH:0
end_of_record
TN:
SF:/Users/gaurangdave/workspace/aarnam-helper-scripts/lib/google/storage/GoogleStorageHelper.ts
FN:18,(anonymous_6)
FN:32,(anonymous_7)
FN:33,(anonymous_8)
FN:33,(anonymous_9)
FN:71,(anonymous_10)
FN:71,(anonymous_11)
FN:108,(anonymous_12)
FN:109,(anonymous_13)
FN:111,(anonymous_14)
FN:149,(anonymous_15)
FN:150,(anonymous_16)
FN:166,(anonymous_17)
FN:179,(anonymous_18)
FN:194,(anonymous_19)
FN:195,(anonymous_20)
FN:211,(anonymous_21)
FN:225,(anonymous_22)
FN:250,(anonymous_23)
FN:251,(anonymous_24)
FN:251,(anonymous_25)
FN:267,(anonymous_26)
FN:306,(anonymous_27)
FN:307,(anonymous_28)
FN:356,(anonymous_29)
FN:368,(anonymous_30)
FN:381,(anonymous_31)
FN:382,(anonymous_32)
FN:387,(anonymous_33)
FN:388,(anonymous_34)
FN:393,(anonymous_35)
FN:394,(anonymous_36)
FNF:31
FNH:0
FNDA:0,(anonymous_6)
FNDA:0,(anonymous_7)
FNDA:0,(anonymous_8)
FNDA:0,(anonymous_9)
FNDA:0,(anonymous_10)
FNDA:0,(anonymous_11)
FNDA:0,(anonymous_12)
FNDA:0,(anonymous_13)
FNDA:0,(anonymous_14)
FNDA:0,(anonymous_15)
FNDA:0,(anonymous_16)
FNDA:0,(anonymous_17)
FNDA:0,(anonymous_18)
FNDA:0,(anonymous_19)
FNDA:0,(anonymous_20)
FNDA:0,(anonymous_21)
FNDA:0,(anonymous_22)
FNDA:0,(anonymous_23)
FNDA:0,(anonymous_24)
FNDA:0,(anonymous_25)
FNDA:0,(anonymous_26)
FNDA:0,(anonymous_27)
FNDA:0,(anonymous_28)
FNDA:0,(anonymous_29)
FNDA:0,(anonymous_30)
FNDA:0,(anonymous_31)
FNDA:0,(anonymous_32)
FNDA:0,(anonymous_33)
FNDA:0,(anonymous_34)
FNDA:0,(anonymous_35)
FNDA:0,(anonymous_36)
DA:2,1
DA:3,1
DA:5,1
DA:6,1
DA:7,1
DA:8,1
DA:10,1
DA:11,1
DA:14,1
DA:16,0
DA:19,0
DA:33,0
DA:38,0
DA:40,0
DA:41,0
DA:45,0
DA:48,0
DA:51,0
DA:52,0
DA:53,0
DA:55,0
DA:58,0
DA:59,0
DA:64,0
DA:67,0
DA:70,0
DA:71,0
DA:72,0
DA:73,0
DA:78,0
DA:81,0
DA:84,0
DA:85,0
DA:88,0
DA:91,0
DA:95,0
DA:98,0
DA:109,0
DA:110,0
DA:112,0
DA:113,0
DA:118,0
DA:124,0
DA:127,0
DA:132,0
DA:137,0
DA:150,0
DA:151,0
DA:153,0
DA:154,0
DA:158,0
DA:161,0
DA:164,0
DA:165,0
DA:167,0
DA:172,0
DA:177,0
DA:180,0
DA:185,0
DA:188,0
DA:195,0
DA:196,0
DA:197,0
DA:198,0
DA:202,0
DA:205,0
DA:208,0
DA:209,0
DA:210,0
DA:212,0
DA:217,0
DA:223,0
DA:226,0
DA:232,0
DA:237,0
DA:251,0
DA:252,0
DA:253,0
DA:254,0
DA:258,0
DA:261,0
DA:264,0
DA:266,0
DA:268,0
DA:269,0
DA:274,0
DA:279,0
DA:282,0
DA:288,0
DA:294,0
DA:307,0
DA:308,0
DA:309,0
DA:311,0
DA:312,0
DA:316,0
DA:319,0
DA:323,0
DA:324,0
DA:329,0
DA:332,0
DA:336,0
DA:337,0
DA:341,0
DA:342,0
DA:345,0
DA:351,0
DA:352,0
DA:353,0
DA:354,0
DA:357,0
DA:363,0
DA:366,0
DA:369,0
DA:373,0
DA:376,0
DA:382,0
DA:383,0
DA:388,0
DA:389,0
DA:394,0
DA:395,0
LF:122
LH:9
BRDA:36,0,0,0
BRDA:37,1,0,0
BRDA:40,2,0,0
BRDA:40,2,1,0
BRDA:58,3,0,0
BRDA:58,3,1,0
BRDA:72,4,0,0
BRDA:72,4,1,0
BRDA:84,5,0,0
BRDA:84,5,1,0
BRDA:112,6,0,0
BRDA:112,6,1,0
BRDA:153,7,0,0
BRDA:153,7,1,0
BRDA:197,8,0,0
BRDA:197,8,1,0
BRDA:253,9,0,0
BRDA:253,9,1,0
BRDA:268,10,0,0
BRDA:268,10,1,0
BRDA:308,11,0,0
BRDA:309,12,0,0
BRDA:311,13,0,0
BRDA:311,13,1,0
BRDA:311,14,0,0
BRDA:311,14,1,0
BRDA:323,15,0,0
BRDA:323,15,1,0
BRDA:336,16,0,0
BRDA:336,16,1,0
BRDA:341,17,0,0
BRDA:341,17,1,0
BRF:32
BRH:0
end_of_record
TN:
SF:/Users/gaurangdave/workspace/aarnam-helper-scripts/lib/google/storage/index.ts
FN:11,(anonymous_0)
FNF:1
FNH:0
FNDA:0,(anonymous_0)
DA:1,1
DA:4,1
DA:5,1
DA:11,1
DA:14,0
DA:16,0
DA:17,0
DA:20,0
DA:23,0
DA:24,0
DA:27,0
DA:30,0
DA:38,1
LF:13
LH:5
BRDA:16,0,0,0
BRDA:16,0,1,0
BRDA:23,1,0,0
BRDA:23,1,1,0
BRF:4
BRH:0
end_of_record
TN:
SF:/Users/gaurangdave/workspace/aarnam-helper-scripts/lib/logger/index.ts
FN:3,(anonymous_0)
FN:27,(anonymous_1)
FN:33,(anonymous_2)
FN:39,(anonymous_3)
FN:45,(anonymous_4)
FNF:5
FNH:3
FNDA:11,(anonymous_0)
FNDA:0,(anonymous_1)
FNDA:0,(anonymous_2)
FNDA:3,(anonymous_3)
FNDA:8,(anonymous_4)
DA:1,1
DA:3,1
DA:7,11
DA:8,11
DA:14,0
DA:15,0
DA:21,0
DA:27,1
DA:28,0
DA:29,0
DA:30,0
DA:33,1
DA:34,0
DA:35,0
DA:36,0
DA:39,1
DA:40,3
DA:41,3
DA:42,3
DA:45,1
DA:46,8
DA:47,8
DA:48,8
DA:51,1
LF:24
LH:15
BRDA:7,0,0,11
BRDA:7,0,1,0
BRDA:14,1,0,0
BRDA:14,1,1,0
BRF:4
BRH:1
end_of_record
TN:
SF:/Users/gaurangdave/workspace/aarnam-helper-scripts/lib/minio/MinioHelper.ts
FN:28,(anonymous_6)
FN:45,(anonymous_7)
FN:55,(anonymous_8)
FN:56,(anonymous_9)
FN:72,(anonymous_10)
FN:91,(anonymous_11)
FN:145,(anonymous_12)
FN:146,(anonymous_13)
FN:158,(anonymous_14)
FN:171,(anonymous_15)
FN:195,(anonymous_16)
FN:196,(anonymous_17)
FN:196,(anonymous_18)
FN:218,(anonymous_19)
FN:254,(anonymous_20)
FN:255,(anonymous_21)
FN:255,(anonymous_22)
FN:269,(anonymous_23)
FN:288,(anonymous_24)
FN:295,(anonymous_25)
FN:330,(anonymous_26)
FN:343,(anonymous_27)
FN:344,(anonymous_28)
FN:364,(anonymous_29)
FN:368,(anonymous_30)
FN:376,(anonymous_31)
FN:396,(anonymous_32)
FN:397,(anonymous_33)
FN:432,(anonymous_34)
FN:451,(anonymous_35)
FN:492,(anonymous_36)
FN:493,(anonymous_37)
FN:523,(anonymous_38)
FN:563,(anonymous_39)
FN:564,(anonymous_40)
FN:581,(anonymous_41)
FN:598,(anonymous_42)
FN:602,(anonymous_43)
FN:617,(anonymous_44)
FN:631,(anonymous_45)
FN:632,(anonymous_46)
FN:641,(anonymous_47)
FN:642,(anonymous_48)
FN:658,(anonymous_49)
FNF:44
FNH:32
FNDA:7,(anonymous_6)
FNDA:1,(anonymous_7)
FNDA:1,(anonymous_8)
FNDA:1,(anonymous_9)
FNDA:1,(anonymous_10)
FNDA:1,(anonymous_11)
FNDA:1,(anonymous_12)
FNDA:1,(anonymous_13)
FNDA:1,(anonymous_14)
FNDA:0,(anonymous_15)
FNDA:1,(anonymous_16)
FNDA:1,(anonymous_17)
FNDA:1,(anonymous_18)
FNDA:1,(anonymous_19)
FNDA:1,(anonymous_20)
FNDA:1,(anonymous_21)
FNDA:1,(anonymous_22)
FNDA:1,(anonymous_23)
FNDA:0,(anonymous_24)
FNDA:0,(anonymous_25)
FNDA:0,(anonymous_26)
FNDA:1,(anonymous_27)
FNDA:1,(anonymous_28)
FNDA:0,(anonymous_29)
FNDA:0,(anonymous_30)
FNDA:1,(anonymous_31)
FNDA:1,(anonymous_32)
FNDA:1,(anonymous_33)
FNDA:1,(anonymous_34)
FNDA:1,(anonymous_35)
FNDA:1,(anonymous_36)
FNDA:1,(anonymous_37)
FNDA:1,(anonymous_38)
FNDA:1,(anonymous_39)
FNDA:1,(anonymous_40)
FNDA:1,(anonymous_41)
FNDA:1,(anonymous_42)
FNDA:1,(anonymous_43)
FNDA:0,(anonymous_44)
FNDA:0,(anonymous_45)
FNDA:0,(anonymous_46)
FNDA:0,(anonymous_47)
FNDA:0,(anonymous_48)
FNDA:0,(anonymous_49)
DA:4,1
DA:5,1
DA:6,1
DA:7,1
DA:8,1
DA:9,1
DA:10,1
DA:11,1
DA:12,1
DA:14,1
DA:16,1
DA:17,7
DA:18,7
DA:29,7
DA:36,7
DA:46,1
DA:56,1
DA:57,1
DA:58,1
DA:59,0
DA:63,0
DA:66,0
DA:70,1
DA:73,1
DA:74,0
DA:79,0
DA:84,0
DA:87,1
DA:88,1
DA:92,1
DA:93,0
DA:100,0
DA:105,0
DA:107,1
DA:113,1
DA:118,1
DA:123,0
DA:127,0
DA:132,0
DA:146,1
DA:147,1
DA:148,0
DA:151,0
DA:154,0
DA:157,1
DA:159,1
DA:164,1
DA:169,1
DA:172,0
DA:177,0
DA:183,0
DA:196,1
DA:197,1
DA:199,1
DA:200,0
DA:204,0
DA:207,0
DA:210,1
DA:211,1
DA:213,0
DA:216,1
DA:219,1
DA:220,0
DA:225,0
DA:230,0
DA:233,1
DA:237,1
DA:242,1
DA:255,1
DA:256,1
DA:258,1
DA:259,0
DA:263,0
DA:266,0
DA:268,1
DA:270,1
DA:272,1
DA:274,1
DA:279,1
DA:285,1
DA:288,0
DA:289,0
DA:292,0
DA:296,0
DA:297,0
DA:305,0
DA:312,0
DA:315,0
DA:320,0
DA:326,0
DA:331,0
DA:344,1
DA:345,1
DA:347,1
DA:348,0
DA:352,0
DA:355,0
DA:357,1
DA:358,1
DA:364,1
DA:365,0
DA:368,1
DA:369,0
DA:376,1
DA:377,1
DA:382,1
DA:385,1
DA:397,1
DA:398,1
DA:399,1
DA:401,1
DA:402,0
DA:406,0
DA:409,0
DA:413,1
DA:414,0
DA:419,0
DA:422,0
DA:425,1
DA:426,0
DA:429,1
DA:430,1
DA:432,1
DA:433,1
DA:434,0
DA:440,0
DA:443,0
DA:446,1
DA:452,1
DA:453,0
DA:459,0
DA:464,0
DA:467,1
DA:468,1
DA:473,1
DA:478,1
DA:493,1
DA:494,1
DA:495,1
DA:497,1
DA:502,0
DA:506,0
DA:509,0
DA:512,1
DA:513,1
DA:516,1
DA:517,1
DA:518,1
DA:519,1
DA:524,1
DA:525,0
DA:531,0
DA:536,0
DA:539,1
DA:540,1
DA:545,1
DA:550,1
DA:564,1
DA:565,1
DA:567,1
DA:568,0
DA:572,0
DA:575,0
DA:578,1
DA:582,1
DA:583,0
DA:588,0
DA:593,0
DA:595,1
DA:596,1
DA:598,1
DA:599,1
DA:602,1
DA:603,1
DA:609,1
DA:614,1
DA:617,1
DA:618,0
DA:632,0
DA:642,0
DA:643,0
DA:645,0
DA:646,0
DA:650,0
DA:653,0
DA:656,0
DA:659,0
DA:660,0
DA:665,0
DA:670,0
DA:673,0
DA:678,0
DA:683,0
LF:193
LH:108
BRDA:58,0,0,0
BRDA:58,0,1,1
BRDA:73,1,0,0
BRDA:73,1,1,1
BRDA:87,2,0,1
BRDA:87,2,1,0
BRDA:92,3,0,0
BRDA:92,3,1,1
BRDA:147,4,0,0
BRDA:147,4,1,1
BRDA:199,5,0,0
BRDA:199,5,1,1
BRDA:219,6,0,0
BRDA:219,6,1,1
BRDA:258,7,0,0
BRDA:258,7,1,1
BRDA:272,8,0,1
BRDA:272,8,1,0
BRDA:296,9,0,0
BRDA:296,9,1,0
BRDA:347,10,0,0
BRDA:347,10,1,1
BRDA:399,11,0,1
BRDA:401,12,0,0
BRDA:401,12,1,1
BRDA:401,13,0,1
BRDA:401,13,1,1
BRDA:413,14,0,0
BRDA:413,14,1,1
BRDA:425,15,0,0
BRDA:425,15,1,1
BRDA:433,16,0,0
BRDA:433,16,1,1
BRDA:452,17,0,0
BRDA:452,17,1,1
BRDA:467,18,0,1
BRDA:467,18,1,0
BRDA:495,19,0,0
BRDA:497,20,0,0
BRDA:497,20,1,1
BRDA:498,21,0,1
BRDA:498,21,1,1
BRDA:498,21,2,1
BRDA:512,22,0,1
BRDA:512,22,1,0
BRDA:524,23,0,0
BRDA:524,23,1,1
BRDA:539,24,0,1
BRDA:539,24,1,0
BRDA:567,25,0,0
BRDA:567,25,1,1
BRDA:567,26,0,1
BRDA:567,26,1,1
BRDA:582,27,0,0
BRDA:582,27,1,1
BRDA:645,28,0,0
BRDA:645,28,1,0
BRDA:659,29,0,0
BRDA:659,29,1,0
BRF:59
BRH:30
end_of_record
TN:
SF:/Users/gaurangdave/workspace/aarnam-helper-scripts/lib/minio/index.ts
FN:9,(anonymous_0)
FNF:1
FNH:1
FNDA:10,(anonymous_0)
DA:1,1
DA:2,1
DA:3,1
DA:9,1
DA:12,10
DA:13,10
DA:14,3
DA:17,3
DA:20,7
DA:21,0
DA:24,0
DA:27,7
DA:28,0
DA:31,0
DA:34,7
DA:43,1
LF:16
LH:12
BRDA:13,0,0,3
BRDA:13,0,1,7
BRDA:20,1,0,0
BRDA:20,1,1,7
BRDA:27,2,0,0
BRDA:27,2,1,7
BRF:6
BRH:4
end_of_record
TN:
SF:/Users/gaurangdave/workspace/aarnam-helper-scripts/lib/serviceResponse/ServiceResponse.ts
FN:8,(anonymous_0)
FN:20,(anonymous_1)
FN:33,(anonymous_2)
FN:46,(anonymous_3)
FN:62,(anonymous_4)
FN:70,(anonymous_5)
FN:78,(anonymous_6)
FN:86,(anonymous_7)
FN:94,(anonymous_8)
FN:102,(anonymous_9)
FN:110,(anonymous_10)
FN:118,(anonymous_11)
FNF:12
FNH:4
FNDA:8,(anonymous_0)
FNDA:0,(anonymous_1)
FNDA:8,(anonymous_2)
FNDA:0,(anonymous_3)
FNDA:0,(anonymous_4)
FNDA:8,(anonymous_5)
FNDA:0,(anonymous_6)
FNDA:2,(anonymous_7)
FNDA:0,(anonymous_8)
FNDA:0,(anonymous_9)
FNDA:0,(anonymous_10)
FNDA:0,(anonymous_11)
DA:1,1
DA:2,1
DA:14,8
DA:15,8
DA:16,8
DA:17,8
DA:25,0
DA:38,8
DA:51,0
DA:63,0
DA:71,8
DA:79,0
DA:87,2
DA:95,0
DA:103,0
DA:111,0
DA:119,0
LF:17
LH:9
BRDA:9,0,0,0
BRDA:10,1,0,0
BRDA:11,2,0,0
BRDA:12,3,0,0
BRDA:21,4,0,0
BRDA:22,5,0,0
BRDA:23,6,0,0
BRDA:34,7,0,0
BRDA:35,8,0,0
BRDA:36,9,0,3
BRDA:47,10,0,0
BRDA:48,11,0,0
BRDA:49,12,0,0
BRF:13
BRH:1
end_of_record
TN:
SF:/Users/gaurangdave/workspace/aarnam-helper-scripts/lib/validators/array.validator.ts
FN:1,(anonymous_0)
FNF:1
FNH:1
FNDA:1,(anonymous_0)
DA:1,1
DA:2,1
DA:5,1
LF:3
LH:3
BRDA:2,0,0,1
BRDA:2,0,1,1
BRDA:2,0,2,1
BRF:3
BRH:3
end_of_record
TN:
SF:/Users/gaurangdave/workspace/aarnam-helper-scripts/lib/validators/string.validator.ts
FN:1,(anonymous_0)
FNF:1
FNH:1
FNDA:11,(anonymous_0)
DA:1,1
DA:2,11
DA:3,11
DA:6,0
DA:9,1
LF:5
LH:4
BRDA:2,0,0,11
BRDA:2,0,1,0
BRDA:2,1,0,11
BRDA:2,1,1,11
BRF:4
BRH:3
end_of_record
TN:
SF:/Users/gaurangdave/workspace/aarnam-helper-scripts/lib/walker/filters.ts
FN:3,(anonymous_0)
FNF:1
FNH:0
FNDA:0,(anonymous_0)
DA:1,1
DA:3,1
DA:4,0
DA:6,0
DA:7,0
DA:10,0
DA:11,0
DA:12,0
DA:13,0
DA:16,0
DA:20,0
DA:23,0
DA:26,1
LF:13
LH:3
BRDA:4,0,0,0
BRDA:4,1,0,0
BRDA:6,2,0,0
BRDA:6,2,1,0
BRDA:12,3,0,0
BRDA:12,3,1,0
BRDA:12,4,0,0
BRDA:12,4,1,0
BRDA:16,5,0,0
BRDA:16,5,1,0
BRDA:17,6,0,0
BRDA:17,6,1,0
BRF:12
BRH:0
end_of_record
TN:
SF:/Users/gaurangdave/workspace/aarnam-helper-scripts/lib/walker/index.ts
FN:36,(anonymous_0)
FN:40,(anonymous_1)
FN:54,(anonymous_2)
FN:68,(anonymous_3)
FN:82,(anonymous_4)
FN:91,(anonymous_5)
FN:101,(anonymous_6)
FN:108,(anonymous_7)
FN:110,(anonymous_8)
FN:119,(anonymous_9)
FN:121,(anonymous_10)
FNF:11
FNH:0
FNDA:0,(anonymous_0)
FNDA:0,(anonymous_1)
FNDA:0,(anonymous_2)
FNDA:0,(anonymous_3)
FNDA:0,(anonymous_4)
FNDA:0,(anonymous_5)
FNDA:0,(anonymous_6)
FNDA:0,(anonymous_7)
FNDA:0,(anonymous_8)
FNDA:0,(anonymous_9)
FNDA:0,(anonymous_10)
DA:1,1
DA:2,1
DA:3,1
DA:5,1
DA:6,1
DA:7,1
DA:11,1
DA:13,1
DA:28,1
DA:36,1
DA:40,0
DA:42,0
DA:43,0
DA:44,0
DA:47,0
DA:52,0
DA:54,0
DA:59,0
DA:60,0
DA:65,0
DA:68,0
DA:73,0
DA:74,0
DA:79,0
DA:82,0
DA:87,0
DA:88,0
DA:91,0
DA:92,0
DA:101,1
DA:102,0
DA:108,1
DA:109,0
DA:111,0
DA:119,1
DA:120,0
DA:122,0
DA:131,1
LF:38
LH:14
BRDA:37,0,0,0
BRDA:42,1,0,0
BRDA:42,1,1,0
BRDA:59,2,0,0
BRDA:59,2,1,0
BRDA:59,3,0,0
BRDA:59,3,1,0
BRDA:73,4,0,0
BRDA:73,4,1,0
BRDA:73,5,0,0
BRDA:73,5,1,0
BRF:11
BRH:0
end_of_record
TN:
SF:/Users/gaurangdave/workspace/aarnam-helper-scripts/tests/helper/minio/index.js
FN:22,(anonymous_0)
FN:30,(anonymous_1)
FN:31,(anonymous_2)
FN:35,(anonymous_3)
FN:39,(anonymous_4)
FN:50,(anonymous_5)
FN:58,(anonymous_6)
FN:69,(anonymous_7)
FN:70,(anonymous_8)
FN:71,(anonymous_9)
FN:76,(anonymous_10)
FNF:11
FNH:11
FNDA:4,(anonymous_0)
FNDA:1,(anonymous_1)
FNDA:1,(anonymous_2)
FNDA:1,(anonymous_3)
FNDA:1,(anonymous_4)
FNDA:2,(anonymous_5)
FNDA:4,(anonymous_6)
FNDA:2,(anonymous_7)
FNDA:2,(anonymous_8)
FNDA:2,(anonymous_9)
FNDA:7,(anonymous_10)
DA:1,1
DA:2,1
DA:3,1
DA:4,1
DA:7,1
DA:13,1
DA:15,1
DA:22,1
DA:23,4
DA:24,4
DA:26,0
DA:30,1
DA:31,1
DA:32,1
DA:33,1
DA:35,1
DA:36,1
DA:37,0
DA:39,1
DA:40,1
DA:41,0
DA:44,1
DA:50,1
DA:51,2
DA:52,2
DA:54,0
DA:58,1
DA:59,4
DA:60,4
DA:62,1
DA:64,0
DA:69,1
DA:70,2
DA:71,2
DA:72,2
DA:73,0
DA:74,0
DA:76,2
DA:77,7
DA:79,2
DA:85,1
LF:41
LH:34
BRDA:36,0,0,0
BRDA:36,0,1,1
BRDA:40,1,0,0
BRDA:40,1,1,1
BRDA:62,2,0,0
BRDA:62,2,1,1
BRDA:72,3,0,0
BRDA:72,3,1,2
BRF:8
BRH:4
end_of_record
